mode: atomic
github.com/openshift/oc-mirror/v2/pkg/additional/collector.go:37.103,41.29 2 1
github.com/openshift/oc-mirror/v2/pkg/additional/collector.go:41.29,42.82 1 1
github.com/openshift/oc-mirror/v2/pkg/additional/collector.go:42.82,44.18 2 1
github.com/openshift/oc-mirror/v2/pkg/additional/collector.go:44.18,46.5 1 0
github.com/openshift/oc-mirror/v2/pkg/additional/collector.go:47.4,48.67 2 1
github.com/openshift/oc-mirror/v2/pkg/additional/collector.go:48.67,50.19 2 1
github.com/openshift/oc-mirror/v2/pkg/additional/collector.go:50.19,52.6 1 1
github.com/openshift/oc-mirror/v2/pkg/additional/collector.go:53.5,58.92 6 0
github.com/openshift/oc-mirror/v2/pkg/additional/collector.go:59.10,61.5 1 0
github.com/openshift/oc-mirror/v2/pkg/additional/collector.go:65.2,65.29 1 0
github.com/openshift/oc-mirror/v2/pkg/additional/collector.go:65.29,67.15 2 0
github.com/openshift/oc-mirror/v2/pkg/additional/collector.go:67.15,69.4 1 0
github.com/openshift/oc-mirror/v2/pkg/additional/collector.go:70.3,70.59 1 0
github.com/openshift/oc-mirror/v2/pkg/additional/collector.go:70.59,72.86 2 0
github.com/openshift/oc-mirror/v2/pkg/additional/collector.go:72.86,73.53 1 0
github.com/openshift/oc-mirror/v2/pkg/additional/collector.go:73.53,79.6 4 0
github.com/openshift/oc-mirror/v2/pkg/additional/collector.go:80.5,80.15 1 0
github.com/openshift/oc-mirror/v2/pkg/additional/collector.go:83.3,83.15 1 0
github.com/openshift/oc-mirror/v2/pkg/additional/collector.go:83.15,85.4 1 0
github.com/openshift/oc-mirror/v2/pkg/additional/collector.go:87.2,87.23 1 0
github.com/openshift/oc-mirror/v2/pkg/additional/collector.go:91.72,95.20 4 1
github.com/openshift/oc-mirror/v2/pkg/additional/collector.go:95.20,97.3 1 0
github.com/openshift/oc-mirror/v2/pkg/additional/collector.go:98.2,99.37 2 1
github.com/openshift/oc-mirror/v2/pkg/additional/collector.go:99.37,101.3 1 0
github.com/openshift/oc-mirror/v2/pkg/additional/collector.go:102.2,102.37 1 1
github.com/openshift/oc-mirror/v2/pkg/additional/collector.go:102.37,104.3 1 1
github.com/openshift/oc-mirror/v2/pkg/additional/collector.go:105.2,106.17 2 1
github.com/openshift/oc-mirror/v2/pkg/additional/local_stored_collector.go:28.115,32.51 2 0
github.com/openshift/oc-mirror/v2/pkg/additional/local_stored_collector.go:32.51,33.82 1 0
github.com/openshift/oc-mirror/v2/pkg/additional/local_stored_collector.go:33.82,35.18 2 0
github.com/openshift/oc-mirror/v2/pkg/additional/local_stored_collector.go:35.18,38.5 2 0
github.com/openshift/oc-mirror/v2/pkg/additional/local_stored_collector.go:39.4,43.33 4 0
github.com/openshift/oc-mirror/v2/pkg/additional/local_stored_collector.go:43.33,45.5 1 0
github.com/openshift/oc-mirror/v2/pkg/additional/local_stored_collector.go:45.10,47.5 1 0
github.com/openshift/oc-mirror/v2/pkg/additional/local_stored_collector.go:49.4,51.91 3 0
github.com/openshift/oc-mirror/v2/pkg/additional/local_stored_collector.go:56.2,56.29 1 0
github.com/openshift/oc-mirror/v2/pkg/additional/local_stored_collector.go:56.29,57.82 1 0
github.com/openshift/oc-mirror/v2/pkg/additional/local_stored_collector.go:57.82,61.49 3 0
github.com/openshift/oc-mirror/v2/pkg/additional/local_stored_collector.go:61.49,63.19 2 0
github.com/openshift/oc-mirror/v2/pkg/additional/local_stored_collector.go:63.19,66.6 2 0
github.com/openshift/oc-mirror/v2/pkg/additional/local_stored_collector.go:68.5,68.34 1 0
github.com/openshift/oc-mirror/v2/pkg/additional/local_stored_collector.go:68.34,71.6 2 0
github.com/openshift/oc-mirror/v2/pkg/additional/local_stored_collector.go:71.11,74.6 2 0
github.com/openshift/oc-mirror/v2/pkg/additional/local_stored_collector.go:76.10,80.5 3 0
github.com/openshift/oc-mirror/v2/pkg/additional/local_stored_collector.go:82.4,82.31 1 0
github.com/openshift/oc-mirror/v2/pkg/additional/local_stored_collector.go:82.31,84.5 1 0
github.com/openshift/oc-mirror/v2/pkg/additional/local_stored_collector.go:86.4,88.109 3 0
github.com/openshift/oc-mirror/v2/pkg/additional/local_stored_collector.go:91.2,91.23 1 0
github.com/openshift/oc-mirror/v2/pkg/additional/new.go:16.22,17.28 1 0
github.com/openshift/oc-mirror/v2/pkg/additional/new.go:17.28,19.3 1 0
github.com/openshift/oc-mirror/v2/pkg/additional/new.go:19.8,21.3 1 0
github.com/openshift/oc-mirror/v2/pkg/batch/worker.go:31.18,33.2 1 1
github.com/openshift/oc-mirror/v2/pkg/batch/worker.go:52.111,60.23 6 1
github.com/openshift/oc-mirror/v2/pkg/batch/worker.go:60.23,62.3 1 1
github.com/openshift/oc-mirror/v2/pkg/batch/worker.go:62.8,64.3 1 0
github.com/openshift/oc-mirror/v2/pkg/batch/worker.go:66.2,76.31 8 1
github.com/openshift/oc-mirror/v2/pkg/batch/worker.go:76.31,79.17 2 1
github.com/openshift/oc-mirror/v2/pkg/batch/worker.go:79.17,81.4 1 1
github.com/openshift/oc-mirror/v2/pkg/batch/worker.go:82.3,84.36 3 1
github.com/openshift/oc-mirror/v2/pkg/batch/worker.go:84.36,89.98 5 6
github.com/openshift/oc-mirror/v2/pkg/batch/worker.go:89.98,92.19 3 6
github.com/openshift/oc-mirror/v2/pkg/batch/worker.go:92.19,94.6 1 0
github.com/openshift/oc-mirror/v2/pkg/batch/worker.go:97.3,99.23 2 1
github.com/openshift/oc-mirror/v2/pkg/batch/worker.go:99.23,101.4 1 1
github.com/openshift/oc-mirror/v2/pkg/batch/worker.go:102.3,103.18 2 1
github.com/openshift/oc-mirror/v2/pkg/batch/worker.go:103.18,105.4 1 0
github.com/openshift/oc-mirror/v2/pkg/batch/worker.go:106.3,106.24 1 1
github.com/openshift/oc-mirror/v2/pkg/batch/worker.go:106.24,107.33 1 0
github.com/openshift/oc-mirror/v2/pkg/batch/worker.go:107.33,109.5 1 0
github.com/openshift/oc-mirror/v2/pkg/batch/worker.go:110.4,110.72 1 0
github.com/openshift/oc-mirror/v2/pkg/batch/worker.go:113.2,113.21 1 1
github.com/openshift/oc-mirror/v2/pkg/batch/worker.go:113.21,118.17 4 0
github.com/openshift/oc-mirror/v2/pkg/batch/worker.go:118.17,120.4 1 0
github.com/openshift/oc-mirror/v2/pkg/batch/worker.go:122.3,122.25 1 0
github.com/openshift/oc-mirror/v2/pkg/batch/worker.go:122.25,124.4 1 0
github.com/openshift/oc-mirror/v2/pkg/batch/worker.go:125.3,125.60 1 0
github.com/openshift/oc-mirror/v2/pkg/batch/worker.go:127.2,127.12 1 1
github.com/openshift/oc-mirror/v2/pkg/batch/worker.go:131.60,133.24 2 0
github.com/openshift/oc-mirror/v2/pkg/batch/worker.go:133.24,134.43 1 0
github.com/openshift/oc-mirror/v2/pkg/batch/worker.go:134.43,138.28 4 0
github.com/openshift/oc-mirror/v2/pkg/batch/worker.go:138.28,139.19 1 0
github.com/openshift/oc-mirror/v2/pkg/batch/worker.go:139.19,142.6 1 0
github.com/openshift/oc-mirror/v2/pkg/archive/archive.go:33.159,38.16 4 2
github.com/openshift/oc-mirror/v2/pkg/archive/archive.go:38.16,40.3 1 0
github.com/openshift/oc-mirror/v2/pkg/archive/archive.go:41.2,45.16 3 2
github.com/openshift/oc-mirror/v2/pkg/archive/archive.go:45.16,47.3 1 0
github.com/openshift/oc-mirror/v2/pkg/archive/archive.go:50.2,51.16 2 2
github.com/openshift/oc-mirror/v2/pkg/archive/archive.go:51.16,53.3 1 0
github.com/openshift/oc-mirror/v2/pkg/archive/archive.go:57.2,71.16 4 2
github.com/openshift/oc-mirror/v2/pkg/archive/archive.go:79.118,84.16 3 1
github.com/openshift/oc-mirror/v2/pkg/archive/archive.go:84.16,86.3 1 0
github.com/openshift/oc-mirror/v2/pkg/archive/archive.go:88.2,89.16 2 1
github.com/openshift/oc-mirror/v2/pkg/archive/archive.go:89.16,91.3 1 0
github.com/openshift/oc-mirror/v2/pkg/archive/archive.go:93.2,95.16 3 1
github.com/openshift/oc-mirror/v2/pkg/archive/archive.go:95.16,97.3 1 0
github.com/openshift/oc-mirror/v2/pkg/archive/archive.go:99.2,100.65 2 1
github.com/openshift/oc-mirror/v2/pkg/archive/archive.go:100.65,102.3 1 0
github.com/openshift/oc-mirror/v2/pkg/archive/archive.go:105.2,106.16 2 1
github.com/openshift/oc-mirror/v2/pkg/archive/archive.go:106.16,108.3 1 0
github.com/openshift/oc-mirror/v2/pkg/archive/archive.go:110.2,111.16 2 1
github.com/openshift/oc-mirror/v2/pkg/archive/archive.go:111.16,113.3 1 0
github.com/openshift/oc-mirror/v2/pkg/archive/archive.go:114.2,116.34 3 1
github.com/openshift/oc-mirror/v2/pkg/archive/archive.go:119.179,121.38 2 1
github.com/openshift/oc-mirror/v2/pkg/archive/archive.go:121.38,123.17 2 1
github.com/openshift/oc-mirror/v2/pkg/archive/archive.go:123.17,125.4 1 0
github.com/openshift/oc-mirror/v2/pkg/archive/archive.go:127.3,128.17 2 1
github.com/openshift/oc-mirror/v2/pkg/archive/archive.go:128.17,130.4 1 0
github.com/openshift/oc-mirror/v2/pkg/archive/archive.go:132.3,132.39 1 1
github.com/openshift/oc-mirror/v2/pkg/archive/archive.go:132.39,134.4 1 7
github.com/openshift/oc-mirror/v2/pkg/archive/archive.go:138.2,138.27 1 1
github.com/openshift/oc-mirror/v2/pkg/archive/archive.go:141.112,143.35 2 2
github.com/openshift/oc-mirror/v2/pkg/archive/archive.go:143.35,144.47 1 24
github.com/openshift/oc-mirror/v2/pkg/archive/archive.go:144.47,149.18 2 14
github.com/openshift/oc-mirror/v2/pkg/archive/archive.go:149.18,151.5 1 0
github.com/openshift/oc-mirror/v2/pkg/archive/archive.go:152.4,154.18 3 14
github.com/openshift/oc-mirror/v2/pkg/archive/archive.go:154.18,156.5 1 0
github.com/openshift/oc-mirror/v2/pkg/archive/archive.go:157.4,157.26 1 14
github.com/openshift/oc-mirror/v2/pkg/archive/archive.go:160.2,160.25 1 2
github.com/openshift/oc-mirror/v2/pkg/archive/archive.go:163.75,165.16 2 1
github.com/openshift/oc-mirror/v2/pkg/archive/archive.go:165.16,167.3 1 0
github.com/openshift/oc-mirror/v2/pkg/archive/archive.go:168.2,169.16 2 1
github.com/openshift/oc-mirror/v2/pkg/archive/archive.go:169.16,171.3 1 0
github.com/openshift/oc-mirror/v2/pkg/archive/archive.go:172.2,174.56 2 1
github.com/openshift/oc-mirror/v2/pkg/archive/archive.go:174.56,176.3 1 0
github.com/openshift/oc-mirror/v2/pkg/archive/archive.go:178.2,179.16 2 1
github.com/openshift/oc-mirror/v2/pkg/archive/archive.go:179.16,181.3 1 0
github.com/openshift/oc-mirror/v2/pkg/archive/archive.go:182.2,185.54 2 1
github.com/openshift/oc-mirror/v2/pkg/archive/archive.go:185.54,187.3 1 0
github.com/openshift/oc-mirror/v2/pkg/archive/archive.go:188.2,188.12 1 1
github.com/openshift/oc-mirror/v2/pkg/archive/archive.go:190.82,191.99 1 16
github.com/openshift/oc-mirror/v2/pkg/archive/archive.go:191.99,192.27 1 85
github.com/openshift/oc-mirror/v2/pkg/archive/archive.go:192.27,194.4 1 0
github.com/openshift/oc-mirror/v2/pkg/archive/archive.go:195.3,195.19 1 85
github.com/openshift/oc-mirror/v2/pkg/archive/archive.go:195.19,197.4 1 51
github.com/openshift/oc-mirror/v2/pkg/archive/archive.go:199.3,200.17 2 34
github.com/openshift/oc-mirror/v2/pkg/archive/archive.go:200.17,202.4 1 0
github.com/openshift/oc-mirror/v2/pkg/archive/archive.go:208.3,209.17 2 34
github.com/openshift/oc-mirror/v2/pkg/archive/archive.go:209.17,211.4 1 0
github.com/openshift/oc-mirror/v2/pkg/archive/archive.go:214.3,214.57 1 34
github.com/openshift/oc-mirror/v2/pkg/archive/archive.go:214.57,216.4 1 0
github.com/openshift/oc-mirror/v2/pkg/archive/archive.go:219.3,220.17 2 34
github.com/openshift/oc-mirror/v2/pkg/archive/archive.go:220.17,222.4 1 0
github.com/openshift/oc-mirror/v2/pkg/archive/archive.go:223.3,226.55 2 34
github.com/openshift/oc-mirror/v2/pkg/archive/archive.go:226.55,228.4 1 0
github.com/openshift/oc-mirror/v2/pkg/archive/archive.go:230.3,230.13 1 34
github.com/openshift/oc-mirror/v2/pkg/archive/archive.go:234.38,239.17 3 2
github.com/openshift/oc-mirror/v2/pkg/archive/archive.go:239.17,241.3 1 0
github.com/openshift/oc-mirror/v2/pkg/archive/archive.go:242.2,242.17 1 2
github.com/openshift/oc-mirror/v2/pkg/archive/archive.go:242.17,244.3 1 1
github.com/openshift/oc-mirror/v2/pkg/archive/archive.go:245.2,245.12 1 1
github.com/openshift/oc-mirror/v2/pkg/archive/image-blob-gatherer.go:18.67,22.2 1 3
github.com/openshift/oc-mirror/v2/pkg/archive/image-blob-gatherer.go:23.117,29.79 4 1
github.com/openshift/oc-mirror/v2/pkg/archive/image-blob-gatherer.go:29.79,31.3 1 0
github.com/openshift/oc-mirror/v2/pkg/archive/image-blob-gatherer.go:38.2,39.16 2 1
github.com/openshift/oc-mirror/v2/pkg/archive/image-blob-gatherer.go:39.16,41.3 1 0
github.com/openshift/oc-mirror/v2/pkg/archive/image-blob-gatherer.go:42.2,43.16 2 1
github.com/openshift/oc-mirror/v2/pkg/archive/image-blob-gatherer.go:43.16,45.3 1 0
github.com/openshift/oc-mirror/v2/pkg/archive/image-blob-gatherer.go:47.2,48.16 2 1
github.com/openshift/oc-mirror/v2/pkg/archive/image-blob-gatherer.go:48.16,50.3 1 0
github.com/openshift/oc-mirror/v2/pkg/archive/image-blob-gatherer.go:52.2,53.16 2 1
github.com/openshift/oc-mirror/v2/pkg/archive/image-blob-gatherer.go:53.16,55.3 1 0
github.com/openshift/oc-mirror/v2/pkg/archive/image-blob-gatherer.go:57.2,58.16 2 1
github.com/openshift/oc-mirror/v2/pkg/archive/image-blob-gatherer.go:58.16,60.3 1 0
github.com/openshift/oc-mirror/v2/pkg/archive/image-blob-gatherer.go:61.2,63.41 2 1
github.com/openshift/oc-mirror/v2/pkg/archive/image-blob-gatherer.go:63.41,65.17 2 0
github.com/openshift/oc-mirror/v2/pkg/archive/image-blob-gatherer.go:65.17,67.4 1 0
github.com/openshift/oc-mirror/v2/pkg/archive/image-blob-gatherer.go:68.3,69.36 2 0
github.com/openshift/oc-mirror/v2/pkg/archive/image-blob-gatherer.go:69.36,72.18 3 0
github.com/openshift/oc-mirror/v2/pkg/archive/image-blob-gatherer.go:72.18,74.5 1 0
github.com/openshift/oc-mirror/v2/pkg/archive/image-blob-gatherer.go:75.4,76.18 2 0
github.com/openshift/oc-mirror/v2/pkg/archive/image-blob-gatherer.go:76.18,78.5 1 0
github.com/openshift/oc-mirror/v2/pkg/archive/image-blob-gatherer.go:79.4,79.43 1 0
github.com/openshift/oc-mirror/v2/pkg/archive/image-blob-gatherer.go:79.43,81.5 1 0
github.com/openshift/oc-mirror/v2/pkg/archive/image-blob-gatherer.go:82.4,82.18 1 0
github.com/openshift/oc-mirror/v2/pkg/archive/image-blob-gatherer.go:82.18,84.5 1 0
github.com/openshift/oc-mirror/v2/pkg/archive/image-blob-gatherer.go:86.8,89.17 2 1
github.com/openshift/oc-mirror/v2/pkg/archive/image-blob-gatherer.go:89.17,91.4 1 0
github.com/openshift/oc-mirror/v2/pkg/archive/image-blob-gatherer.go:92.3,92.40 1 1
github.com/openshift/oc-mirror/v2/pkg/archive/image-blob-gatherer.go:92.40,94.4 1 2
github.com/openshift/oc-mirror/v2/pkg/archive/image-blob-gatherer.go:96.2,96.19 1 1
github.com/openshift/oc-mirror/v2/pkg/archive/image-blob-gatherer.go:99.105,102.16 3 1
github.com/openshift/oc-mirror/v2/pkg/archive/image-blob-gatherer.go:102.16,104.3 1 0
github.com/openshift/oc-mirror/v2/pkg/archive/image-blob-gatherer.go:105.2,105.56 1 1
github.com/openshift/oc-mirror/v2/pkg/archive/image-blob-gatherer.go:105.56,107.3 1 1
github.com/openshift/oc-mirror/v2/pkg/archive/image-blob-gatherer.go:108.2,109.19 2 1
github.com/openshift/oc-mirror/v2/pkg/archive/unarchive.go:21.94,30.16 6 1
github.com/openshift/oc-mirror/v2/pkg/archive/unarchive.go:30.16,31.25 1 0
github.com/openshift/oc-mirror/v2/pkg/archive/unarchive.go:31.25,33.4 1 0
github.com/openshift/oc-mirror/v2/pkg/archive/unarchive.go:33.9,35.4 1 0
github.com/openshift/oc-mirror/v2/pkg/archive/unarchive.go:39.2,45.16 2 1
github.com/openshift/oc-mirror/v2/pkg/archive/unarchive.go:48.41,50.2 1 0
github.com/openshift/oc-mirror/v2/pkg/archive/unarchive.go:55.45,56.27 1 1
github.com/openshift/oc-mirror/v2/pkg/archive/unarchive.go:56.27,60.17 3 1
github.com/openshift/oc-mirror/v2/pkg/archive/unarchive.go:60.17,62.4 1 0
github.com/openshift/oc-mirror/v2/pkg/archive/unarchive.go:64.3,65.17 2 1
github.com/openshift/oc-mirror/v2/pkg/archive/unarchive.go:65.17,67.4 1 0
github.com/openshift/oc-mirror/v2/pkg/archive/unarchive.go:68.3,68.7 1 1
github.com/openshift/oc-mirror/v2/pkg/archive/unarchive.go:68.7,72.30 2 33
github.com/openshift/oc-mirror/v2/pkg/archive/unarchive.go:72.30,73.10 1 1
github.com/openshift/oc-mirror/v2/pkg/archive/unarchive.go:76.4,76.18 1 32
github.com/openshift/oc-mirror/v2/pkg/archive/unarchive.go:76.18,78.5 1 0
github.com/openshift/oc-mirror/v2/pkg/archive/unarchive.go:80.4,80.21 1 32
github.com/openshift/oc-mirror/v2/pkg/archive/unarchive.go:80.21,81.13 1 0
github.com/openshift/oc-mirror/v2/pkg/archive/unarchive.go:87.4,87.38 1 32
github.com/openshift/oc-mirror/v2/pkg/archive/unarchive.go:87.38,90.56 2 32
github.com/openshift/oc-mirror/v2/pkg/archive/unarchive.go:90.56,93.6 2 3
github.com/openshift/oc-mirror/v2/pkg/archive/unarchive.go:93.11,93.62 1 29
github.com/openshift/oc-mirror/v2/pkg/archive/unarchive.go:93.62,96.6 1 29
github.com/openshift/oc-mirror/v2/pkg/archive/unarchive.go:96.11,101.14 1 0
github.com/openshift/oc-mirror/v2/pkg/archive/unarchive.go:104.5,105.63 2 32
github.com/openshift/oc-mirror/v2/pkg/archive/unarchive.go:105.63,107.6 1 0
github.com/openshift/oc-mirror/v2/pkg/archive/unarchive.go:110.5,111.19 2 32
github.com/openshift/oc-mirror/v2/pkg/archive/unarchive.go:111.19,113.6 1 0
github.com/openshift/oc-mirror/v2/pkg/archive/unarchive.go:115.5,115.49 1 32
github.com/openshift/oc-mirror/v2/pkg/archive/unarchive.go:115.49,117.6 1 0
github.com/openshift/oc-mirror/v2/pkg/archive/unarchive.go:121.5,121.14 1 32
github.com/openshift/oc-mirror/v2/pkg/archive/unarchive.go:125.3,125.13 1 1
github.com/openshift/oc-mirror/v2/pkg/archive/unarchive.go:127.2,127.12 1 0
github.com/openshift/oc-mirror/v2/pkg/log/logger.go:26.49,28.2 1 1
github.com/openshift/oc-mirror/v2/pkg/log/logger.go:31.65,33.2 1 1
github.com/openshift/oc-mirror/v2/pkg/log/logger.go:36.64,38.2 1 1
github.com/openshift/oc-mirror/v2/pkg/log/logger.go:41.65,43.2 1 1
github.com/openshift/oc-mirror/v2/pkg/log/logger.go:46.65,48.2 1 1
github.com/openshift/oc-mirror/v2/pkg/log/logger.go:51.64,53.2 1 1
github.com/openshift/oc-mirror/v2/pkg/log/logger.go:56.47,58.2 1 0
github.com/openshift/oc-mirror/v2/pkg/image/image.go:46.49,48.37 2 14
github.com/openshift/oc-mirror/v2/pkg/image/image.go:48.37,51.25 3 8
github.com/openshift/oc-mirror/v2/pkg/image/image.go:51.25,55.4 3 8
github.com/openshift/oc-mirror/v2/pkg/image/image.go:56.8,61.3 4 6
github.com/openshift/oc-mirror/v2/pkg/image/image.go:62.2,62.41 1 14
github.com/openshift/oc-mirror/v2/pkg/image/image.go:62.41,64.24 2 5
github.com/openshift/oc-mirror/v2/pkg/image/image.go:64.24,66.18 2 5
github.com/openshift/oc-mirror/v2/pkg/image/image.go:66.18,68.5 1 0
github.com/openshift/oc-mirror/v2/pkg/image/image.go:69.4,71.30 3 5
github.com/openshift/oc-mirror/v2/pkg/image/image.go:73.8,73.48 1 9
github.com/openshift/oc-mirror/v2/pkg/image/image.go:73.48,77.3 3 6
github.com/openshift/oc-mirror/v2/pkg/image/image.go:79.2,79.24 1 14
github.com/openshift/oc-mirror/v2/pkg/image/image.go:79.24,81.3 1 0
github.com/openshift/oc-mirror/v2/pkg/image/image.go:82.2,82.83 1 14
github.com/openshift/oc-mirror/v2/pkg/image/image.go:82.83,84.3 1 1
github.com/openshift/oc-mirror/v2/pkg/image/image.go:86.2,86.38 1 13
github.com/openshift/oc-mirror/v2/pkg/image/image.go:86.38,88.35 2 11
github.com/openshift/oc-mirror/v2/pkg/image/image.go:88.35,91.4 2 10
github.com/openshift/oc-mirror/v2/pkg/image/image.go:91.9,91.43 1 1
github.com/openshift/oc-mirror/v2/pkg/image/image.go:91.43,93.4 1 1
github.com/openshift/oc-mirror/v2/pkg/image/image.go:93.9,95.4 1 0
github.com/openshift/oc-mirror/v2/pkg/image/image.go:96.8,98.3 1 2
github.com/openshift/oc-mirror/v2/pkg/image/image.go:100.2,100.21 1 13
github.com/openshift/oc-mirror/v2/pkg/image/image.go:106.43,108.2 1 2
github.com/openshift/oc-mirror/v2/pkg/history/error.go:11.44,13.2 1 1
github.com/openshift/oc-mirror/v2/pkg/history/error.go:15.69,19.2 1 2
github.com/openshift/oc-mirror/v2/pkg/history/error.go:21.48,24.2 2 3
github.com/openshift/oc-mirror/v2/pkg/history/history.go:26.132,27.17 1 7
github.com/openshift/oc-mirror/v2/pkg/history/history.go:27.17,29.3 1 0
github.com/openshift/oc-mirror/v2/pkg/history/history.go:29.8,31.3 1 7
github.com/openshift/oc-mirror/v2/pkg/history/history.go:32.2,35.16 3 7
github.com/openshift/oc-mirror/v2/pkg/history/history.go:35.16,37.3 1 0
github.com/openshift/oc-mirror/v2/pkg/history/history.go:38.2,42.8 1 7
github.com/openshift/oc-mirror/v2/pkg/history/history.go:45.52,50.42 3 6
github.com/openshift/oc-mirror/v2/pkg/history/history.go:50.42,52.3 1 2
github.com/openshift/oc-mirror/v2/pkg/history/history.go:52.8,52.23 1 4
github.com/openshift/oc-mirror/v2/pkg/history/history.go:52.23,54.3 1 0
github.com/openshift/oc-mirror/v2/pkg/history/history.go:56.2,57.16 2 4
github.com/openshift/oc-mirror/v2/pkg/history/history.go:57.16,60.3 2 0
github.com/openshift/oc-mirror/v2/pkg/history/history.go:61.2,65.21 3 4
github.com/openshift/oc-mirror/v2/pkg/history/history.go:65.21,68.3 2 10
github.com/openshift/oc-mirror/v2/pkg/history/history.go:70.2,70.38 1 4
github.com/openshift/oc-mirror/v2/pkg/history/history.go:70.38,73.3 2 0
github.com/openshift/oc-mirror/v2/pkg/history/history.go:75.2,75.24 1 4
github.com/openshift/oc-mirror/v2/pkg/history/history.go:78.67,81.16 3 6
github.com/openshift/oc-mirror/v2/pkg/history/history.go:81.16,84.3 2 0
github.com/openshift/oc-mirror/v2/pkg/history/history.go:86.2,89.43 3 6
github.com/openshift/oc-mirror/v2/pkg/history/history.go:89.43,90.33 1 8
github.com/openshift/oc-mirror/v2/pkg/history/history.go:90.33,92.18 2 8
github.com/openshift/oc-mirror/v2/pkg/history/history.go:92.18,94.5 1 0
github.com/openshift/oc-mirror/v2/pkg/history/history.go:96.4,96.24 1 8
github.com/openshift/oc-mirror/v2/pkg/history/history.go:96.24,97.62 1 4
github.com/openshift/oc-mirror/v2/pkg/history/history.go:97.62,100.6 2 2
github.com/openshift/oc-mirror/v2/pkg/history/history.go:101.10,102.35 1 4
github.com/openshift/oc-mirror/v2/pkg/history/history.go:102.35,105.6 2 4
github.com/openshift/oc-mirror/v2/pkg/history/history.go:109.2,109.23 1 6
github.com/openshift/oc-mirror/v2/pkg/history/history.go:109.23,111.3 1 4
github.com/openshift/oc-mirror/v2/pkg/history/history.go:111.8,113.3 1 2
github.com/openshift/oc-mirror/v2/pkg/history/history.go:114.2,114.29 1 4
github.com/openshift/oc-mirror/v2/pkg/history/history.go:117.50,119.2 1 8
github.com/openshift/oc-mirror/v2/pkg/history/history.go:121.62,124.16 3 8
github.com/openshift/oc-mirror/v2/pkg/history/history.go:124.16,127.3 2 0
github.com/openshift/oc-mirror/v2/pkg/history/history.go:128.2,128.22 1 8
github.com/openshift/oc-mirror/v2/pkg/history/history.go:131.85,136.57 3 3
github.com/openshift/oc-mirror/v2/pkg/history/history.go:136.57,138.3 1 0
github.com/openshift/oc-mirror/v2/pkg/history/history.go:140.2,140.34 1 3
github.com/openshift/oc-mirror/v2/pkg/history/history.go:140.34,142.3 1 3
github.com/openshift/oc-mirror/v2/pkg/history/history.go:144.2,145.16 2 3
github.com/openshift/oc-mirror/v2/pkg/history/history.go:145.16,147.3 1 0
github.com/openshift/oc-mirror/v2/pkg/history/history.go:148.2,152.33 3 3
github.com/openshift/oc-mirror/v2/pkg/history/history.go:152.33,154.17 2 8
github.com/openshift/oc-mirror/v2/pkg/history/history.go:154.17,157.4 2 0
github.com/openshift/oc-mirror/v2/pkg/history/history.go:160.2,161.16 2 3
github.com/openshift/oc-mirror/v2/pkg/history/history.go:161.16,164.3 2 0
github.com/openshift/oc-mirror/v2/pkg/history/history.go:166.2,166.26 1 3
github.com/openshift/oc-mirror/v2/pkg/history/history.go:170.39,172.2 1 3
github.com/openshift/oc-mirror/v2/pkg/history/history.go:174.70,176.16 2 0
github.com/openshift/oc-mirror/v2/pkg/history/history.go:176.16,178.3 1 0
github.com/openshift/oc-mirror/v2/pkg/history/history.go:179.2,179.18 1 0
github.com/openshift/oc-mirror/v2/pkg/config/defaults.go:9.52,11.2 1 2
github.com/openshift/oc-mirror/v2/pkg/config/defaults.go:13.72,14.91 1 2
github.com/openshift/oc-mirror/v2/pkg/config/defaults.go:14.91,16.3 1 1
github.com/openshift/oc-mirror/v2/pkg/config/load.go:22.82,25.16 2 1
github.com/openshift/oc-mirror/v2/pkg/config/load.go:25.16,27.3 1 0
github.com/openshift/oc-mirror/v2/pkg/config/load.go:28.2,30.16 2 1
github.com/openshift/oc-mirror/v2/pkg/config/load.go:30.16,32.3 1 0
github.com/openshift/oc-mirror/v2/pkg/config/load.go:34.2,34.37 1 1
github.com/openshift/oc-mirror/v2/pkg/config/load.go:35.74,37.17 2 1
github.com/openshift/oc-mirror/v2/pkg/config/load.go:37.17,39.4 1 0
github.com/openshift/oc-mirror/v2/pkg/config/load.go:40.10,41.85 1 0
github.com/openshift/oc-mirror/v2/pkg/config/load.go:44.2,46.24 2 1
github.com/openshift/oc-mirror/v2/pkg/config/load.go:50.76,54.51 2 5
github.com/openshift/oc-mirror/v2/pkg/config/load.go:54.51,56.3 1 0
github.com/openshift/oc-mirror/v2/pkg/config/load.go:58.2,60.39 3 5
github.com/openshift/oc-mirror/v2/pkg/config/load.go:60.39,62.3 1 1
github.com/openshift/oc-mirror/v2/pkg/config/load.go:64.2,66.15 2 4
github.com/openshift/oc-mirror/v2/pkg/config/load.go:70.65,76.39 4 2
github.com/openshift/oc-mirror/v2/pkg/config/load.go:76.39,78.3 1 1
github.com/openshift/oc-mirror/v2/pkg/config/load.go:80.2,82.15 2 1
github.com/openshift/oc-mirror/v2/pkg/config/load.go:85.69,86.56 1 1
github.com/openshift/oc-mirror/v2/pkg/config/load.go:86.56,88.3 1 0
github.com/openshift/oc-mirror/v2/pkg/config/load.go:89.2,89.22 1 1
github.com/openshift/oc-mirror/v2/pkg/config/validate.go:16.58,18.41 2 7
github.com/openshift/oc-mirror/v2/pkg/config/validate.go:18.41,19.36 1 14
github.com/openshift/oc-mirror/v2/pkg/config/validate.go:19.36,21.4 1 3
github.com/openshift/oc-mirror/v2/pkg/config/validate.go:23.2,23.38 1 7
github.com/openshift/oc-mirror/v2/pkg/config/validate.go:26.73,28.44 2 7
github.com/openshift/oc-mirror/v2/pkg/config/validate.go:28.44,30.17 2 9
github.com/openshift/oc-mirror/v2/pkg/config/validate.go:30.17,32.4 1 0
github.com/openshift/oc-mirror/v2/pkg/config/validate.go:33.3,33.21 1 9
github.com/openshift/oc-mirror/v2/pkg/config/validate.go:33.21,37.4 1 2
github.com/openshift/oc-mirror/v2/pkg/config/validate.go:38.3,38.24 1 7
github.com/openshift/oc-mirror/v2/pkg/config/validate.go:40.2,40.12 1 5
github.com/openshift/oc-mirror/v2/pkg/config/validate.go:43.73,45.55 2 7
github.com/openshift/oc-mirror/v2/pkg/config/validate.go:45.55,46.25 1 5
github.com/openshift/oc-mirror/v2/pkg/config/validate.go:46.25,50.4 1 1
github.com/openshift/oc-mirror/v2/pkg/config/validate.go:51.3,51.28 1 4
github.com/openshift/oc-mirror/v2/pkg/config/validate.go:53.2,53.12 1 6
github.com/openshift/oc-mirror/v2/pkg/clusterresources/clusterresources.go:28.22,30.2 1 0
github.com/openshift/oc-mirror/v2/pkg/clusterresources/clusterresources.go:38.148,62.16 5 1
github.com/openshift/oc-mirror/v2/pkg/clusterresources/clusterresources.go:62.16,64.3 1 0
github.com/openshift/oc-mirror/v2/pkg/clusterresources/clusterresources.go:66.2,66.42 1 1
github.com/openshift/oc-mirror/v2/pkg/clusterresources/clusterresources.go:66.42,72.3 2 1
github.com/openshift/oc-mirror/v2/pkg/clusterresources/clusterresources.go:75.2,76.16 2 1
github.com/openshift/oc-mirror/v2/pkg/clusterresources/clusterresources.go:76.16,78.3 1 0
github.com/openshift/oc-mirror/v2/pkg/clusterresources/clusterresources.go:81.2,81.69 1 1
github.com/openshift/oc-mirror/v2/pkg/clusterresources/clusterresources.go:81.69,84.17 3 1
github.com/openshift/oc-mirror/v2/pkg/clusterresources/clusterresources.go:84.17,86.4 1 0
github.com/openshift/oc-mirror/v2/pkg/clusterresources/clusterresources.go:87.3,87.59 1 1
github.com/openshift/oc-mirror/v2/pkg/clusterresources/clusterresources.go:89.2,90.16 2 1
github.com/openshift/oc-mirror/v2/pkg/clusterresources/clusterresources.go:90.16,92.3 1 0
github.com/openshift/oc-mirror/v2/pkg/clusterresources/clusterresources.go:93.2,98.12 4 1
github.com/openshift/oc-mirror/v2/pkg/clusterresources/clusterresources.go:101.113,104.48 2 2
github.com/openshift/oc-mirror/v2/pkg/clusterresources/clusterresources.go:104.48,105.32 1 12
github.com/openshift/oc-mirror/v2/pkg/clusterresources/clusterresources.go:105.32,107.4 1 0
github.com/openshift/oc-mirror/v2/pkg/clusterresources/clusterresources.go:110.3,112.35 3 12
github.com/openshift/oc-mirror/v2/pkg/clusterresources/clusterresources.go:112.35,114.4 1 0
github.com/openshift/oc-mirror/v2/pkg/clusterresources/clusterresources.go:115.3,122.36 5 12
github.com/openshift/oc-mirror/v2/pkg/clusterresources/clusterresources.go:122.36,124.4 1 0
github.com/openshift/oc-mirror/v2/pkg/clusterresources/clusterresources.go:125.3,129.28 3 12
github.com/openshift/oc-mirror/v2/pkg/clusterresources/clusterresources.go:129.28,131.4 1 2
github.com/openshift/oc-mirror/v2/pkg/clusterresources/clusterresources.go:131.9,133.37 2 10
github.com/openshift/oc-mirror/v2/pkg/clusterresources/clusterresources.go:133.37,134.40 1 10
github.com/openshift/oc-mirror/v2/pkg/clusterresources/clusterresources.go:134.40,136.11 2 10
github.com/openshift/oc-mirror/v2/pkg/clusterresources/clusterresources.go:139.4,139.21 1 10
github.com/openshift/oc-mirror/v2/pkg/clusterresources/clusterresources.go:139.21,141.5 1 0
github.com/openshift/oc-mirror/v2/pkg/clusterresources/clusterresources.go:144.2,144.21 1 2
github.com/openshift/oc-mirror/v2/pkg/cli/error.go:9.54,11.2 1 1
github.com/openshift/oc-mirror/v2/pkg/cli/error.go:13.89,17.2 1 1
github.com/openshift/oc-mirror/v2/pkg/cli/error.go:19.58,22.2 2 0
github.com/openshift/oc-mirror/v2/pkg/cli/executor.go:101.69,137.48 9 2
github.com/openshift/oc-mirror/v2/pkg/cli/executor.go:137.48,139.18 2 0
github.com/openshift/oc-mirror/v2/pkg/cli/executor.go:139.18,142.5 2 0
github.com/openshift/oc-mirror/v2/pkg/cli/executor.go:143.4,144.18 2 0
github.com/openshift/oc-mirror/v2/pkg/cli/executor.go:144.18,147.5 2 0
github.com/openshift/oc-mirror/v2/pkg/cli/executor.go:149.4,150.18 2 0
github.com/openshift/oc-mirror/v2/pkg/cli/executor.go:150.18,153.5 2 0
github.com/openshift/oc-mirror/v2/pkg/cli/executor.go:155.4,156.18 2 0
github.com/openshift/oc-mirror/v2/pkg/cli/executor.go:156.18,159.5 2 0
github.com/openshift/oc-mirror/v2/pkg/cli/executor.go:162.2,179.12 17 2
github.com/openshift/oc-mirror/v2/pkg/cli/executor.go:183.55,184.40 1 2
github.com/openshift/oc-mirror/v2/pkg/cli/executor.go:184.40,186.3 1 0
github.com/openshift/oc-mirror/v2/pkg/cli/executor.go:187.2,187.75 1 2
github.com/openshift/oc-mirror/v2/pkg/cli/executor.go:187.75,189.3 1 0
github.com/openshift/oc-mirror/v2/pkg/cli/executor.go:190.2,190.73 1 2
github.com/openshift/oc-mirror/v2/pkg/cli/executor.go:190.73,192.3 1 0
github.com/openshift/oc-mirror/v2/pkg/cli/executor.go:193.2,193.88 1 2
github.com/openshift/oc-mirror/v2/pkg/cli/executor.go:193.88,195.3 1 0
github.com/openshift/oc-mirror/v2/pkg/cli/executor.go:196.2,196.90 1 2
github.com/openshift/oc-mirror/v2/pkg/cli/executor.go:196.90,198.3 1 1
github.com/openshift/oc-mirror/v2/pkg/cli/executor.go:198.8,200.3 1 1
github.com/openshift/oc-mirror/v2/pkg/cli/executor.go:203.56,210.16 3 0
github.com/openshift/oc-mirror/v2/pkg/cli/executor.go:210.16,213.3 2 0
github.com/openshift/oc-mirror/v2/pkg/cli/executor.go:216.2,245.55 2 0
github.com/openshift/oc-mirror/v2/pkg/cli/executor.go:245.55,248.3 1 0
github.com/openshift/oc-mirror/v2/pkg/cli/executor.go:249.2,252.39 4 0
github.com/openshift/oc-mirror/v2/pkg/cli/executor.go:252.39,254.3 1 0
github.com/openshift/oc-mirror/v2/pkg/cli/executor.go:254.8,256.3 1 0
github.com/openshift/oc-mirror/v2/pkg/cli/executor.go:258.2,260.16 2 0
github.com/openshift/oc-mirror/v2/pkg/cli/executor.go:260.16,262.3 1 0
github.com/openshift/oc-mirror/v2/pkg/cli/executor.go:264.2,267.16 3 0
github.com/openshift/oc-mirror/v2/pkg/cli/executor.go:267.16,269.3 1 0
github.com/openshift/oc-mirror/v2/pkg/cli/executor.go:269.8,271.3 1 0
github.com/openshift/oc-mirror/v2/pkg/cli/executor.go:272.2,274.16 3 0
github.com/openshift/oc-mirror/v2/pkg/cli/executor.go:274.16,276.3 1 0
github.com/openshift/oc-mirror/v2/pkg/cli/executor.go:277.2,287.16 7 0
github.com/openshift/oc-mirror/v2/pkg/cli/executor.go:287.16,289.3 1 0
github.com/openshift/oc-mirror/v2/pkg/cli/executor.go:290.2,294.12 4 0
github.com/openshift/oc-mirror/v2/pkg/cli/executor.go:297.69,300.2 2 4
github.com/openshift/oc-mirror/v2/pkg/cli/executor.go:302.47,304.67 2 0
github.com/openshift/oc-mirror/v2/pkg/cli/executor.go:304.67,305.13 1 0
github.com/openshift/oc-mirror/v2/pkg/cli/executor.go:310.56,312.16 2 0
github.com/openshift/oc-mirror/v2/pkg/cli/executor.go:312.16,314.3 1 0
github.com/openshift/oc-mirror/v2/pkg/cli/executor.go:315.2,318.16 3 0
github.com/openshift/oc-mirror/v2/pkg/cli/executor.go:318.16,320.3 1 0
github.com/openshift/oc-mirror/v2/pkg/cli/executor.go:321.2,333.45 9 0
github.com/openshift/oc-mirror/v2/pkg/cli/executor.go:333.45,337.3 3 0
github.com/openshift/oc-mirror/v2/pkg/cli/executor.go:337.8,337.54 1 0
github.com/openshift/oc-mirror/v2/pkg/cli/executor.go:337.54,340.3 2 0
github.com/openshift/oc-mirror/v2/pkg/cli/executor.go:340.8,342.3 1 0
github.com/openshift/oc-mirror/v2/pkg/cli/executor.go:343.2,349.16 6 0
github.com/openshift/oc-mirror/v2/pkg/cli/executor.go:349.16,351.3 1 0
github.com/openshift/oc-mirror/v2/pkg/cli/executor.go:353.2,354.16 2 0
github.com/openshift/oc-mirror/v2/pkg/cli/executor.go:354.16,356.3 1 0
github.com/openshift/oc-mirror/v2/pkg/cli/executor.go:358.2,369.29 9 0
github.com/openshift/oc-mirror/v2/pkg/cli/executor.go:369.29,371.17 2 0
github.com/openshift/oc-mirror/v2/pkg/cli/executor.go:371.17,373.4 1 0
github.com/openshift/oc-mirror/v2/pkg/cli/executor.go:374.8,374.36 1 0
github.com/openshift/oc-mirror/v2/pkg/cli/executor.go:374.36,376.17 2 0
github.com/openshift/oc-mirror/v2/pkg/cli/executor.go:376.17,378.4 1 0
github.com/openshift/oc-mirror/v2/pkg/cli/executor.go:380.2,380.12 1 0
github.com/openshift/oc-mirror/v2/pkg/cli/executor.go:383.55,386.30 2 0
github.com/openshift/oc-mirror/v2/pkg/cli/executor.go:386.30,388.17 2 0
github.com/openshift/oc-mirror/v2/pkg/cli/executor.go:388.17,390.4 1 0
github.com/openshift/oc-mirror/v2/pkg/cli/executor.go:392.3,392.65 1 0
github.com/openshift/oc-mirror/v2/pkg/cli/executor.go:393.8,395.3 1 0
github.com/openshift/oc-mirror/v2/pkg/cli/executor.go:396.2,397.16 2 0
github.com/openshift/oc-mirror/v2/pkg/cli/executor.go:397.16,400.3 2 0
github.com/openshift/oc-mirror/v2/pkg/cli/executor.go:401.2,401.12 1 0
github.com/openshift/oc-mirror/v2/pkg/cli/executor.go:404.50,407.16 2 0
github.com/openshift/oc-mirror/v2/pkg/cli/executor.go:407.16,410.3 2 0
github.com/openshift/oc-mirror/v2/pkg/cli/executor.go:413.2,415.16 3 0
github.com/openshift/oc-mirror/v2/pkg/cli/executor.go:415.16,418.3 2 0
github.com/openshift/oc-mirror/v2/pkg/cli/executor.go:421.2,423.16 3 0
github.com/openshift/oc-mirror/v2/pkg/cli/executor.go:423.16,426.3 2 0
github.com/openshift/oc-mirror/v2/pkg/cli/executor.go:429.2,431.16 3 0
github.com/openshift/oc-mirror/v2/pkg/cli/executor.go:431.16,434.3 2 0
github.com/openshift/oc-mirror/v2/pkg/cli/executor.go:437.2,439.16 3 0
github.com/openshift/oc-mirror/v2/pkg/cli/executor.go:439.16,442.3 2 0
github.com/openshift/oc-mirror/v2/pkg/cli/executor.go:443.2,443.12 1 0
github.com/openshift/oc-mirror/v2/pkg/cli/executor.go:447.71,452.29 3 4
github.com/openshift/oc-mirror/v2/pkg/cli/executor.go:452.29,455.3 1 4
github.com/openshift/oc-mirror/v2/pkg/cli/executor.go:455.8,458.3 1 0
github.com/openshift/oc-mirror/v2/pkg/cli/executor.go:459.2,459.16 1 4
github.com/openshift/oc-mirror/v2/pkg/cli/executor.go:459.16,463.3 2 3
github.com/openshift/oc-mirror/v2/pkg/cli/executor.go:465.2,466.12 2 1
github.com/openshift/oc-mirror/v2/pkg/cli/executor.go:468.83,475.16 5 4
github.com/openshift/oc-mirror/v2/pkg/cli/executor.go:475.16,477.3 1 2
github.com/openshift/oc-mirror/v2/pkg/cli/executor.go:478.2,482.16 3 2
github.com/openshift/oc-mirror/v2/pkg/cli/executor.go:482.16,484.3 1 1
github.com/openshift/oc-mirror/v2/pkg/cli/executor.go:488.2,493.16 4 1
github.com/openshift/oc-mirror/v2/pkg/cli/executor.go:493.16,495.3 1 0
github.com/openshift/oc-mirror/v2/pkg/cli/executor.go:496.2,502.16 7 1
github.com/openshift/oc-mirror/v2/pkg/cli/executor.go:502.16,504.3 1 0
github.com/openshift/oc-mirror/v2/pkg/cli/executor.go:505.2,505.12 1 1
github.com/openshift/oc-mirror/v2/pkg/cli/executor.go:508.83,513.16 3 0
github.com/openshift/oc-mirror/v2/pkg/cli/executor.go:513.16,516.3 2 0
github.com/openshift/oc-mirror/v2/pkg/cli/executor.go:517.2,525.16 5 0
github.com/openshift/oc-mirror/v2/pkg/cli/executor.go:525.16,527.3 1 0
github.com/openshift/oc-mirror/v2/pkg/cli/executor.go:528.2,532.16 3 0
github.com/openshift/oc-mirror/v2/pkg/cli/executor.go:532.16,534.3 1 0
github.com/openshift/oc-mirror/v2/pkg/cli/executor.go:536.2,537.16 2 0
github.com/openshift/oc-mirror/v2/pkg/cli/executor.go:537.16,539.3 1 0
github.com/openshift/oc-mirror/v2/pkg/cli/executor.go:541.2,545.16 5 0
github.com/openshift/oc-mirror/v2/pkg/cli/executor.go:545.16,547.3 1 0
github.com/openshift/oc-mirror/v2/pkg/cli/executor.go:548.2,548.12 1 0
github.com/openshift/oc-mirror/v2/pkg/cli/executor.go:551.55,559.16 4 0
github.com/openshift/oc-mirror/v2/pkg/cli/executor.go:559.16,562.3 2 0
github.com/openshift/oc-mirror/v2/pkg/cli/executor.go:563.2,563.12 1 0
github.com/openshift/oc-mirror/v2/pkg/cli/executor.go:565.94,570.16 3 4
github.com/openshift/oc-mirror/v2/pkg/cli/executor.go:570.16,573.3 2 1
github.com/openshift/oc-mirror/v2/pkg/cli/executor.go:574.2,580.16 5 3
github.com/openshift/oc-mirror/v2/pkg/cli/executor.go:580.16,583.3 2 1
github.com/openshift/oc-mirror/v2/pkg/cli/executor.go:584.2,590.16 5 2
github.com/openshift/oc-mirror/v2/pkg/cli/executor.go:590.16,593.3 2 0
github.com/openshift/oc-mirror/v2/pkg/cli/executor.go:594.2,597.30 3 2
github.com/openshift/oc-mirror/v2/pkg/cli/executor.go:602.82,605.2 2 7
github.com/openshift/oc-mirror/v2/pkg/cli/executor.go:608.16,611.16 2 6
github.com/openshift/oc-mirror/v2/pkg/cli/executor.go:611.16,613.3 1 6
github.com/openshift/oc-mirror/v2/pkg/cli/executor.go:615.2,615.23 1 6
github.com/openshift/oc-mirror/v2/pkg/cli/executor.go:618.74,646.48 9 2
github.com/openshift/oc-mirror/v2/pkg/cli/executor.go:646.48,648.18 2 0
github.com/openshift/oc-mirror/v2/pkg/cli/executor.go:648.18,651.5 2 0
github.com/openshift/oc-mirror/v2/pkg/cli/executor.go:652.4,653.18 2 0
github.com/openshift/oc-mirror/v2/pkg/cli/executor.go:653.18,656.5 2 0
github.com/openshift/oc-mirror/v2/pkg/cli/executor.go:658.4,659.18 2 0
github.com/openshift/oc-mirror/v2/pkg/cli/executor.go:659.18,662.5 2 0
github.com/openshift/oc-mirror/v2/pkg/cli/executor.go:664.4,665.18 2 0
github.com/openshift/oc-mirror/v2/pkg/cli/executor.go:665.18,668.5 2 0
github.com/openshift/oc-mirror/v2/pkg/cli/executor.go:671.2,684.12 13 2
github.com/openshift/oc-mirror/v2/pkg/cli/executor.go:688.62,689.40 1 0
github.com/openshift/oc-mirror/v2/pkg/cli/executor.go:689.40,691.3 1 0
github.com/openshift/oc-mirror/v2/pkg/cli/executor.go:692.2,692.30 1 0
github.com/openshift/oc-mirror/v2/pkg/cli/executor.go:692.30,694.3 1 0
github.com/openshift/oc-mirror/v2/pkg/cli/executor.go:695.2,695.57 1 0
github.com/openshift/oc-mirror/v2/pkg/cli/executor.go:695.57,697.3 1 0
github.com/openshift/oc-mirror/v2/pkg/cli/executor.go:698.2,698.12 1 0
github.com/openshift/oc-mirror/v2/pkg/cli/executor.go:701.63,703.16 2 0
github.com/openshift/oc-mirror/v2/pkg/cli/executor.go:703.16,705.3 1 0
github.com/openshift/oc-mirror/v2/pkg/cli/executor.go:706.2,709.16 3 0
github.com/openshift/oc-mirror/v2/pkg/cli/executor.go:709.16,711.3 1 0
github.com/openshift/oc-mirror/v2/pkg/cli/executor.go:712.2,727.16 11 0
github.com/openshift/oc-mirror/v2/pkg/cli/executor.go:727.16,729.3 1 0
github.com/openshift/oc-mirror/v2/pkg/cli/executor.go:731.2,738.12 7 0
github.com/openshift/oc-mirror/v2/pkg/cli/executor.go:741.78,746.16 3 0
github.com/openshift/oc-mirror/v2/pkg/cli/executor.go:746.16,748.3 1 0
github.com/openshift/oc-mirror/v2/pkg/cli/executor.go:749.2,755.16 5 0
github.com/openshift/oc-mirror/v2/pkg/cli/executor.go:755.16,757.3 1 0
github.com/openshift/oc-mirror/v2/pkg/cli/executor.go:759.2,762.32 4 0
github.com/openshift/oc-mirror/v2/pkg/cli/executor.go:762.32,765.17 3 0
github.com/openshift/oc-mirror/v2/pkg/cli/executor.go:765.17,767.4 1 0
github.com/openshift/oc-mirror/v2/pkg/cli/executor.go:768.3,768.28 1 0
github.com/openshift/oc-mirror/v2/pkg/cli/executor.go:768.28,770.4 1 0
github.com/openshift/oc-mirror/v2/pkg/cli/executor.go:771.3,771.44 1 0
github.com/openshift/oc-mirror/v2/pkg/cli/executor.go:775.2,776.16 2 0
github.com/openshift/oc-mirror/v2/pkg/cli/executor.go:776.16,778.3 1 0
github.com/openshift/oc-mirror/v2/pkg/cli/executor.go:779.2,779.23 1 0
github.com/openshift/oc-mirror/v2/pkg/cli/executor.go:779.23,781.44 2 0
github.com/openshift/oc-mirror/v2/pkg/cli/executor.go:781.44,782.15 1 0
github.com/openshift/oc-mirror/v2/pkg/cli/executor.go:782.15,784.5 1 0
github.com/openshift/oc-mirror/v2/pkg/cli/executor.go:786.3,786.133 1 0
github.com/openshift/oc-mirror/v2/pkg/cli/executor.go:789.2,791.12 3 0
github.com/openshift/oc-mirror/v2/pkg/mirror/mirror.go:49.76,51.2 1 1
github.com/openshift/oc-mirror/v2/pkg/mirror/mirror.go:53.42,55.2 1 0
github.com/openshift/oc-mirror/v2/pkg/mirror/mirror.go:57.46,59.2 1 0
github.com/openshift/oc-mirror/v2/pkg/mirror/mirror.go:62.127,63.24 1 1
github.com/openshift/oc-mirror/v2/pkg/mirror/mirror.go:63.24,65.3 1 0
github.com/openshift/oc-mirror/v2/pkg/mirror/mirror.go:66.2,66.45 1 1
github.com/openshift/oc-mirror/v2/pkg/mirror/mirror.go:69.154,71.2 1 0
github.com/openshift/oc-mirror/v2/pkg/mirror/mirror.go:73.94,75.2 1 0
github.com/openshift/oc-mirror/v2/pkg/mirror/mirror.go:78.114,84.75 3 1
github.com/openshift/oc-mirror/v2/pkg/mirror/mirror.go:84.75,86.3 1 0
github.com/openshift/oc-mirror/v2/pkg/mirror/mirror.go:88.2,89.16 2 1
github.com/openshift/oc-mirror/v2/pkg/mirror/mirror.go:89.16,91.3 1 0
github.com/openshift/oc-mirror/v2/pkg/mirror/mirror.go:92.2,92.15 1 1
github.com/openshift/oc-mirror/v2/pkg/mirror/mirror.go:92.15,93.49 1 1
github.com/openshift/oc-mirror/v2/pkg/mirror/mirror.go:93.49,95.4 1 0
github.com/openshift/oc-mirror/v2/pkg/mirror/mirror.go:98.2,99.16 2 1
github.com/openshift/oc-mirror/v2/pkg/mirror/mirror.go:99.16,101.3 1 0
github.com/openshift/oc-mirror/v2/pkg/mirror/mirror.go:102.2,103.16 2 1
github.com/openshift/oc-mirror/v2/pkg/mirror/mirror.go:103.16,105.3 1 0
github.com/openshift/oc-mirror/v2/pkg/mirror/mirror.go:107.2,108.16 2 1
github.com/openshift/oc-mirror/v2/pkg/mirror/mirror.go:108.16,110.3 1 0
github.com/openshift/oc-mirror/v2/pkg/mirror/mirror.go:111.2,112.16 2 1
github.com/openshift/oc-mirror/v2/pkg/mirror/mirror.go:112.16,114.3 1 0
github.com/openshift/oc-mirror/v2/pkg/mirror/mirror.go:116.2,117.26 2 1
github.com/openshift/oc-mirror/v2/pkg/mirror/mirror.go:117.26,119.17 2 1
github.com/openshift/oc-mirror/v2/pkg/mirror/mirror.go:119.17,121.4 1 0
github.com/openshift/oc-mirror/v2/pkg/mirror/mirror.go:138.2,146.41 4 1
github.com/openshift/oc-mirror/v2/pkg/mirror/mirror.go:146.41,148.3 1 0
github.com/openshift/oc-mirror/v2/pkg/mirror/mirror.go:150.2,150.29 1 1
github.com/openshift/oc-mirror/v2/pkg/mirror/mirror.go:150.29,152.17 2 1
github.com/openshift/oc-mirror/v2/pkg/mirror/mirror.go:152.17,154.4 1 0
github.com/openshift/oc-mirror/v2/pkg/mirror/mirror.go:157.2,157.14 1 1
github.com/openshift/oc-mirror/v2/pkg/mirror/mirror.go:157.14,159.3 1 0
github.com/openshift/oc-mirror/v2/pkg/mirror/mirror.go:161.2,161.66 1 1
github.com/openshift/oc-mirror/v2/pkg/mirror/mirror.go:161.66,163.3 1 0
github.com/openshift/oc-mirror/v2/pkg/mirror/mirror.go:202.2,202.106 1 1
github.com/openshift/oc-mirror/v2/pkg/mirror/mirror.go:202.106,204.3 1 0
github.com/openshift/oc-mirror/v2/pkg/mirror/mirror.go:205.2,206.35 2 1
github.com/openshift/oc-mirror/v2/pkg/mirror/mirror.go:206.35,208.17 2 1
github.com/openshift/oc-mirror/v2/pkg/mirror/mirror.go:208.17,210.4 1 0
github.com/openshift/oc-mirror/v2/pkg/mirror/mirror.go:211.3,211.17 1 1
github.com/openshift/oc-mirror/v2/pkg/mirror/mirror.go:216.2,217.29 2 1
github.com/openshift/oc-mirror/v2/pkg/mirror/mirror.go:217.29,219.17 2 0
github.com/openshift/oc-mirror/v2/pkg/mirror/mirror.go:219.17,221.4 1 0
github.com/openshift/oc-mirror/v2/pkg/mirror/mirror.go:225.2,245.45 3 1
github.com/openshift/oc-mirror/v2/pkg/mirror/mirror.go:245.45,249.17 2 1
github.com/openshift/oc-mirror/v2/pkg/mirror/mirror.go:249.17,251.4 1 0
github.com/openshift/oc-mirror/v2/pkg/mirror/mirror.go:252.3,253.28 2 1
github.com/openshift/oc-mirror/v2/pkg/mirror/mirror.go:253.28,255.18 2 0
github.com/openshift/oc-mirror/v2/pkg/mirror/mirror.go:255.18,257.5 1 0
github.com/openshift/oc-mirror/v2/pkg/mirror/mirror.go:258.4,258.94 1 0
github.com/openshift/oc-mirror/v2/pkg/mirror/mirror.go:258.94,260.5 1 0
github.com/openshift/oc-mirror/v2/pkg/mirror/mirror.go:262.3,262.13 1 1
github.com/openshift/oc-mirror/v2/pkg/mirror/mirror.go:267.92,269.71 1 0
github.com/openshift/oc-mirror/v2/pkg/mirror/mirror.go:269.71,271.3 1 0
github.com/openshift/oc-mirror/v2/pkg/mirror/mirror.go:273.2,274.16 2 0
github.com/openshift/oc-mirror/v2/pkg/mirror/mirror.go:274.16,276.3 1 0
github.com/openshift/oc-mirror/v2/pkg/mirror/mirror.go:278.2,279.16 2 0
github.com/openshift/oc-mirror/v2/pkg/mirror/mirror.go:279.16,281.3 1 0
github.com/openshift/oc-mirror/v2/pkg/mirror/mirror.go:283.2,286.44 3 0
github.com/openshift/oc-mirror/v2/pkg/mirror/mirror.go:286.44,288.17 2 0
github.com/openshift/oc-mirror/v2/pkg/mirror/mirror.go:288.17,290.4 1 0
github.com/openshift/oc-mirror/v2/pkg/mirror/mirror.go:291.3,291.13 1 0
github.com/openshift/oc-mirror/v2/pkg/mirror/mirror.go:294.2,294.16 1 0
github.com/openshift/oc-mirror/v2/pkg/mirror/mirror.go:294.16,296.3 1 0
github.com/openshift/oc-mirror/v2/pkg/mirror/mirror.go:296.8,296.62 1 0
github.com/openshift/oc-mirror/v2/pkg/mirror/mirror.go:296.62,298.3 1 0
github.com/openshift/oc-mirror/v2/pkg/mirror/mirror.go:298.8,300.3 1 0
github.com/openshift/oc-mirror/v2/pkg/mirror/mirror.go:304.85,306.71 1 0
github.com/openshift/oc-mirror/v2/pkg/mirror/mirror.go:306.71,308.3 1 0
github.com/openshift/oc-mirror/v2/pkg/mirror/mirror.go:310.2,311.16 2 0
github.com/openshift/oc-mirror/v2/pkg/mirror/mirror.go:311.16,313.3 1 0
github.com/openshift/oc-mirror/v2/pkg/mirror/mirror.go:315.2,316.16 2 0
github.com/openshift/oc-mirror/v2/pkg/mirror/mirror.go:316.16,318.3 1 0
github.com/openshift/oc-mirror/v2/pkg/mirror/mirror.go:320.2,323.45 3 0
github.com/openshift/oc-mirror/v2/pkg/mirror/mirror.go:323.45,325.17 2 0
github.com/openshift/oc-mirror/v2/pkg/mirror/mirror.go:325.17,327.4 1 0
github.com/openshift/oc-mirror/v2/pkg/mirror/mirror.go:328.3,328.13 1 0
github.com/openshift/oc-mirror/v2/pkg/mirror/mirror.go:333.72,334.19 1 1
github.com/openshift/oc-mirror/v2/pkg/mirror/mirror.go:335.16,336.35 1 0
github.com/openshift/oc-mirror/v2/pkg/mirror/mirror.go:337.13,338.33 1 1
github.com/openshift/oc-mirror/v2/pkg/mirror/mirror.go:342.20,343.38 1 0
github.com/openshift/oc-mirror/v2/pkg/mirror/mirror.go:347.10,348.156 1 0
github.com/openshift/oc-mirror/v2/pkg/mirror/options.go:134.45,136.2 1 0
github.com/openshift/oc-mirror/v2/pkg/mirror/options.go:138.45,140.2 1 0
github.com/openshift/oc-mirror/v2/pkg/mirror/options.go:142.40,144.2 1 0
github.com/openshift/oc-mirror/v2/pkg/mirror/options.go:155.76,160.16 1 0
github.com/openshift/oc-mirror/v2/pkg/mirror/options.go:160.16,162.3 1 0
github.com/openshift/oc-mirror/v2/pkg/mirror/options.go:164.2,164.62 1 0
github.com/openshift/oc-mirror/v2/pkg/mirror/options.go:172.119,173.53 1 0
github.com/openshift/oc-mirror/v2/pkg/mirror/options.go:173.53,180.3 2 0
github.com/openshift/oc-mirror/v2/pkg/mirror/options.go:187.74,188.30 1 1
github.com/openshift/oc-mirror/v2/pkg/mirror/options.go:188.30,190.3 1 0
github.com/openshift/oc-mirror/v2/pkg/mirror/options.go:195.77,201.2 5 1
github.com/openshift/oc-mirror/v2/pkg/mirror/options.go:204.62,209.2 4 1
github.com/openshift/oc-mirror/v2/pkg/mirror/options.go:213.190,223.22 3 2
github.com/openshift/oc-mirror/v2/pkg/mirror/options.go:223.22,226.3 1 2
github.com/openshift/oc-mirror/v2/pkg/mirror/options.go:227.2,230.28 4 2
github.com/openshift/oc-mirror/v2/pkg/mirror/options.go:230.28,235.3 2 2
github.com/openshift/oc-mirror/v2/pkg/mirror/options.go:236.2,240.19 5 2
github.com/openshift/oc-mirror/v2/pkg/mirror/options.go:244.187,253.2 6 1
github.com/openshift/oc-mirror/v2/pkg/mirror/options.go:255.51,260.2 4 1
github.com/openshift/oc-mirror/v2/pkg/mirror/options.go:263.81,266.24 3 1
github.com/openshift/oc-mirror/v2/pkg/mirror/options.go:266.24,268.3 1 1
github.com/openshift/oc-mirror/v2/pkg/mirror/options.go:268.8,268.34 1 0
github.com/openshift/oc-mirror/v2/pkg/mirror/options.go:268.34,270.3 1 0
github.com/openshift/oc-mirror/v2/pkg/mirror/options.go:270.8,272.3 1 0
github.com/openshift/oc-mirror/v2/pkg/mirror/options.go:273.2,273.16 1 1
github.com/openshift/oc-mirror/v2/pkg/mirror/options.go:273.16,275.3 1 0
github.com/openshift/oc-mirror/v2/pkg/mirror/options.go:276.2,276.43 1 1
github.com/openshift/oc-mirror/v2/pkg/mirror/options.go:281.90,283.41 2 1
github.com/openshift/oc-mirror/v2/pkg/mirror/options.go:283.42,285.3 0 1
github.com/openshift/oc-mirror/v2/pkg/mirror/options.go:286.2,286.29 1 1
github.com/openshift/oc-mirror/v2/pkg/mirror/options.go:286.29,288.3 1 0
github.com/openshift/oc-mirror/v2/pkg/mirror/options.go:289.2,289.20 1 1
github.com/openshift/oc-mirror/v2/pkg/mirror/options.go:294.68,305.21 2 2
github.com/openshift/oc-mirror/v2/pkg/mirror/options.go:305.21,307.3 1 2
github.com/openshift/oc-mirror/v2/pkg/mirror/options.go:308.2,308.12 1 2
github.com/openshift/oc-mirror/v2/pkg/mirror/options.go:313.76,322.52 7 2
github.com/openshift/oc-mirror/v2/pkg/mirror/options.go:322.52,324.3 1 0
github.com/openshift/oc-mirror/v2/pkg/mirror/options.go:325.2,325.85 1 2
github.com/openshift/oc-mirror/v2/pkg/mirror/options.go:325.85,328.3 1 0
github.com/openshift/oc-mirror/v2/pkg/mirror/options.go:329.2,329.30 1 2
github.com/openshift/oc-mirror/v2/pkg/mirror/options.go:329.30,331.3 1 0
github.com/openshift/oc-mirror/v2/pkg/mirror/options.go:332.2,332.30 1 2
github.com/openshift/oc-mirror/v2/pkg/mirror/options.go:332.30,334.3 1 0
github.com/openshift/oc-mirror/v2/pkg/mirror/options.go:335.2,335.48 1 2
github.com/openshift/oc-mirror/v2/pkg/mirror/options.go:335.48,337.3 1 0
github.com/openshift/oc-mirror/v2/pkg/mirror/options.go:338.2,338.45 1 2
github.com/openshift/oc-mirror/v2/pkg/mirror/options.go:338.45,340.3 1 0
github.com/openshift/oc-mirror/v2/pkg/mirror/options.go:341.2,341.59 1 2
github.com/openshift/oc-mirror/v2/pkg/mirror/options.go:341.59,343.3 1 0
github.com/openshift/oc-mirror/v2/pkg/mirror/options.go:345.2,345.56 1 2
github.com/openshift/oc-mirror/v2/pkg/mirror/options.go:345.56,346.30 1 0
github.com/openshift/oc-mirror/v2/pkg/mirror/options.go:346.30,348.4 1 0
github.com/openshift/oc-mirror/v2/pkg/mirror/options.go:349.3,349.82 1 0
github.com/openshift/oc-mirror/v2/pkg/mirror/options.go:351.2,351.32 1 2
github.com/openshift/oc-mirror/v2/pkg/mirror/options.go:351.32,354.17 3 0
github.com/openshift/oc-mirror/v2/pkg/mirror/options.go:354.17,356.4 1 0
github.com/openshift/oc-mirror/v2/pkg/mirror/options.go:357.8,357.36 1 2
github.com/openshift/oc-mirror/v2/pkg/mirror/options.go:357.36,362.3 1 0
github.com/openshift/oc-mirror/v2/pkg/mirror/options.go:363.2,363.34 1 2
github.com/openshift/oc-mirror/v2/pkg/mirror/options.go:363.34,365.3 1 0
github.com/openshift/oc-mirror/v2/pkg/mirror/options.go:366.2,366.18 1 2
github.com/openshift/oc-mirror/v2/pkg/mirror/options.go:366.18,368.3 1 0
github.com/openshift/oc-mirror/v2/pkg/mirror/options.go:370.2,370.17 1 2
github.com/openshift/oc-mirror/v2/pkg/mirror/options.go:374.192,388.2 13 1
github.com/openshift/oc-mirror/v2/pkg/mirror/options.go:418.55,419.17 1 0
github.com/openshift/oc-mirror/v2/pkg/mirror/options.go:419.17,421.3 1 0
github.com/openshift/oc-mirror/v2/pkg/mirror/options.go:422.2,423.18 2 0
github.com/openshift/oc-mirror/v2/pkg/mirror/options.go:423.18,425.3 1 0
github.com/openshift/oc-mirror/v2/pkg/mirror/options.go:426.2,426.17 1 0
github.com/openshift/oc-mirror/v2/pkg/mirror/options.go:426.17,428.3 1 0
github.com/openshift/oc-mirror/v2/pkg/mirror/options.go:429.2,429.26 1 0
github.com/openshift/oc-mirror/v2/pkg/mirror/options.go:432.67,434.16 2 0
github.com/openshift/oc-mirror/v2/pkg/mirror/options.go:434.16,436.3 1 0
github.com/openshift/oc-mirror/v2/pkg/mirror/options.go:437.2,440.8 1 0
github.com/openshift/oc-mirror/v2/pkg/mirror/options.go:461.65,462.24 1 1
github.com/openshift/oc-mirror/v2/pkg/mirror/options.go:463.13,464.47 1 1
github.com/openshift/oc-mirror/v2/pkg/mirror/options.go:465.14,466.54 1 0
github.com/openshift/oc-mirror/v2/pkg/mirror/options.go:467.14,468.48 1 0
github.com/openshift/oc-mirror/v2/pkg/mirror/options.go:469.10,470.124 1 0
github.com/openshift/oc-mirror/v2/pkg/mirror/options.go:503.89,505.31 2 0
github.com/openshift/oc-mirror/v2/pkg/mirror/options.go:505.31,507.3 1 0
github.com/openshift/oc-mirror/v2/pkg/mirror/options.go:509.2,511.16 3 0
github.com/openshift/oc-mirror/v2/pkg/mirror/options.go:511.16,513.3 1 0
github.com/openshift/oc-mirror/v2/pkg/mirror/options.go:514.2,515.32 2 0
github.com/openshift/oc-mirror/v2/pkg/mirror/unshare.go:22.26,27.16 2 0
github.com/openshift/oc-mirror/v2/pkg/mirror/unshare.go:27.16,29.3 1 0
github.com/openshift/oc-mirror/v2/pkg/mirror/unshare.go:30.2,30.41 1 0
github.com/openshift/oc-mirror/v2/pkg/mirror/unshare.go:30.41,31.51 1 0
github.com/openshift/oc-mirror/v2/pkg/mirror/unshare.go:31.51,35.4 2 0
github.com/openshift/oc-mirror/v2/pkg/mirror/unshare.go:37.2,37.12 1 0
github.com/openshift/oc-mirror/v2/pkg/mirror/unshare.go:40.61,42.39 1 1
github.com/openshift/oc-mirror/v2/pkg/mirror/unshare.go:42.39,46.67 2 2
github.com/openshift/oc-mirror/v2/pkg/mirror/unshare.go:46.67,48.4 1 0
github.com/openshift/oc-mirror/v2/pkg/mirror/unshare.go:50.2,50.12 1 1
github.com/openshift/oc-mirror/v2/pkg/operator/collector.go:40.101,51.48 4 1
github.com/openshift/oc-mirror/v2/pkg/operator/collector.go:51.48,53.36 2 3
github.com/openshift/oc-mirror/v2/pkg/operator/collector.go:53.36,55.41 2 3
github.com/openshift/oc-mirror/v2/pkg/operator/collector.go:55.41,58.5 2 1
github.com/openshift/oc-mirror/v2/pkg/operator/collector.go:63.2,63.29 1 1
github.com/openshift/oc-mirror/v2/pkg/operator/collector.go:63.29,65.17 2 1
github.com/openshift/oc-mirror/v2/pkg/operator/collector.go:65.17,67.4 1 1
github.com/openshift/oc-mirror/v2/pkg/operator/collector.go:68.3,70.48 3 1
github.com/openshift/oc-mirror/v2/pkg/operator/collector.go:70.48,77.67 6 3
github.com/openshift/oc-mirror/v2/pkg/operator/collector.go:77.67,79.19 2 3
github.com/openshift/oc-mirror/v2/pkg/operator/collector.go:79.19,81.6 1 0
github.com/openshift/oc-mirror/v2/pkg/operator/collector.go:82.5,86.19 5 3
github.com/openshift/oc-mirror/v2/pkg/operator/collector.go:86.19,88.6 1 0
github.com/openshift/oc-mirror/v2/pkg/operator/collector.go:90.5,92.29 3 3
github.com/openshift/oc-mirror/v2/pkg/operator/collector.go:92.29,93.20 1 3
github.com/openshift/oc-mirror/v2/pkg/operator/collector.go:93.20,95.7 1 0
github.com/openshift/oc-mirror/v2/pkg/operator/collector.go:100.4,101.18 2 3
github.com/openshift/oc-mirror/v2/pkg/operator/collector.go:101.18,103.5 1 0
github.com/openshift/oc-mirror/v2/pkg/operator/collector.go:105.4,105.31 1 3
github.com/openshift/oc-mirror/v2/pkg/operator/collector.go:105.31,107.5 1 0
github.com/openshift/oc-mirror/v2/pkg/operator/collector.go:108.4,109.18 2 3
github.com/openshift/oc-mirror/v2/pkg/operator/collector.go:109.18,111.5 1 0
github.com/openshift/oc-mirror/v2/pkg/operator/collector.go:113.4,119.18 5 3
github.com/openshift/oc-mirror/v2/pkg/operator/collector.go:119.18,121.5 1 0
github.com/openshift/oc-mirror/v2/pkg/operator/collector.go:125.4,126.18 2 3
github.com/openshift/oc-mirror/v2/pkg/operator/collector.go:126.18,128.5 1 0
github.com/openshift/oc-mirror/v2/pkg/operator/collector.go:129.4,131.18 3 3
github.com/openshift/oc-mirror/v2/pkg/operator/collector.go:131.18,133.5 1 0
github.com/openshift/oc-mirror/v2/pkg/operator/collector.go:135.4,142.18 5 3
github.com/openshift/oc-mirror/v2/pkg/operator/collector.go:142.18,144.5 1 0
github.com/openshift/oc-mirror/v2/pkg/operator/collector.go:149.4,149.29 1 3
github.com/openshift/oc-mirror/v2/pkg/operator/collector.go:149.29,151.19 2 2
github.com/openshift/oc-mirror/v2/pkg/operator/collector.go:151.19,153.6 1 0
github.com/openshift/oc-mirror/v2/pkg/operator/collector.go:154.10,157.19 2 1
github.com/openshift/oc-mirror/v2/pkg/operator/collector.go:157.19,159.6 1 0
github.com/openshift/oc-mirror/v2/pkg/operator/collector.go:163.3,165.35 3 1
github.com/openshift/oc-mirror/v2/pkg/operator/collector.go:165.35,167.4 1 1
github.com/openshift/oc-mirror/v2/pkg/operator/collector.go:168.3,171.17 3 1
github.com/openshift/oc-mirror/v2/pkg/operator/collector.go:171.17,173.4 1 0
github.com/openshift/oc-mirror/v2/pkg/operator/collector.go:176.2,176.29 1 1
github.com/openshift/oc-mirror/v2/pkg/operator/collector.go:176.29,179.15 2 0
github.com/openshift/oc-mirror/v2/pkg/operator/collector.go:179.15,181.4 1 0
github.com/openshift/oc-mirror/v2/pkg/operator/collector.go:182.3,182.48 1 0
github.com/openshift/oc-mirror/v2/pkg/operator/collector.go:182.48,184.36 1 0
github.com/openshift/oc-mirror/v2/pkg/operator/collector.go:184.36,186.87 2 0
github.com/openshift/oc-mirror/v2/pkg/operator/collector.go:186.87,187.90 1 0
github.com/openshift/oc-mirror/v2/pkg/operator/collector.go:187.90,191.24 3 0
github.com/openshift/oc-mirror/v2/pkg/operator/collector.go:191.24,193.8 1 0
github.com/openshift/oc-mirror/v2/pkg/operator/collector.go:193.13,197.8 3 0
github.com/openshift/oc-mirror/v2/pkg/operator/collector.go:199.6,199.16 1 0
github.com/openshift/oc-mirror/v2/pkg/operator/collector.go:203.3,203.15 1 0
github.com/openshift/oc-mirror/v2/pkg/operator/collector.go:203.15,205.4 1 0
github.com/openshift/oc-mirror/v2/pkg/operator/collector.go:207.2,207.23 1 1
github.com/openshift/oc-mirror/v2/pkg/operator/collector.go:211.72,215.20 4 2
github.com/openshift/oc-mirror/v2/pkg/operator/collector.go:215.20,217.3 1 0
github.com/openshift/oc-mirror/v2/pkg/operator/collector.go:218.2,218.37 1 2
github.com/openshift/oc-mirror/v2/pkg/operator/collector.go:218.37,220.3 1 2
github.com/openshift/oc-mirror/v2/pkg/operator/collector.go:220.8,222.3 1 0
github.com/openshift/oc-mirror/v2/pkg/operator/collector.go:223.2,224.17 2 2
github.com/openshift/oc-mirror/v2/pkg/operator/collector.go:228.153,230.42 2 1
github.com/openshift/oc-mirror/v2/pkg/operator/collector.go:230.42,231.35 1 1
github.com/openshift/oc-mirror/v2/pkg/operator/collector.go:231.35,233.18 2 2
github.com/openshift/oc-mirror/v2/pkg/operator/collector.go:233.18,236.5 2 0
github.com/openshift/oc-mirror/v2/pkg/operator/collector.go:237.4,239.71 2 2
github.com/openshift/oc-mirror/v2/pkg/operator/collector.go:239.71,241.19 2 0
github.com/openshift/oc-mirror/v2/pkg/operator/collector.go:241.19,244.6 2 0
github.com/openshift/oc-mirror/v2/pkg/operator/collector.go:245.5,246.27 2 0
github.com/openshift/oc-mirror/v2/pkg/operator/collector.go:246.27,250.6 3 0
github.com/openshift/oc-mirror/v2/pkg/operator/collector.go:251.5,254.86 4 0
github.com/openshift/oc-mirror/v2/pkg/operator/collector.go:255.10,257.5 1 2
github.com/openshift/oc-mirror/v2/pkg/operator/collector.go:260.2,260.20 1 1
github.com/openshift/oc-mirror/v2/pkg/operator/local_stored_collector.go:39.113,50.48 4 0
github.com/openshift/oc-mirror/v2/pkg/operator/local_stored_collector.go:50.48,52.36 2 0
github.com/openshift/oc-mirror/v2/pkg/operator/local_stored_collector.go:52.36,54.41 2 0
github.com/openshift/oc-mirror/v2/pkg/operator/local_stored_collector.go:54.41,57.5 2 0
github.com/openshift/oc-mirror/v2/pkg/operator/local_stored_collector.go:60.2,61.16 2 0
github.com/openshift/oc-mirror/v2/pkg/operator/local_stored_collector.go:61.16,63.3 1 0
github.com/openshift/oc-mirror/v2/pkg/operator/local_stored_collector.go:64.2,66.47 3 0
github.com/openshift/oc-mirror/v2/pkg/operator/local_stored_collector.go:66.47,73.66 6 0
github.com/openshift/oc-mirror/v2/pkg/operator/local_stored_collector.go:73.66,75.18 2 0
github.com/openshift/oc-mirror/v2/pkg/operator/local_stored_collector.go:75.18,77.5 1 0
github.com/openshift/oc-mirror/v2/pkg/operator/local_stored_collector.go:78.4,82.18 5 0
github.com/openshift/oc-mirror/v2/pkg/operator/local_stored_collector.go:82.18,84.5 1 0
github.com/openshift/oc-mirror/v2/pkg/operator/local_stored_collector.go:86.4,88.28 3 0
github.com/openshift/oc-mirror/v2/pkg/operator/local_stored_collector.go:88.28,89.19 1 0
github.com/openshift/oc-mirror/v2/pkg/operator/local_stored_collector.go:89.19,91.6 1 0
github.com/openshift/oc-mirror/v2/pkg/operator/local_stored_collector.go:96.3,97.17 2 0
github.com/openshift/oc-mirror/v2/pkg/operator/local_stored_collector.go:97.17,99.4 1 0
github.com/openshift/oc-mirror/v2/pkg/operator/local_stored_collector.go:102.3,102.30 1 0
github.com/openshift/oc-mirror/v2/pkg/operator/local_stored_collector.go:102.30,104.4 1 0
github.com/openshift/oc-mirror/v2/pkg/operator/local_stored_collector.go:105.3,106.17 2 0
github.com/openshift/oc-mirror/v2/pkg/operator/local_stored_collector.go:106.17,108.4 1 0
github.com/openshift/oc-mirror/v2/pkg/operator/local_stored_collector.go:110.3,115.17 5 0
github.com/openshift/oc-mirror/v2/pkg/operator/local_stored_collector.go:115.17,117.4 1 0
github.com/openshift/oc-mirror/v2/pkg/operator/local_stored_collector.go:121.3,122.17 2 0
github.com/openshift/oc-mirror/v2/pkg/operator/local_stored_collector.go:122.17,124.4 1 0
github.com/openshift/oc-mirror/v2/pkg/operator/local_stored_collector.go:125.3,127.17 3 0
github.com/openshift/oc-mirror/v2/pkg/operator/local_stored_collector.go:127.17,129.4 1 0
github.com/openshift/oc-mirror/v2/pkg/operator/local_stored_collector.go:131.3,138.17 5 0
github.com/openshift/oc-mirror/v2/pkg/operator/local_stored_collector.go:138.17,140.4 1 0
github.com/openshift/oc-mirror/v2/pkg/operator/local_stored_collector.go:145.3,145.28 1 0
github.com/openshift/oc-mirror/v2/pkg/operator/local_stored_collector.go:145.28,147.18 2 0
github.com/openshift/oc-mirror/v2/pkg/operator/local_stored_collector.go:147.18,149.5 1 0
github.com/openshift/oc-mirror/v2/pkg/operator/local_stored_collector.go:150.9,153.18 2 0
github.com/openshift/oc-mirror/v2/pkg/operator/local_stored_collector.go:153.18,155.5 1 0
github.com/openshift/oc-mirror/v2/pkg/operator/local_stored_collector.go:157.3,162.4 1 0
github.com/openshift/oc-mirror/v2/pkg/operator/local_stored_collector.go:165.2,167.34 3 0
github.com/openshift/oc-mirror/v2/pkg/operator/local_stored_collector.go:167.34,169.3 1 0
github.com/openshift/oc-mirror/v2/pkg/operator/local_stored_collector.go:170.2,172.51 2 0
github.com/openshift/oc-mirror/v2/pkg/operator/local_stored_collector.go:172.51,175.17 2 0
github.com/openshift/oc-mirror/v2/pkg/operator/local_stored_collector.go:175.17,177.4 1 0
github.com/openshift/oc-mirror/v2/pkg/operator/local_stored_collector.go:180.2,180.29 1 0
github.com/openshift/oc-mirror/v2/pkg/operator/local_stored_collector.go:180.29,182.17 2 0
github.com/openshift/oc-mirror/v2/pkg/operator/local_stored_collector.go:182.17,184.4 1 0
github.com/openshift/oc-mirror/v2/pkg/operator/local_stored_collector.go:186.2,186.23 1 0
github.com/openshift/oc-mirror/v2/pkg/operator/local_stored_collector.go:189.178,191.37 2 0
github.com/openshift/oc-mirror/v2/pkg/operator/local_stored_collector.go:191.37,192.35 1 0
github.com/openshift/oc-mirror/v2/pkg/operator/local_stored_collector.go:192.35,195.50 3 0
github.com/openshift/oc-mirror/v2/pkg/operator/local_stored_collector.go:195.50,198.19 2 0
github.com/openshift/oc-mirror/v2/pkg/operator/local_stored_collector.go:198.19,201.6 2 0
github.com/openshift/oc-mirror/v2/pkg/operator/local_stored_collector.go:203.5,203.34 1 0
github.com/openshift/oc-mirror/v2/pkg/operator/local_stored_collector.go:203.34,206.6 2 0
github.com/openshift/oc-mirror/v2/pkg/operator/local_stored_collector.go:206.11,209.6 2 0
github.com/openshift/oc-mirror/v2/pkg/operator/local_stored_collector.go:210.10,213.35 3 0
github.com/openshift/oc-mirror/v2/pkg/operator/local_stored_collector.go:213.35,215.6 1 0
github.com/openshift/oc-mirror/v2/pkg/operator/local_stored_collector.go:215.11,217.6 1 0
github.com/openshift/oc-mirror/v2/pkg/operator/local_stored_collector.go:220.4,220.31 1 0
github.com/openshift/oc-mirror/v2/pkg/operator/local_stored_collector.go:220.31,222.5 1 0
github.com/openshift/oc-mirror/v2/pkg/operator/local_stored_collector.go:224.4,226.104 3 0
github.com/openshift/oc-mirror/v2/pkg/operator/local_stored_collector.go:229.2,229.20 1 0
github.com/openshift/oc-mirror/v2/pkg/operator/local_stored_collector.go:232.178,234.37 2 0
github.com/openshift/oc-mirror/v2/pkg/operator/local_stored_collector.go:234.37,235.35 1 0
github.com/openshift/oc-mirror/v2/pkg/operator/local_stored_collector.go:235.35,239.18 4 0
github.com/openshift/oc-mirror/v2/pkg/operator/local_stored_collector.go:239.18,242.5 2 0
github.com/openshift/oc-mirror/v2/pkg/operator/local_stored_collector.go:243.4,245.33 2 0
github.com/openshift/oc-mirror/v2/pkg/operator/local_stored_collector.go:245.33,247.5 1 0
github.com/openshift/oc-mirror/v2/pkg/operator/local_stored_collector.go:247.10,249.5 1 0
github.com/openshift/oc-mirror/v2/pkg/operator/local_stored_collector.go:251.4,253.85 3 0
github.com/openshift/oc-mirror/v2/pkg/operator/local_stored_collector.go:257.2,257.20 1 0
github.com/openshift/oc-mirror/v2/pkg/operator/new.go:16.22,17.28 1 0
github.com/openshift/oc-mirror/v2/pkg/operator/new.go:17.28,19.3 1 0
github.com/openshift/oc-mirror/v2/pkg/operator/new.go:19.8,21.3 1 0
github.com/openshift/oc-mirror/v2/pkg/release/cincinnati.go:87.182,89.2 1 2
github.com/openshift/oc-mirror/v2/pkg/release/cincinnati.go:91.72,92.12 1 8
github.com/openshift/oc-mirror/v2/pkg/release/cincinnati.go:92.12,94.3 1 4
github.com/openshift/oc-mirror/v2/pkg/release/cincinnati.go:95.2,95.22 1 4
github.com/openshift/oc-mirror/v2/pkg/release/cincinnati.go:98.72,100.2 1 0
github.com/openshift/oc-mirror/v2/pkg/release/cincinnati.go:102.102,109.62 2 2
github.com/openshift/oc-mirror/v2/pkg/release/cincinnati.go:109.62,111.56 2 2
github.com/openshift/oc-mirror/v2/pkg/release/cincinnati.go:111.56,114.19 3 8
github.com/openshift/oc-mirror/v2/pkg/release/cincinnati.go:115.26,117.19 2 8
github.com/openshift/oc-mirror/v2/pkg/release/cincinnati.go:117.19,119.6 1 4
github.com/openshift/oc-mirror/v2/pkg/release/cincinnati.go:120.26,122.19 2 0
github.com/openshift/oc-mirror/v2/pkg/release/cincinnati.go:122.19,124.6 1 0
github.com/openshift/oc-mirror/v2/pkg/release/cincinnati.go:125.12,127.13 2 0
github.com/openshift/oc-mirror/v2/pkg/release/cincinnati.go:129.4,129.18 1 8
github.com/openshift/oc-mirror/v2/pkg/release/cincinnati.go:129.18,131.13 2 4
github.com/openshift/oc-mirror/v2/pkg/release/cincinnati.go:134.4,134.58 1 4
github.com/openshift/oc-mirror/v2/pkg/release/cincinnati.go:134.58,136.32 1 3
github.com/openshift/oc-mirror/v2/pkg/release/cincinnati.go:136.32,138.20 2 3
github.com/openshift/oc-mirror/v2/pkg/release/cincinnati.go:138.20,140.15 2 0
github.com/openshift/oc-mirror/v2/pkg/release/cincinnati.go:144.6,146.53 3 3
github.com/openshift/oc-mirror/v2/pkg/release/cincinnati.go:146.53,154.7 3 2
github.com/openshift/oc-mirror/v2/pkg/release/cincinnati.go:159.5,159.32 1 3
github.com/openshift/oc-mirror/v2/pkg/release/cincinnati.go:159.32,161.20 2 1
github.com/openshift/oc-mirror/v2/pkg/release/cincinnati.go:161.20,163.15 2 0
github.com/openshift/oc-mirror/v2/pkg/release/cincinnati.go:165.6,166.67 2 1
github.com/openshift/oc-mirror/v2/pkg/release/cincinnati.go:168.5,168.36 1 3
github.com/openshift/oc-mirror/v2/pkg/release/cincinnati.go:169.10,175.5 3 1
github.com/openshift/oc-mirror/v2/pkg/release/cincinnati.go:177.4,178.18 2 4
github.com/openshift/oc-mirror/v2/pkg/release/cincinnati.go:178.18,180.13 2 0
github.com/openshift/oc-mirror/v2/pkg/release/cincinnati.go:182.4,182.47 1 4
github.com/openshift/oc-mirror/v2/pkg/release/cincinnati.go:187.3,187.56 1 2
github.com/openshift/oc-mirror/v2/pkg/release/cincinnati.go:187.56,189.13 2 8
github.com/openshift/oc-mirror/v2/pkg/release/cincinnati.go:189.13,191.5 1 4
github.com/openshift/oc-mirror/v2/pkg/release/cincinnati.go:194.3,194.49 1 2
github.com/openshift/oc-mirror/v2/pkg/release/cincinnati.go:194.49,196.18 2 2
github.com/openshift/oc-mirror/v2/pkg/release/cincinnati.go:196.18,198.13 2 0
github.com/openshift/oc-mirror/v2/pkg/release/cincinnati.go:200.4,201.18 2 2
github.com/openshift/oc-mirror/v2/pkg/release/cincinnati.go:201.18,203.13 2 2
github.com/openshift/oc-mirror/v2/pkg/release/cincinnati.go:205.4,205.50 1 0
github.com/openshift/oc-mirror/v2/pkg/release/cincinnati.go:209.2,210.16 2 2
github.com/openshift/oc-mirror/v2/pkg/release/cincinnati.go:210.16,212.3 1 0
github.com/openshift/oc-mirror/v2/pkg/release/cincinnati.go:214.2,214.25 1 2
github.com/openshift/oc-mirror/v2/pkg/release/cincinnati.go:214.25,216.3 1 10
github.com/openshift/oc-mirror/v2/pkg/release/cincinnati.go:217.2,217.13 1 2
github.com/openshift/oc-mirror/v2/pkg/release/cincinnati.go:221.214,225.34 3 4
github.com/openshift/oc-mirror/v2/pkg/release/cincinnati.go:225.34,226.30 1 0
github.com/openshift/oc-mirror/v2/pkg/release/cincinnati.go:226.30,228.4 1 0
github.com/openshift/oc-mirror/v2/pkg/release/cincinnati.go:230.2,233.16 3 4
github.com/openshift/oc-mirror/v2/pkg/release/cincinnati.go:233.16,235.3 1 0
github.com/openshift/oc-mirror/v2/pkg/release/cincinnati.go:236.2,237.16 2 4
github.com/openshift/oc-mirror/v2/pkg/release/cincinnati.go:237.16,239.3 1 0
github.com/openshift/oc-mirror/v2/pkg/release/cincinnati.go:241.2,242.26 2 4
github.com/openshift/oc-mirror/v2/pkg/release/cincinnati.go:242.26,244.17 2 1
github.com/openshift/oc-mirror/v2/pkg/release/cincinnati.go:244.17,246.4 1 0
github.com/openshift/oc-mirror/v2/pkg/release/cincinnati.go:247.3,247.62 1 1
github.com/openshift/oc-mirror/v2/pkg/release/cincinnati.go:249.8,251.17 2 3
github.com/openshift/oc-mirror/v2/pkg/release/cincinnati.go:251.17,253.4 1 0
github.com/openshift/oc-mirror/v2/pkg/release/cincinnati.go:254.3,255.17 2 3
github.com/openshift/oc-mirror/v2/pkg/release/cincinnati.go:255.17,257.4 1 0
github.com/openshift/oc-mirror/v2/pkg/release/cincinnati.go:258.3,259.17 2 3
github.com/openshift/oc-mirror/v2/pkg/release/cincinnati.go:259.17,261.4 1 0
github.com/openshift/oc-mirror/v2/pkg/release/cincinnati.go:262.3,262.66 1 3
github.com/openshift/oc-mirror/v2/pkg/release/cincinnati.go:264.2,266.23 2 4
github.com/openshift/oc-mirror/v2/pkg/release/cincinnati.go:270.190,274.30 2 2
github.com/openshift/oc-mirror/v2/pkg/release/cincinnati.go:274.30,275.34 1 8
github.com/openshift/oc-mirror/v2/pkg/release/cincinnati.go:275.34,277.4 1 8
github.com/openshift/oc-mirror/v2/pkg/release/cincinnati.go:280.2,280.27 1 2
github.com/openshift/oc-mirror/v2/pkg/release/cincinnati.go:280.27,282.3 1 0
github.com/openshift/oc-mirror/v2/pkg/release/cincinnati.go:284.2,285.16 2 2
github.com/openshift/oc-mirror/v2/pkg/release/cincinnati.go:285.16,287.3 1 0
github.com/openshift/oc-mirror/v2/pkg/release/cincinnati.go:288.2,289.16 2 2
github.com/openshift/oc-mirror/v2/pkg/release/cincinnati.go:289.16,291.3 1 0
github.com/openshift/oc-mirror/v2/pkg/release/cincinnati.go:292.2,293.16 2 2
github.com/openshift/oc-mirror/v2/pkg/release/cincinnati.go:293.16,295.3 1 2
github.com/openshift/oc-mirror/v2/pkg/release/cincinnati.go:296.2,296.58 1 0
github.com/openshift/oc-mirror/v2/pkg/release/cincinnati.go:300.124,302.33 2 4
github.com/openshift/oc-mirror/v2/pkg/release/cincinnati.go:302.33,305.3 2 8
github.com/openshift/oc-mirror/v2/pkg/release/cincinnati.go:307.2,307.25 1 4
github.com/openshift/oc-mirror/v2/pkg/release/cincinnati.go:307.25,309.3 1 1
github.com/openshift/oc-mirror/v2/pkg/release/cincinnati.go:311.2,311.24 1 4
github.com/openshift/oc-mirror/v2/pkg/release/cincinnati.go:311.24,313.3 1 1
github.com/openshift/oc-mirror/v2/pkg/release/cincinnati.go:315.2,315.18 1 4
github.com/openshift/oc-mirror/v2/pkg/release/client.go:41.49,43.88 2 4
github.com/openshift/oc-mirror/v2/pkg/release/client.go:43.88,46.3 2 1
github.com/openshift/oc-mirror/v2/pkg/release/client.go:46.8,48.3 1 3
github.com/openshift/oc-mirror/v2/pkg/release/client.go:49.2,50.16 2 4
github.com/openshift/oc-mirror/v2/pkg/release/client.go:50.16,52.3 1 0
github.com/openshift/oc-mirror/v2/pkg/release/client.go:54.2,55.16 2 4
github.com/openshift/oc-mirror/v2/pkg/release/client.go:55.16,57.3 1 0
github.com/openshift/oc-mirror/v2/pkg/release/client.go:59.2,63.70 2 4
github.com/openshift/oc-mirror/v2/pkg/release/client.go:66.39,68.2 1 6
github.com/openshift/oc-mirror/v2/pkg/release/client.go:70.52,72.2 1 4
github.com/openshift/oc-mirror/v2/pkg/release/client.go:74.39,76.2 1 2
github.com/openshift/oc-mirror/v2/pkg/release/client.go:78.67,86.33 4 4
github.com/openshift/oc-mirror/v2/pkg/release/client.go:86.33,87.18 1 12
github.com/openshift/oc-mirror/v2/pkg/release/client.go:87.18,89.4 1 10
github.com/openshift/oc-mirror/v2/pkg/release/client.go:91.2,91.39 1 4
github.com/openshift/oc-mirror/v2/pkg/release/client.go:95.49,97.16 2 1
github.com/openshift/oc-mirror/v2/pkg/release/client.go:97.16,99.3 1 0
github.com/openshift/oc-mirror/v2/pkg/release/client.go:101.2,102.16 2 1
github.com/openshift/oc-mirror/v2/pkg/release/client.go:102.16,104.3 1 0
github.com/openshift/oc-mirror/v2/pkg/release/client.go:106.2,110.70 2 1
github.com/openshift/oc-mirror/v2/pkg/release/client.go:113.39,115.2 1 2
github.com/openshift/oc-mirror/v2/pkg/release/client.go:117.39,119.2 1 1
github.com/openshift/oc-mirror/v2/pkg/release/client.go:121.52,123.2 1 0
github.com/openshift/oc-mirror/v2/pkg/release/client.go:125.53,127.2 0 1
github.com/openshift/oc-mirror/v2/pkg/release/client.go:129.42,131.16 2 5
github.com/openshift/oc-mirror/v2/pkg/release/client.go:131.16,133.3 1 0
github.com/openshift/oc-mirror/v2/pkg/release/client.go:134.2,138.20 2 5
github.com/openshift/oc-mirror/v2/pkg/release/collector.go:33.100,38.29 3 5
github.com/openshift/oc-mirror/v2/pkg/release/collector.go:38.29,41.17 3 5
github.com/openshift/oc-mirror/v2/pkg/release/collector.go:41.17,43.4 1 5
github.com/openshift/oc-mirror/v2/pkg/release/collector.go:45.3,47.34 3 5
github.com/openshift/oc-mirror/v2/pkg/release/collector.go:47.34,52.62 5 5
github.com/openshift/oc-mirror/v2/pkg/release/collector.go:52.62,55.19 3 2
github.com/openshift/oc-mirror/v2/pkg/release/collector.go:55.19,57.6 1 0
github.com/openshift/oc-mirror/v2/pkg/release/collector.go:58.5,61.19 4 2
github.com/openshift/oc-mirror/v2/pkg/release/collector.go:61.19,63.6 1 1
github.com/openshift/oc-mirror/v2/pkg/release/collector.go:64.5,69.29 4 1
github.com/openshift/oc-mirror/v2/pkg/release/collector.go:69.29,70.20 1 1
github.com/openshift/oc-mirror/v2/pkg/release/collector.go:70.20,72.7 1 0
github.com/openshift/oc-mirror/v2/pkg/release/collector.go:74.10,76.5 1 3
github.com/openshift/oc-mirror/v2/pkg/release/collector.go:78.4,79.18 2 4
github.com/openshift/oc-mirror/v2/pkg/release/collector.go:79.18,82.5 2 1
github.com/openshift/oc-mirror/v2/pkg/release/collector.go:85.4,85.31 1 3
github.com/openshift/oc-mirror/v2/pkg/release/collector.go:85.31,87.5 1 0
github.com/openshift/oc-mirror/v2/pkg/release/collector.go:88.4,93.18 5 3
github.com/openshift/oc-mirror/v2/pkg/release/collector.go:93.18,95.5 1 1
github.com/openshift/oc-mirror/v2/pkg/release/collector.go:96.4,100.18 4 2
github.com/openshift/oc-mirror/v2/pkg/release/collector.go:100.18,102.5 1 1
github.com/openshift/oc-mirror/v2/pkg/release/collector.go:103.4,108.18 4 1
github.com/openshift/oc-mirror/v2/pkg/release/collector.go:108.18,110.5 1 0
github.com/openshift/oc-mirror/v2/pkg/release/collector.go:112.4,113.18 2 1
github.com/openshift/oc-mirror/v2/pkg/release/collector.go:113.18,115.5 1 0
github.com/openshift/oc-mirror/v2/pkg/release/collector.go:118.4,118.47 1 1
github.com/openshift/oc-mirror/v2/pkg/release/collector.go:121.2,121.96 1 1
github.com/openshift/oc-mirror/v2/pkg/release/collector.go:121.96,132.17 4 0
github.com/openshift/oc-mirror/v2/pkg/release/collector.go:132.17,134.4 1 0
github.com/openshift/oc-mirror/v2/pkg/release/collector.go:137.3,138.15 2 0
github.com/openshift/oc-mirror/v2/pkg/release/collector.go:138.15,140.4 1 0
github.com/openshift/oc-mirror/v2/pkg/release/collector.go:144.3,146.90 3 0
github.com/openshift/oc-mirror/v2/pkg/release/collector.go:146.90,147.52 1 0
github.com/openshift/oc-mirror/v2/pkg/release/collector.go:147.52,150.21 3 0
github.com/openshift/oc-mirror/v2/pkg/release/collector.go:150.21,154.6 3 0
github.com/openshift/oc-mirror/v2/pkg/release/collector.go:154.11,156.6 1 0
github.com/openshift/oc-mirror/v2/pkg/release/collector.go:157.10,157.25 1 0
github.com/openshift/oc-mirror/v2/pkg/release/collector.go:157.25,159.5 1 0
github.com/openshift/oc-mirror/v2/pkg/release/collector.go:160.4,160.14 1 0
github.com/openshift/oc-mirror/v2/pkg/release/collector.go:162.3,162.19 1 0
github.com/openshift/oc-mirror/v2/pkg/release/collector.go:162.19,164.4 1 0
github.com/openshift/oc-mirror/v2/pkg/release/collector.go:166.2,166.23 1 1
github.com/openshift/oc-mirror/v2/pkg/release/collector.go:170.141,172.29 2 1
github.com/openshift/oc-mirror/v2/pkg/release/collector.go:172.29,176.85 3 4
github.com/openshift/oc-mirror/v2/pkg/release/collector.go:176.85,178.18 2 4
github.com/openshift/oc-mirror/v2/pkg/release/collector.go:178.18,181.5 2 0
github.com/openshift/oc-mirror/v2/pkg/release/collector.go:182.4,184.85 3 4
github.com/openshift/oc-mirror/v2/pkg/release/collector.go:185.9,187.4 1 0
github.com/openshift/oc-mirror/v2/pkg/release/collector.go:190.2,190.20 1 1
github.com/openshift/oc-mirror/v2/pkg/release/collector.go:194.73,195.27 1 0
github.com/openshift/oc-mirror/v2/pkg/release/collector.go:195.27,196.23 1 0
github.com/openshift/oc-mirror/v2/pkg/release/collector.go:196.23,199.4 2 0
github.com/openshift/oc-mirror/v2/pkg/release/collector.go:201.2,201.11 1 0
github.com/openshift/oc-mirror/v2/pkg/release/core-cincinnati.go:66.31,68.2 1 7
github.com/openshift/oc-mirror/v2/pkg/release/core-cincinnati.go:74.158,81.16 5 19
github.com/openshift/oc-mirror/v2/pkg/release/core-cincinnati.go:81.16,87.3 1 0
github.com/openshift/oc-mirror/v2/pkg/release/core-cincinnati.go:90.2,92.35 3 19
github.com/openshift/oc-mirror/v2/pkg/release/core-cincinnati.go:92.35,93.31 1 55
github.com/openshift/oc-mirror/v2/pkg/release/core-cincinnati.go:93.31,97.9 4 16
github.com/openshift/oc-mirror/v2/pkg/release/core-cincinnati.go:100.2,100.12 1 19
github.com/openshift/oc-mirror/v2/pkg/release/core-cincinnati.go:100.12,105.3 1 3
github.com/openshift/oc-mirror/v2/pkg/release/core-cincinnati.go:107.2,109.35 3 16
github.com/openshift/oc-mirror/v2/pkg/release/core-cincinnati.go:109.35,110.30 1 72
github.com/openshift/oc-mirror/v2/pkg/release/core-cincinnati.go:110.30,114.9 4 15
github.com/openshift/oc-mirror/v2/pkg/release/core-cincinnati.go:117.2,117.12 1 16
github.com/openshift/oc-mirror/v2/pkg/release/core-cincinnati.go:117.12,122.3 1 1
github.com/openshift/oc-mirror/v2/pkg/release/core-cincinnati.go:124.2,125.35 2 15
github.com/openshift/oc-mirror/v2/pkg/release/core-cincinnati.go:125.35,127.3 1 62
github.com/openshift/oc-mirror/v2/pkg/release/core-cincinnati.go:130.2,130.50 1 15
github.com/openshift/oc-mirror/v2/pkg/release/core-cincinnati.go:130.50,131.48 1 54
github.com/openshift/oc-mirror/v2/pkg/release/core-cincinnati.go:131.48,133.4 1 8
github.com/openshift/oc-mirror/v2/pkg/release/core-cincinnati.go:134.3,134.39 1 54
github.com/openshift/oc-mirror/v2/pkg/release/core-cincinnati.go:137.2,137.62 1 15
github.com/openshift/oc-mirror/v2/pkg/release/core-cincinnati.go:137.62,144.22 6 15
github.com/openshift/oc-mirror/v2/pkg/release/core-cincinnati.go:144.22,147.19 3 35
github.com/openshift/oc-mirror/v2/pkg/release/core-cincinnati.go:147.19,148.10 1 13
github.com/openshift/oc-mirror/v2/pkg/release/core-cincinnati.go:151.4,151.37 1 22
github.com/openshift/oc-mirror/v2/pkg/release/core-cincinnati.go:151.37,152.40 1 24
github.com/openshift/oc-mirror/v2/pkg/release/core-cincinnati.go:152.40,156.6 3 23
github.com/openshift/oc-mirror/v2/pkg/release/core-cincinnati.go:161.3,161.33 1 15
github.com/openshift/oc-mirror/v2/pkg/release/core-cincinnati.go:161.33,163.4 1 2
github.com/openshift/oc-mirror/v2/pkg/release/core-cincinnati.go:165.3,166.56 2 13
github.com/openshift/oc-mirror/v2/pkg/release/core-cincinnati.go:166.56,168.4 1 14
github.com/openshift/oc-mirror/v2/pkg/release/core-cincinnati.go:171.3,171.54 1 13
github.com/openshift/oc-mirror/v2/pkg/release/core-cincinnati.go:171.54,173.4 1 11
github.com/openshift/oc-mirror/v2/pkg/release/core-cincinnati.go:175.3,175.14 1 13
github.com/openshift/oc-mirror/v2/pkg/release/core-cincinnati.go:178.2,181.29 3 15
github.com/openshift/oc-mirror/v2/pkg/release/core-cincinnati.go:181.29,183.3 1 27
github.com/openshift/oc-mirror/v2/pkg/release/core-cincinnati.go:185.2,185.41 1 15
[...]
github.com/openshift/oc-mirror/v2/pkg/release/local_stored_collector.go:76.62,79.19 3 2
github.com/openshift/oc-mirror/v2/pkg/release/local_stored_collector.go:79.19,81.6 1 0
github.com/openshift/oc-mirror/v2/pkg/release/local_stored_collector.go:82.5,83.19 2 2
github.com/openshift/oc-mirror/v2/pkg/release/local_stored_collector.go:83.19,85.6 1 1
github.com/openshift/oc-mirror/v2/pkg/release/local_stored_collector.go:86.5,91.29 4 1
github.com/openshift/oc-mirror/v2/pkg/release/local_stored_collector.go:91.29,92.20 1 1
github.com/openshift/oc-mirror/v2/pkg/release/local_stored_collector.go:92.20,94.7 1 0
github.com/openshift/oc-mirror/v2/pkg/release/local_stored_collector.go:96.10,98.5 1 3
github.com/openshift/oc-mirror/v2/pkg/release/local_stored_collector.go:100.4,101.18 2 4
github.com/openshift/oc-mirror/v2/pkg/release/local_stored_collector.go:101.18,104.5 2 1
github.com/openshift/oc-mirror/v2/pkg/release/local_stored_collector.go:107.4,107.31 1 3
github.com/openshift/oc-mirror/v2/pkg/release/local_stored_collector.go:107.31,109.5 1 0
github.com/openshift/oc-mirror/v2/pkg/release/local_stored_collector.go:110.4,111.18 2 3
github.com/openshift/oc-mirror/v2/pkg/release/local_stored_collector.go:111.18,113.5 1 0
github.com/openshift/oc-mirror/v2/pkg/release/local_stored_collector.go:115.4,120.18 5 3
github.com/openshift/oc-mirror/v2/pkg/release/local_stored_collector.go:120.18,122.5 1 1
github.com/openshift/oc-mirror/v2/pkg/release/local_stored_collector.go:123.4,127.18 4 2
github.com/openshift/oc-mirror/v2/pkg/release/local_stored_collector.go:127.18,129.5 1 1
github.com/openshift/oc-mirror/v2/pkg/release/local_stored_collector.go:130.4,135.18 4 1
github.com/openshift/oc-mirror/v2/pkg/release/local_stored_collector.go:135.18,137.5 1 0
github.com/openshift/oc-mirror/v2/pkg/release/local_stored_collector.go:139.4,141.18 3 1
github.com/openshift/oc-mirror/v2/pkg/release/local_stored_collector.go:141.18,143.5 1 0
github.com/openshift/oc-mirror/v2/pkg/release/local_stored_collector.go:144.4,144.50 1 1
github.com/openshift/oc-mirror/v2/pkg/release/local_stored_collector.go:148.3,149.17 2 1
github.com/openshift/oc-mirror/v2/pkg/release/local_stored_collector.go:149.17,151.4 1 0
github.com/openshift/oc-mirror/v2/pkg/release/local_stored_collector.go:153.3,153.60 1 1
github.com/openshift/oc-mirror/v2/pkg/release/local_stored_collector.go:153.60,156.18 3 0
github.com/openshift/oc-mirror/v2/pkg/release/local_stored_collector.go:156.18,158.5 1 0
github.com/openshift/oc-mirror/v2/pkg/release/local_stored_collector.go:159.4,166.44 3 0
github.com/openshift/oc-mirror/v2/pkg/release/local_stored_collector.go:169.8,169.36 1 1
github.com/openshift/oc-mirror/v2/pkg/release/local_stored_collector.go:169.36,172.17 2 1
github.com/openshift/oc-mirror/v2/pkg/release/local_stored_collector.go:172.17,174.4 1 0
github.com/openshift/oc-mirror/v2/pkg/release/local_stored_collector.go:175.3,180.45 3 1
github.com/openshift/oc-mirror/v2/pkg/release/local_stored_collector.go:180.45,185.18 3 2
github.com/openshift/oc-mirror/v2/pkg/release/local_stored_collector.go:185.18,187.5 1 0
github.com/openshift/oc-mirror/v2/pkg/release/local_stored_collector.go:188.4,188.72 1 2
github.com/openshift/oc-mirror/v2/pkg/release/local_stored_collector.go:190.3,190.37 1 1
github.com/openshift/oc-mirror/v2/pkg/release/local_stored_collector.go:190.37,200.4 3 0
github.com/openshift/oc-mirror/v2/pkg/release/local_stored_collector.go:201.3,202.17 2 1
github.com/openshift/oc-mirror/v2/pkg/release/local_stored_collector.go:202.17,204.4 1 0
github.com/openshift/oc-mirror/v2/pkg/release/local_stored_collector.go:208.2,208.23 1 2
github.com/openshift/oc-mirror/v2/pkg/release/local_stored_collector.go:211.155,213.29 2 1
github.com/openshift/oc-mirror/v2/pkg/release/local_stored_collector.go:213.29,218.17 4 10
github.com/openshift/oc-mirror/v2/pkg/release/local_stored_collector.go:218.17,221.4 2 0
github.com/openshift/oc-mirror/v2/pkg/release/local_stored_collector.go:222.3,222.32 1 10
github.com/openshift/oc-mirror/v2/pkg/release/local_stored_collector.go:222.32,225.4 2 8
github.com/openshift/oc-mirror/v2/pkg/release/local_stored_collector.go:225.9,228.4 2 2
github.com/openshift/oc-mirror/v2/pkg/release/local_stored_collector.go:229.3,229.30 1 10
github.com/openshift/oc-mirror/v2/pkg/release/local_stored_collector.go:229.30,231.4 1 0
github.com/openshift/oc-mirror/v2/pkg/release/local_stored_collector.go:233.3,235.103 3 10
github.com/openshift/oc-mirror/v2/pkg/release/local_stored_collector.go:238.2,238.20 1 1
github.com/openshift/oc-mirror/v2/pkg/release/local_stored_collector.go:241.155,243.29 2 1
github.com/openshift/oc-mirror/v2/pkg/release/local_stored_collector.go:243.29,248.17 4 5
github.com/openshift/oc-mirror/v2/pkg/release/local_stored_collector.go:248.17,251.4 2 0
github.com/openshift/oc-mirror/v2/pkg/release/local_stored_collector.go:252.3,253.32 2 5
github.com/openshift/oc-mirror/v2/pkg/release/local_stored_collector.go:253.32,255.4 1 4
github.com/openshift/oc-mirror/v2/pkg/release/local_stored_collector.go:255.9,258.4 1 1
github.com/openshift/oc-mirror/v2/pkg/release/local_stored_collector.go:259.3,261.84 3 5
github.com/openshift/oc-mirror/v2/pkg/release/local_stored_collector.go:263.2,263.20 1 1
github.com/openshift/oc-mirror/v2/pkg/release/local_stored_collector.go:266.94,275.16 6 1
github.com/openshift/oc-mirror/v2/pkg/release/local_stored_collector.go:275.16,277.3 1 0
github.com/openshift/oc-mirror/v2/pkg/release/local_stored_collector.go:279.2,280.16 2 1
github.com/openshift/oc-mirror/v2/pkg/release/local_stored_collector.go:280.16,282.3 1 0
github.com/openshift/oc-mirror/v2/pkg/release/local_stored_collector.go:284.2,287.42 4 1
github.com/openshift/oc-mirror/v2/pkg/release/local_stored_collector.go:287.42,293.3 5 2
github.com/openshift/oc-mirror/v2/pkg/release/local_stored_collector.go:294.2,294.43 1 1
github.com/openshift/oc-mirror/v2/pkg/release/local_stored_collector.go:297.92,299.16 2 1
github.com/openshift/oc-mirror/v2/pkg/release/local_stored_collector.go:299.16,301.3 1 0
github.com/openshift/oc-mirror/v2/pkg/release/local_stored_collector.go:302.2,305.59 3 1
github.com/openshift/oc-mirror/v2/pkg/release/local_stored_collector.go:305.59,308.17 3 1
github.com/openshift/oc-mirror/v2/pkg/release/local_stored_collector.go:308.17,310.4 1 0
github.com/openshift/oc-mirror/v2/pkg/release/local_stored_collector.go:313.2,314.16 2 1
github.com/openshift/oc-mirror/v2/pkg/release/local_stored_collector.go:314.16,316.3 1 0
github.com/openshift/oc-mirror/v2/pkg/release/local_stored_collector.go:317.2,320.16 3 1
github.com/openshift/oc-mirror/v2/pkg/release/local_stored_collector.go:320.16,322.3 1 0
github.com/openshift/oc-mirror/v2/pkg/release/local_stored_collector.go:323.2,323.12 1 1
github.com/openshift/oc-mirror/v2/pkg/release/new.go:19.22,20.28 1 0
github.com/openshift/oc-mirror/v2/pkg/release/new.go:20.28,22.3 1 0
github.com/openshift/oc-mirror/v2/pkg/release/new.go:22.8,24.3 1 0
github.com/openshift/oc-mirror/v2/pkg/release/signature.go:28.143,30.2 1 0
github.com/openshift/oc-mirror/v2/pkg/release/signature.go:33.144,44.31 6 0
github.com/openshift/oc-mirror/v2/pkg/release/signature.go:44.31,49.17 3 0
github.com/openshift/oc-mirror/v2/pkg/release/signature.go:49.17,50.26 1 0
github.com/openshift/oc-mirror/v2/pkg/release/signature.go:50.26,52.5 1 0
github.com/openshift/oc-mirror/v2/pkg/release/signature.go:55.3,58.21 2 0
github.com/openshift/oc-mirror/v2/pkg/release/signature.go:58.21,63.18 4 0
github.com/openshift/oc-mirror/v2/pkg/release/signature.go:63.18,65.5 1 0
github.com/openshift/oc-mirror/v2/pkg/release/signature.go:66.4,67.40 2 0
github.com/openshift/oc-mirror/v2/pkg/release/signature.go:67.40,71.19 3 0
github.com/openshift/oc-mirror/v2/pkg/release/signature.go:71.19,73.6 1 0
github.com/openshift/oc-mirror/v2/pkg/release/signature.go:77.3,77.20 1 0
github.com/openshift/oc-mirror/v2/pkg/release/signature.go:77.20,80.18 2 0
github.com/openshift/oc-mirror/v2/pkg/release/signature.go:80.18,82.5 1 0
github.com/openshift/oc-mirror/v2/pkg/release/signature.go:83.4,86.18 3 0
github.com/openshift/oc-mirror/v2/pkg/release/signature.go:86.18,88.5 1 0
github.com/openshift/oc-mirror/v2/pkg/release/signature.go:89.4,89.20 1 0
github.com/openshift/oc-mirror/v2/pkg/release/signature.go:89.20,91.5 1 0
github.com/openshift/oc-mirror/v2/pkg/release/signature.go:92.4,93.18 2 0
github.com/openshift/oc-mirror/v2/pkg/release/signature.go:93.18,95.5 1 0
github.com/openshift/oc-mirror/v2/pkg/release/signature.go:96.4,96.32 1 0
github.com/openshift/oc-mirror/v2/pkg/release/signature.go:96.32,98.5 1 0
github.com/openshift/oc-mirror/v2/pkg/release/signature.go:99.4,99.26 1 0
github.com/openshift/oc-mirror/v2/pkg/release/signature.go:99.26,101.5 1 0
github.com/openshift/oc-mirror/v2/pkg/release/signature.go:103.4,116.27 11 0
github.com/openshift/oc-mirror/v2/pkg/release/signature.go:116.27,117.44 1 0
github.com/openshift/oc-mirror/v2/pkg/release/signature.go:117.44,119.34 2 0
github.com/openshift/oc-mirror/v2/pkg/release/signature.go:119.34,121.7 1 0
github.com/openshift/oc-mirror/v2/pkg/release/signature.go:123.10,123.36 1 0
github.com/openshift/oc-mirror/v2/pkg/release/signature.go:123.36,125.5 1 0
github.com/openshift/oc-mirror/v2/pkg/release/signature.go:127.4,131.18 4 0
github.com/openshift/oc-mirror/v2/pkg/release/signature.go:131.18,134.5 2 0
github.com/openshift/oc-mirror/v2/pkg/release/signature.go:135.4,141.19 5 0
github.com/openshift/oc-mirror/v2/pkg/release/signature.go:141.19,143.5 1 0
github.com/openshift/oc-mirror/v2/pkg/release/signature.go:144.4,144.30 1 0
github.com/openshift/oc-mirror/v2/pkg/release/signature.go:145.9,148.4 2 0
github.com/openshift/oc-mirror/v2/pkg/release/signature.go:150.2,150.18 1 0
github.com/openshift/oc-mirror/v2/pkg/manifest/oci-manifest.go:43.63,45.2 1 0
github.com/openshift/oc-mirror/v2/pkg/manifest/oci-manifest.go:48.75,51.16 3 1
github.com/openshift/oc-mirror/v2/pkg/manifest/oci-manifest.go:51.16,53.3 1 0
github.com/openshift/oc-mirror/v2/pkg/manifest/oci-manifest.go:54.2,55.16 2 1
github.com/openshift/oc-mirror/v2/pkg/manifest/oci-manifest.go:55.16,57.3 1 0
github.com/openshift/oc-mirror/v2/pkg/manifest/oci-manifest.go:58.2,58.17 1 1
github.com/openshift/oc-mirror/v2/pkg/manifest/oci-manifest.go:63.79,66.16 3 1
github.com/openshift/oc-mirror/v2/pkg/manifest/oci-manifest.go:66.16,68.3 1 0
github.com/openshift/oc-mirror/v2/pkg/manifest/oci-manifest.go:69.2,70.16 2 1
github.com/openshift/oc-mirror/v2/pkg/manifest/oci-manifest.go:70.16,72.3 1 0
github.com/openshift/oc-mirror/v2/pkg/manifest/oci-manifest.go:73.2,73.17 1 1
github.com/openshift/oc-mirror/v2/pkg/manifest/oci-manifest.go:77.91,80.16 3 1
github.com/openshift/oc-mirror/v2/pkg/manifest/oci-manifest.go:80.16,82.3 1 0
github.com/openshift/oc-mirror/v2/pkg/manifest/oci-manifest.go:83.2,84.16 2 1
github.com/openshift/oc-mirror/v2/pkg/manifest/oci-manifest.go:84.16,86.3 1 0
github.com/openshift/oc-mirror/v2/pkg/manifest/oci-manifest.go:87.2,87.17 1 1
github.com/openshift/oc-mirror/v2/pkg/manifest/oci-manifest.go:92.116,95.16 3 1
github.com/openshift/oc-mirror/v2/pkg/manifest/oci-manifest.go:95.16,97.3 1 0
github.com/openshift/oc-mirror/v2/pkg/manifest/oci-manifest.go:98.2,98.29 1 1
github.com/openshift/oc-mirror/v2/pkg/manifest/oci-manifest.go:98.29,102.17 2 1
github.com/openshift/oc-mirror/v2/pkg/manifest/oci-manifest.go:102.17,104.4 1 0
github.com/openshift/oc-mirror/v2/pkg/manifest/oci-manifest.go:105.3,106.17 2 1
github.com/openshift/oc-mirror/v2/pkg/manifest/oci-manifest.go:106.17,108.4 1 0
github.com/openshift/oc-mirror/v2/pkg/manifest/oci-manifest.go:110.3,110.24 1 1
github.com/openshift/oc-mirror/v2/pkg/manifest/oci-manifest.go:110.24,112.4 1 1
github.com/openshift/oc-mirror/v2/pkg/manifest/oci-manifest.go:114.2,114.27 1 1
github.com/openshift/oc-mirror/v2/pkg/manifest/oci-manifest.go:118.181,120.34 2 3
github.com/openshift/oc-mirror/v2/pkg/manifest/oci-manifest.go:120.34,124.17 2 3
github.com/openshift/oc-mirror/v2/pkg/manifest/oci-manifest.go:124.17,126.4 1 0
github.com/openshift/oc-mirror/v2/pkg/manifest/oci-manifest.go:128.3,129.17 2 3
github.com/openshift/oc-mirror/v2/pkg/manifest/oci-manifest.go:129.17,131.4 1 0
github.com/openshift/oc-mirror/v2/pkg/manifest/oci-manifest.go:133.3,133.24 1 3
github.com/openshift/oc-mirror/v2/pkg/manifest/oci-manifest.go:133.24,135.4 1 3
github.com/openshift/oc-mirror/v2/pkg/manifest/oci-manifest.go:136.3,136.50 1 3
github.com/openshift/oc-mirror/v2/pkg/manifest/oci-manifest.go:138.2,138.27 1 3
github.com/openshift/oc-mirror/v2/pkg/manifest/oci-manifest.go:142.100,143.77 1 1
github.com/openshift/oc-mirror/v2/pkg/manifest/oci-manifest.go:143.77,144.35 1 0
github.com/openshift/oc-mirror/v2/pkg/manifest/oci-manifest.go:144.35,146.18 2 0
github.com/openshift/oc-mirror/v2/pkg/manifest/oci-manifest.go:146.18,148.5 1 0
github.com/openshift/oc-mirror/v2/pkg/manifest/oci-manifest.go:149.4,150.18 2 0
github.com/openshift/oc-mirror/v2/pkg/manifest/oci-manifest.go:150.18,152.5 1 0
github.com/openshift/oc-mirror/v2/pkg/manifest/oci-manifest.go:153.4,154.18 2 0
github.com/openshift/oc-mirror/v2/pkg/manifest/oci-manifest.go:154.18,156.5 1 0
github.com/openshift/oc-mirror/v2/pkg/manifest/oci-manifest.go:158.8,160.3 1 1
github.com/openshift/oc-mirror/v2/pkg/manifest/oci-manifest.go:161.2,161.12 1 1
github.com/openshift/oc-mirror/v2/pkg/manifest/oci-manifest.go:165.87,169.16 3 1
github.com/openshift/oc-mirror/v2/pkg/manifest/oci-manifest.go:169.16,171.3 1 0
github.com/openshift/oc-mirror/v2/pkg/manifest/oci-manifest.go:173.2,174.16 2 1
github.com/openshift/oc-mirror/v2/pkg/manifest/oci-manifest.go:174.16,176.3 1 0
github.com/openshift/oc-mirror/v2/pkg/manifest/oci-manifest.go:178.2,179.41 2 1
github.com/openshift/oc-mirror/v2/pkg/manifest/oci-manifest.go:179.41,181.3 1 1
github.com/openshift/oc-mirror/v2/pkg/manifest/oci-manifest.go:182.2,182.23 1 1
github.com/openshift/oc-mirror/v2/pkg/manifest/oci-manifest.go:186.72,191.16 4 0
github.com/openshift/oc-mirror/v2/pkg/manifest/oci-manifest.go:191.16,193.3 1 0
github.com/openshift/oc-mirror/v2/pkg/manifest/oci-manifest.go:195.2,196.6 2 0
github.com/openshift/oc-mirror/v2/pkg/manifest/oci-manifest.go:196.6,199.20 2 0
github.com/openshift/oc-mirror/v2/pkg/manifest/oci-manifest.go:199.20,200.9 1 0
github.com/openshift/oc-mirror/v2/pkg/manifest/oci-manifest.go:203.3,203.17 1 0
github.com/openshift/oc-mirror/v2/pkg/manifest/oci-manifest.go:203.17,205.4 1 0
github.com/openshift/oc-mirror/v2/pkg/manifest/oci-manifest.go:207.3,207.48 1 0
github.com/openshift/oc-mirror/v2/pkg/manifest/oci-manifest.go:207.48,208.27 1 0
github.com/openshift/oc-mirror/v2/pkg/manifest/oci-manifest.go:209.21,210.28 1 0
github.com/openshift/oc-mirror/v2/pkg/manifest/oci-manifest.go:210.28,211.68 1 0
github.com/openshift/oc-mirror/v2/pkg/manifest/oci-manifest.go:211.68,213.7 1 0
github.com/openshift/oc-mirror/v2/pkg/manifest/oci-manifest.go:215.21,217.19 2 0
github.com/openshift/oc-mirror/v2/pkg/manifest/oci-manifest.go:217.19,219.6 1 0
github.com/openshift/oc-mirror/v2/pkg/manifest/oci-manifest.go:220.5,220.58 1 0
github.com/openshift/oc-mirror/v2/pkg/manifest/oci-manifest.go:220.58,222.6 1 0
github.com/openshift/oc-mirror/v2/pkg/manifest/oci-manifest.go:223.5,223.20 1 0
github.com/openshift/oc-mirror/v2/pkg/manifest/oci-manifest.go:225.12,227.81 1 0
github.com/openshift/oc-mirror/v2/pkg/manifest/oci-manifest.go:231.2,231.12 1 0
github.com/openshift/oc-mirror/v2/pkg/manifest/oci-manifest.go:236.77,242.16 3 4
github.com/openshift/oc-mirror/v2/pkg/manifest/oci-manifest.go:242.16,244.3 1 0
github.com/openshift/oc-mirror/v2/pkg/manifest/oci-manifest.go:245.2,248.16 4 4
github.com/openshift/oc-mirror/v2/pkg/manifest/oci-manifest.go:248.16,250.3 1 0
github.com/openshift/oc-mirror/v2/pkg/manifest/oci-manifest.go:251.2,251.17 1 4
github.com/openshift/oc-mirror/v2/pkg/manifest/oci-manifest.go:256.151,263.26 4 1
github.com/openshift/oc-mirror/v2/pkg/manifest/oci-manifest.go:263.26,264.10 1 20
github.com/openshift/oc-mirror/v2/pkg/manifest/oci-manifest.go:265.36,266.34 1 3
github.com/openshift/oc-mirror/v2/pkg/manifest/oci-manifest.go:266.34,270.19 4 1
github.com/openshift/oc-mirror/v2/pkg/manifest/oci-manifest.go:270.19,272.6 1 0
github.com/openshift/oc-mirror/v2/pkg/manifest/oci-manifest.go:273.5,273.25 1 1
github.com/openshift/oc-mirror/v2/pkg/manifest/oci-manifest.go:275.35,276.25 1 16
github.com/openshift/oc-mirror/v2/pkg/manifest/oci-manifest.go:276.25,280.5 3 1
github.com/openshift/oc-mirror/v2/pkg/manifest/oci-manifest.go:281.36,283.39 2 1
github.com/openshift/oc-mirror/v2/pkg/manifest/oci-manifest.go:286.2,286.27 1 1
github.com/openshift/oc-mirror/v2/pkg/manifest/oci-manifest.go:291.168,296.26 3 3
github.com/openshift/oc-mirror/v2/pkg/manifest/oci-manifest.go:296.26,297.10 1 60
github.com/openshift/oc-mirror/v2/pkg/manifest/oci-manifest.go:298.36,299.28 1 9
github.com/openshift/oc-mirror/v2/pkg/manifest/oci-manifest.go:299.28,300.32 1 6
github.com/openshift/oc-mirror/v2/pkg/manifest/oci-manifest.go:300.32,303.20 3 2
github.com/openshift/oc-mirror/v2/pkg/manifest/oci-manifest.go:303.20,305.7 1 0
github.com/openshift/oc-mirror/v2/pkg/manifest/oci-manifest.go:306.6,306.29 1 2
github.com/openshift/oc-mirror/v2/pkg/manifest/oci-manifest.go:306.29,308.7 1 0
github.com/openshift/oc-mirror/v2/pkg/manifest/oci-manifest.go:310.10,312.19 2 3
github.com/openshift/oc-mirror/v2/pkg/manifest/oci-manifest.go:312.19,314.6 1 0
github.com/openshift/oc-mirror/v2/pkg/manifest/oci-manifest.go:315.5,316.25 2 3
github.com/openshift/oc-mirror/v2/pkg/manifest/oci-manifest.go:318.35,319.38 1 48
github.com/openshift/oc-mirror/v2/pkg/manifest/oci-manifest.go:319.38,323.5 3 3
github.com/openshift/oc-mirror/v2/pkg/manifest/oci-manifest.go:325.4,325.16 1 48
github.com/openshift/oc-mirror/v2/pkg/manifest/oci-manifest.go:325.16,327.5 1 0
github.com/openshift/oc-mirror/v2/pkg/manifest/oci-manifest.go:328.36,330.38 2 3
github.com/openshift/oc-mirror/v2/pkg/manifest/oci-manifest.go:333.2,333.27 1 3
github.com/openshift/oc-mirror/v2/pkg/manifest/oci-manifest.go:337.69,340.29 3 4
github.com/openshift/oc-mirror/v2/pkg/manifest/oci-manifest.go:340.29,343.19 2 57
github.com/openshift/oc-mirror/v2/pkg/manifest/oci-manifest.go:343.19,345.4 1 0
github.com/openshift/oc-mirror/v2/pkg/manifest/oci-manifest.go:346.3,350.17 5 57
github.com/openshift/oc-mirror/v2/pkg/manifest/oci-manifest.go:350.17,352.4 1 0
github.com/openshift/oc-mirror/v2/pkg/manifest/oci-manifest.go:354.3,354.32 1 57
github.com/openshift/oc-mirror/v2/pkg/manifest/oci-manifest.go:354.32,357.4 2 16
github.com/openshift/oc-mirror/v2/pkg/manifest/oci-manifest.go:359.2,359.33 1 4
github.com/openshift/oc-mirror/v2/pkg/manifest/oci-manifest.go:363.90,371.18 5 2
github.com/openshift/oc-mirror/v2/pkg/manifest/oci-manifest.go:371.18,373.17 2 2
github.com/openshift/oc-mirror/v2/pkg/manifest/oci-manifest.go:373.17,375.4 1 0
github.com/openshift/oc-mirror/v2/pkg/manifest/oci-manifest.go:376.8,378.3 1 0
github.com/openshift/oc-mirror/v2/pkg/manifest/oci-manifest.go:379.2,379.18 1 2
github.com/openshift/oc-mirror/v2/pkg/manifest/oci-manifest.go:379.18,381.17 2 2
github.com/openshift/oc-mirror/v2/pkg/manifest/oci-manifest.go:381.17,383.4 1 0
github.com/openshift/oc-mirror/v2/pkg/manifest/oci-manifest.go:384.8,386.3 1 0
github.com/openshift/oc-mirror/v2/pkg/manifest/oci-manifest.go:388.2,388.28 1 2
github.com/openshift/oc-mirror/v2/pkg/manifest/oci-manifest.go:388.28,391.19 2 32
github.com/openshift/oc-mirror/v2/pkg/manifest/oci-manifest.go:391.19,393.4 1 0
github.com/openshift/oc-mirror/v2/pkg/manifest/oci-manifest.go:394.3,398.17 5 32
github.com/openshift/oc-mirror/v2/pkg/manifest/oci-manifest.go:398.17,400.4 1 0
github.com/openshift/oc-mirror/v2/pkg/manifest/oci-manifest.go:401.3,401.75 1 32
github.com/openshift/oc-mirror/v2/pkg/manifest/oci-manifest.go:401.75,403.4 1 0
github.com/openshift/oc-mirror/v2/pkg/manifest/oci-manifest.go:405.2,405.21 1 2
