mode: set
github.com/openshift/oc-mirror/v2/pkg/additional/collector.go:37.104,41.33 2 1
github.com/openshift/oc-mirror/v2/pkg/additional/collector.go:41.33,42.82 1 1
github.com/openshift/oc-mirror/v2/pkg/additional/collector.go:42.82,44.18 2 1
github.com/openshift/oc-mirror/v2/pkg/additional/collector.go:44.18,46.5 1 0
github.com/openshift/oc-mirror/v2/pkg/additional/collector.go:47.4,48.67 2 1
github.com/openshift/oc-mirror/v2/pkg/additional/collector.go:48.67,50.19 2 1
github.com/openshift/oc-mirror/v2/pkg/additional/collector.go:50.19,52.6 1 1
github.com/openshift/oc-mirror/v2/pkg/additional/collector.go:53.5,58.92 6 0
github.com/openshift/oc-mirror/v2/pkg/additional/collector.go:59.10,61.5 1 0
github.com/openshift/oc-mirror/v2/pkg/additional/collector.go:65.2,65.33 1 0
github.com/openshift/oc-mirror/v2/pkg/additional/collector.go:65.33,67.15 2 0
github.com/openshift/oc-mirror/v2/pkg/additional/collector.go:67.15,69.4 1 0
github.com/openshift/oc-mirror/v2/pkg/additional/collector.go:70.3,70.59 1 0
github.com/openshift/oc-mirror/v2/pkg/additional/collector.go:70.59,72.86 2 0
github.com/openshift/oc-mirror/v2/pkg/additional/collector.go:72.86,73.53 1 0
github.com/openshift/oc-mirror/v2/pkg/additional/collector.go:73.53,79.6 4 0
github.com/openshift/oc-mirror/v2/pkg/additional/collector.go:80.5,80.15 1 0
github.com/openshift/oc-mirror/v2/pkg/additional/collector.go:83.3,83.15 1 0
github.com/openshift/oc-mirror/v2/pkg/additional/collector.go:83.15,85.4 1 0
github.com/openshift/oc-mirror/v2/pkg/additional/collector.go:87.2,87.23 1 0
github.com/openshift/oc-mirror/v2/pkg/additional/collector.go:91.72,95.20 4 1
github.com/openshift/oc-mirror/v2/pkg/additional/collector.go:95.20,97.3 1 0
github.com/openshift/oc-mirror/v2/pkg/additional/collector.go:98.2,99.37 2 1
github.com/openshift/oc-mirror/v2/pkg/additional/collector.go:99.37,101.3 1 0
github.com/openshift/oc-mirror/v2/pkg/additional/collector.go:102.2,102.37 1 1
github.com/openshift/oc-mirror/v2/pkg/additional/collector.go:102.37,104.3 1 1
github.com/openshift/oc-mirror/v2/pkg/additional/collector.go:105.2,106.17 2 1
github.com/openshift/oc-mirror/v2/pkg/additional/local_stored_collector.go:31.116,35.33 2 0
github.com/openshift/oc-mirror/v2/pkg/additional/local_stored_collector.go:35.33,36.82 1 0
github.com/openshift/oc-mirror/v2/pkg/additional/local_stored_collector.go:36.82,41.37 4 0
github.com/openshift/oc-mirror/v2/pkg/additional/local_stored_collector.go:41.37,43.5 1 0
github.com/openshift/oc-mirror/v2/pkg/additional/local_stored_collector.go:43.10,47.5 2 0
github.com/openshift/oc-mirror/v2/pkg/additional/local_stored_collector.go:49.4,49.31 1 0
github.com/openshift/oc-mirror/v2/pkg/additional/local_stored_collector.go:49.31,51.5 1 0
github.com/openshift/oc-mirror/v2/pkg/additional/local_stored_collector.go:51.10,53.5 1 0
github.com/openshift/oc-mirror/v2/pkg/additional/local_stored_collector.go:55.4,57.91 3 0
github.com/openshift/oc-mirror/v2/pkg/additional/local_stored_collector.go:62.2,62.33 1 0
github.com/openshift/oc-mirror/v2/pkg/additional/local_stored_collector.go:62.33,63.82 1 0
github.com/openshift/oc-mirror/v2/pkg/additional/local_stored_collector.go:63.82,70.49 3 0
github.com/openshift/oc-mirror/v2/pkg/additional/local_stored_collector.go:70.49,76.33 3 0
github.com/openshift/oc-mirror/v2/pkg/additional/local_stored_collector.go:76.33,78.6 1 0
github.com/openshift/oc-mirror/v2/pkg/additional/local_stored_collector.go:79.5,81.34 2 0
github.com/openshift/oc-mirror/v2/pkg/additional/local_stored_collector.go:81.34,83.6 1 0
github.com/openshift/oc-mirror/v2/pkg/additional/local_stored_collector.go:83.11,85.6 1 0
github.com/openshift/oc-mirror/v2/pkg/additional/local_stored_collector.go:97.10,101.5 3 0
github.com/openshift/oc-mirror/v2/pkg/additional/local_stored_collector.go:103.4,103.31 1 0
github.com/openshift/oc-mirror/v2/pkg/additional/local_stored_collector.go:103.31,105.5 1 0
github.com/openshift/oc-mirror/v2/pkg/additional/local_stored_collector.go:107.4,109.91 3 0
github.com/openshift/oc-mirror/v2/pkg/additional/local_stored_collector.go:112.2,112.23 1 0
github.com/openshift/oc-mirror/v2/pkg/additional/local_stored_collector.go:115.42,117.2 1 0
github.com/openshift/oc-mirror/v2/pkg/additional/local_stored_collector.go:119.38,122.23 3 0
github.com/openshift/oc-mirror/v2/pkg/additional/local_stored_collector.go:122.23,124.3 1 0
github.com/openshift/oc-mirror/v2/pkg/additional/local_stored_collector.go:126.2,126.18 1 0
github.com/openshift/oc-mirror/v2/pkg/additional/local_stored_collector.go:129.38,132.23 3 0
github.com/openshift/oc-mirror/v2/pkg/additional/local_stored_collector.go:132.23,134.3 1 0
github.com/openshift/oc-mirror/v2/pkg/additional/local_stored_collector.go:136.2,136.13 1 0
github.com/openshift/oc-mirror/v2/pkg/additional/new.go:17.22,18.28 1 0
github.com/openshift/oc-mirror/v2/pkg/additional/new.go:18.28,20.3 1 0
github.com/openshift/oc-mirror/v2/pkg/additional/new.go:20.8,22.3 1 0
github.com/openshift/oc-mirror/v2/pkg/batch/worker.go:31.18,33.2 1 1
github.com/openshift/oc-mirror/v2/pkg/batch/worker.go:52.111,60.23 6 1
github.com/openshift/oc-mirror/v2/pkg/batch/worker.go:60.23,62.3 1 1
github.com/openshift/oc-mirror/v2/pkg/batch/worker.go:62.8,64.3 1 0
github.com/openshift/oc-mirror/v2/pkg/batch/worker.go:66.2,76.31 8 1
github.com/openshift/oc-mirror/v2/pkg/batch/worker.go:76.31,79.17 2 1
github.com/openshift/oc-mirror/v2/pkg/batch/worker.go:79.17,81.4 1 1
github.com/openshift/oc-mirror/v2/pkg/batch/worker.go:82.3,84.36 3 1
github.com/openshift/oc-mirror/v2/pkg/batch/worker.go:84.36,89.98 5 1
github.com/openshift/oc-mirror/v2/pkg/batch/worker.go:89.98,92.19 3 1
github.com/openshift/oc-mirror/v2/pkg/batch/worker.go:92.19,94.6 1 0
github.com/openshift/oc-mirror/v2/pkg/batch/worker.go:97.3,99.23 2 1
github.com/openshift/oc-mirror/v2/pkg/batch/worker.go:99.23,101.4 1 1
github.com/openshift/oc-mirror/v2/pkg/batch/worker.go:102.3,103.18 2 1
github.com/openshift/oc-mirror/v2/pkg/batch/worker.go:103.18,105.4 1 0
github.com/openshift/oc-mirror/v2/pkg/batch/worker.go:106.3,106.24 1 1
github.com/openshift/oc-mirror/v2/pkg/batch/worker.go:106.24,107.33 1 0
github.com/openshift/oc-mirror/v2/pkg/batch/worker.go:107.33,109.5 1 0
github.com/openshift/oc-mirror/v2/pkg/batch/worker.go:110.4,110.72 1 0
github.com/openshift/oc-mirror/v2/pkg/batch/worker.go:113.2,113.21 1 1
github.com/openshift/oc-mirror/v2/pkg/batch/worker.go:113.21,118.17 4 0
github.com/openshift/oc-mirror/v2/pkg/batch/worker.go:118.17,120.4 1 0
github.com/openshift/oc-mirror/v2/pkg/batch/worker.go:122.3,122.25 1 0
github.com/openshift/oc-mirror/v2/pkg/batch/worker.go:122.25,124.4 1 0
github.com/openshift/oc-mirror/v2/pkg/batch/worker.go:125.3,125.60 1 0
github.com/openshift/oc-mirror/v2/pkg/batch/worker.go:127.2,127.12 1 1
github.com/openshift/oc-mirror/v2/pkg/batch/worker.go:131.60,133.24 2 0
github.com/openshift/oc-mirror/v2/pkg/batch/worker.go:133.24,134.43 1 0
github.com/openshift/oc-mirror/v2/pkg/batch/worker.go:134.43,138.28 4 0
github.com/openshift/oc-mirror/v2/pkg/batch/worker.go:138.28,139.19 1 0
github.com/openshift/oc-mirror/v2/pkg/batch/worker.go:139.19,142.6 1 0
github.com/openshift/oc-mirror/v2/pkg/log/logger.go:26.49,28.2 1 1
github.com/openshift/oc-mirror/v2/pkg/log/logger.go:31.65,33.2 1 1
github.com/openshift/oc-mirror/v2/pkg/log/logger.go:36.64,38.2 1 1
github.com/openshift/oc-mirror/v2/pkg/log/logger.go:41.65,43.2 1 1
github.com/openshift/oc-mirror/v2/pkg/log/logger.go:46.65,48.2 1 1
github.com/openshift/oc-mirror/v2/pkg/log/logger.go:51.64,53.2 1 1
github.com/openshift/oc-mirror/v2/pkg/log/logger.go:56.47,58.2 1 0
github.com/openshift/oc-mirror/v2/pkg/config/defaults.go:9.52,11.2 1 1
github.com/openshift/oc-mirror/v2/pkg/config/defaults.go:13.72,14.91 1 1
github.com/openshift/oc-mirror/v2/pkg/config/defaults.go:14.91,16.3 1 1
github.com/openshift/oc-mirror/v2/pkg/config/load.go:22.82,25.16 2 1
github.com/openshift/oc-mirror/v2/pkg/config/load.go:25.16,27.3 1 0
github.com/openshift/oc-mirror/v2/pkg/config/load.go:28.2,30.16 2 1
github.com/openshift/oc-mirror/v2/pkg/config/load.go:30.16,32.3 1 0
github.com/openshift/oc-mirror/v2/pkg/config/load.go:34.2,34.37 1 1
github.com/openshift/oc-mirror/v2/pkg/config/load.go:35.74,37.17 2 1
github.com/openshift/oc-mirror/v2/pkg/config/load.go:37.17,39.4 1 0
github.com/openshift/oc-mirror/v2/pkg/config/load.go:40.10,41.85 1 0
github.com/openshift/oc-mirror/v2/pkg/config/load.go:44.2,46.24 2 1
github.com/openshift/oc-mirror/v2/pkg/config/load.go:50.76,54.51 2 1
github.com/openshift/oc-mirror/v2/pkg/config/load.go:54.51,56.3 1 0
github.com/openshift/oc-mirror/v2/pkg/config/load.go:58.2,60.39 3 1
github.com/openshift/oc-mirror/v2/pkg/config/load.go:60.39,62.3 1 1
github.com/openshift/oc-mirror/v2/pkg/config/load.go:64.2,66.15 2 1
github.com/openshift/oc-mirror/v2/pkg/config/load.go:70.65,76.39 4 1
github.com/openshift/oc-mirror/v2/pkg/config/load.go:76.39,78.3 1 1
github.com/openshift/oc-mirror/v2/pkg/config/load.go:80.2,82.15 2 1
github.com/openshift/oc-mirror/v2/pkg/config/load.go:85.69,86.56 1 1
github.com/openshift/oc-mirror/v2/pkg/config/load.go:86.56,88.3 1 0
github.com/openshift/oc-mirror/v2/pkg/config/load.go:89.2,89.22 1 1
github.com/openshift/oc-mirror/v2/pkg/config/validate.go:16.58,18.41 2 1
github.com/openshift/oc-mirror/v2/pkg/config/validate.go:18.41,19.36 1 1
github.com/openshift/oc-mirror/v2/pkg/config/validate.go:19.36,21.4 1 1
github.com/openshift/oc-mirror/v2/pkg/config/validate.go:23.2,23.38 1 1
github.com/openshift/oc-mirror/v2/pkg/config/validate.go:26.73,28.44 2 1
github.com/openshift/oc-mirror/v2/pkg/config/validate.go:28.44,30.17 2 1
github.com/openshift/oc-mirror/v2/pkg/config/validate.go:30.17,32.4 1 0
github.com/openshift/oc-mirror/v2/pkg/config/validate.go:33.3,33.21 1 1
github.com/openshift/oc-mirror/v2/pkg/config/validate.go:33.21,37.4 1 1
github.com/openshift/oc-mirror/v2/pkg/config/validate.go:38.3,38.24 1 1
github.com/openshift/oc-mirror/v2/pkg/config/validate.go:40.2,40.12 1 1
github.com/openshift/oc-mirror/v2/pkg/config/validate.go:43.73,45.55 2 1
github.com/openshift/oc-mirror/v2/pkg/config/validate.go:45.55,46.25 1 1
github.com/openshift/oc-mirror/v2/pkg/config/validate.go:46.25,50.4 1 1
github.com/openshift/oc-mirror/v2/pkg/config/validate.go:51.3,51.28 1 1
github.com/openshift/oc-mirror/v2/pkg/config/validate.go:53.2,53.12 1 1
github.com/openshift/oc-mirror/v2/pkg/operator/collector.go:38.101,49.48 4 1
github.com/openshift/oc-mirror/v2/pkg/operator/collector.go:49.48,51.36 2 1
github.com/openshift/oc-mirror/v2/pkg/operator/collector.go:51.36,53.41 2 1
github.com/openshift/oc-mirror/v2/pkg/operator/collector.go:53.41,56.5 2 1
github.com/openshift/oc-mirror/v2/pkg/operator/collector.go:61.2,61.33 1 1
github.com/openshift/oc-mirror/v2/pkg/operator/collector.go:61.33,63.17 2 1
github.com/openshift/oc-mirror/v2/pkg/operator/collector.go:63.17,65.4 1 1
github.com/openshift/oc-mirror/v2/pkg/operator/collector.go:66.3,68.48 3 1
github.com/openshift/oc-mirror/v2/pkg/operator/collector.go:68.48,75.67 6 1
github.com/openshift/oc-mirror/v2/pkg/operator/collector.go:75.67,77.19 2 1
github.com/openshift/oc-mirror/v2/pkg/operator/collector.go:77.19,79.6 1 0
github.com/openshift/oc-mirror/v2/pkg/operator/collector.go:80.5,84.19 5 1
github.com/openshift/oc-mirror/v2/pkg/operator/collector.go:84.19,86.6 1 0
github.com/openshift/oc-mirror/v2/pkg/operator/collector.go:88.5,90.29 3 1
github.com/openshift/oc-mirror/v2/pkg/operator/collector.go:90.29,91.20 1 1
github.com/openshift/oc-mirror/v2/pkg/operator/collector.go:91.20,93.7 1 0
github.com/openshift/oc-mirror/v2/pkg/operator/collector.go:98.4,99.18 2 1
github.com/openshift/oc-mirror/v2/pkg/operator/collector.go:99.18,101.5 1 0
github.com/openshift/oc-mirror/v2/pkg/operator/collector.go:104.4,104.31 1 1
github.com/openshift/oc-mirror/v2/pkg/operator/collector.go:104.31,106.5 1 0
github.com/openshift/oc-mirror/v2/pkg/operator/collector.go:106.10,107.61 1 1
github.com/openshift/oc-mirror/v2/pkg/operator/collector.go:107.61,109.6 1 0
github.com/openshift/oc-mirror/v2/pkg/operator/collector.go:111.4,117.18 5 1
github.com/openshift/oc-mirror/v2/pkg/operator/collector.go:117.18,119.5 1 0
github.com/openshift/oc-mirror/v2/pkg/operator/collector.go:123.4,125.18 3 1
github.com/openshift/oc-mirror/v2/pkg/operator/collector.go:125.18,127.5 1 0
github.com/openshift/oc-mirror/v2/pkg/operator/collector.go:129.4,136.18 5 1
github.com/openshift/oc-mirror/v2/pkg/operator/collector.go:136.18,138.5 1 0
github.com/openshift/oc-mirror/v2/pkg/operator/collector.go:143.4,143.29 1 1
github.com/openshift/oc-mirror/v2/pkg/operator/collector.go:143.29,145.19 2 1
github.com/openshift/oc-mirror/v2/pkg/operator/collector.go:145.19,147.6 1 0
github.com/openshift/oc-mirror/v2/pkg/operator/collector.go:148.10,151.19 2 1
github.com/openshift/oc-mirror/v2/pkg/operator/collector.go:151.19,153.6 1 0
github.com/openshift/oc-mirror/v2/pkg/operator/collector.go:157.3,159.35 3 1
github.com/openshift/oc-mirror/v2/pkg/operator/collector.go:159.35,161.4 1 1
github.com/openshift/oc-mirror/v2/pkg/operator/collector.go:162.3,165.17 3 1
github.com/openshift/oc-mirror/v2/pkg/operator/collector.go:165.17,167.4 1 0
github.com/openshift/oc-mirror/v2/pkg/operator/collector.go:170.2,170.33 1 1
github.com/openshift/oc-mirror/v2/pkg/operator/collector.go:170.33,173.15 2 0
github.com/openshift/oc-mirror/v2/pkg/operator/collector.go:173.15,175.4 1 0
github.com/openshift/oc-mirror/v2/pkg/operator/collector.go:176.3,176.48 1 0
github.com/openshift/oc-mirror/v2/pkg/operator/collector.go:176.48,178.36 1 0
github.com/openshift/oc-mirror/v2/pkg/operator/collector.go:178.36,180.87 2 0
github.com/openshift/oc-mirror/v2/pkg/operator/collector.go:180.87,181.90 1 0
github.com/openshift/oc-mirror/v2/pkg/operator/collector.go:181.90,185.24 3 0
github.com/openshift/oc-mirror/v2/pkg/operator/collector.go:185.24,187.8 1 0
github.com/openshift/oc-mirror/v2/pkg/operator/collector.go:187.13,191.8 3 0
github.com/openshift/oc-mirror/v2/pkg/operator/collector.go:193.6,193.16 1 0
github.com/openshift/oc-mirror/v2/pkg/operator/collector.go:197.3,197.15 1 0
github.com/openshift/oc-mirror/v2/pkg/operator/collector.go:197.15,199.4 1 0
github.com/openshift/oc-mirror/v2/pkg/operator/collector.go:201.2,201.23 1 1
github.com/openshift/oc-mirror/v2/pkg/operator/collector.go:205.72,209.20 4 1
github.com/openshift/oc-mirror/v2/pkg/operator/collector.go:209.20,211.3 1 0
github.com/openshift/oc-mirror/v2/pkg/operator/collector.go:212.2,212.37 1 1
github.com/openshift/oc-mirror/v2/pkg/operator/collector.go:212.37,214.3 1 1
github.com/openshift/oc-mirror/v2/pkg/operator/collector.go:214.8,216.3 1 0
github.com/openshift/oc-mirror/v2/pkg/operator/collector.go:217.2,218.17 2 1
github.com/openshift/oc-mirror/v2/pkg/operator/collector.go:222.153,224.42 2 1
github.com/openshift/oc-mirror/v2/pkg/operator/collector.go:224.42,225.35 1 1
github.com/openshift/oc-mirror/v2/pkg/operator/collector.go:225.35,227.18 2 1
github.com/openshift/oc-mirror/v2/pkg/operator/collector.go:227.18,230.5 2 0
github.com/openshift/oc-mirror/v2/pkg/operator/collector.go:231.4,233.71 2 1
github.com/openshift/oc-mirror/v2/pkg/operator/collector.go:233.71,235.19 2 0
github.com/openshift/oc-mirror/v2/pkg/operator/collector.go:235.19,238.6 2 0
github.com/openshift/oc-mirror/v2/pkg/operator/collector.go:239.5,240.27 2 0
github.com/openshift/oc-mirror/v2/pkg/operator/collector.go:240.27,244.6 3 0
github.com/openshift/oc-mirror/v2/pkg/operator/collector.go:245.5,248.86 4 0
github.com/openshift/oc-mirror/v2/pkg/operator/collector.go:249.10,251.5 1 1
github.com/openshift/oc-mirror/v2/pkg/operator/collector.go:254.2,254.20 1 1
github.com/openshift/oc-mirror/v2/pkg/operator/local_stored_collector.go:35.113,46.48 4 0
github.com/openshift/oc-mirror/v2/pkg/operator/local_stored_collector.go:46.48,48.36 2 0
github.com/openshift/oc-mirror/v2/pkg/operator/local_stored_collector.go:48.36,50.41 2 0
github.com/openshift/oc-mirror/v2/pkg/operator/local_stored_collector.go:50.41,53.5 2 0
github.com/openshift/oc-mirror/v2/pkg/operator/local_stored_collector.go:56.2,57.16 2 0
github.com/openshift/oc-mirror/v2/pkg/operator/local_stored_collector.go:57.16,59.3 1 0
github.com/openshift/oc-mirror/v2/pkg/operator/local_stored_collector.go:60.2,62.47 3 0
github.com/openshift/oc-mirror/v2/pkg/operator/local_stored_collector.go:62.47,69.66 6 0
github.com/openshift/oc-mirror/v2/pkg/operator/local_stored_collector.go:69.66,71.18 2 0
github.com/openshift/oc-mirror/v2/pkg/operator/local_stored_collector.go:71.18,73.5 1 0
github.com/openshift/oc-mirror/v2/pkg/operator/local_stored_collector.go:74.4,78.18 5 0
github.com/openshift/oc-mirror/v2/pkg/operator/local_stored_collector.go:78.18,80.5 1 0
github.com/openshift/oc-mirror/v2/pkg/operator/local_stored_collector.go:82.4,84.28 3 0
github.com/openshift/oc-mirror/v2/pkg/operator/local_stored_collector.go:84.28,85.19 1 0
github.com/openshift/oc-mirror/v2/pkg/operator/local_stored_collector.go:85.19,87.6 1 0
github.com/openshift/oc-mirror/v2/pkg/operator/local_stored_collector.go:92.3,93.17 2 0
github.com/openshift/oc-mirror/v2/pkg/operator/local_stored_collector.go:93.17,95.4 1 0
github.com/openshift/oc-mirror/v2/pkg/operator/local_stored_collector.go:98.3,98.30 1 0
github.com/openshift/oc-mirror/v2/pkg/operator/local_stored_collector.go:98.30,100.4 1 0
github.com/openshift/oc-mirror/v2/pkg/operator/local_stored_collector.go:100.9,101.60 1 0
github.com/openshift/oc-mirror/v2/pkg/operator/local_stored_collector.go:101.60,103.5 1 0
github.com/openshift/oc-mirror/v2/pkg/operator/local_stored_collector.go:105.3,111.17 5 0
github.com/openshift/oc-mirror/v2/pkg/operator/local_stored_collector.go:111.17,113.4 1 0
github.com/openshift/oc-mirror/v2/pkg/operator/local_stored_collector.go:117.3,119.17 3 0
github.com/openshift/oc-mirror/v2/pkg/operator/local_stored_collector.go:119.17,121.4 1 0
github.com/openshift/oc-mirror/v2/pkg/operator/local_stored_collector.go:123.3,130.17 5 0
github.com/openshift/oc-mirror/v2/pkg/operator/local_stored_collector.go:130.17,132.4 1 0
github.com/openshift/oc-mirror/v2/pkg/operator/local_stored_collector.go:137.3,137.28 1 0
github.com/openshift/oc-mirror/v2/pkg/operator/local_stored_collector.go:137.28,139.18 2 0
github.com/openshift/oc-mirror/v2/pkg/operator/local_stored_collector.go:139.18,141.5 1 0
github.com/openshift/oc-mirror/v2/pkg/operator/local_stored_collector.go:142.9,145.18 2 0
github.com/openshift/oc-mirror/v2/pkg/operator/local_stored_collector.go:145.18,147.5 1 0
github.com/openshift/oc-mirror/v2/pkg/operator/local_stored_collector.go:149.3,154.4 1 0
github.com/openshift/oc-mirror/v2/pkg/operator/local_stored_collector.go:157.2,159.34 3 0
github.com/openshift/oc-mirror/v2/pkg/operator/local_stored_collector.go:159.34,161.3 1 0
github.com/openshift/oc-mirror/v2/pkg/operator/local_stored_collector.go:162.2,164.33 2 0
github.com/openshift/oc-mirror/v2/pkg/operator/local_stored_collector.go:164.33,167.17 2 0
github.com/openshift/oc-mirror/v2/pkg/operator/local_stored_collector.go:167.17,169.4 1 0
github.com/openshift/oc-mirror/v2/pkg/operator/local_stored_collector.go:172.2,172.33 1 0
github.com/openshift/oc-mirror/v2/pkg/operator/local_stored_collector.go:172.33,174.17 2 0
github.com/openshift/oc-mirror/v2/pkg/operator/local_stored_collector.go:174.17,176.4 1 0
github.com/openshift/oc-mirror/v2/pkg/operator/local_stored_collector.go:178.2,178.23 1 0
github.com/openshift/oc-mirror/v2/pkg/operator/local_stored_collector.go:181.179,183.37 2 0
github.com/openshift/oc-mirror/v2/pkg/operator/local_stored_collector.go:183.37,184.35 1 0
github.com/openshift/oc-mirror/v2/pkg/operator/local_stored_collector.go:184.35,195.32 5 0
github.com/openshift/oc-mirror/v2/pkg/operator/local_stored_collector.go:195.32,197.5 1 0
github.com/openshift/oc-mirror/v2/pkg/operator/local_stored_collector.go:198.4,200.34 2 0
github.com/openshift/oc-mirror/v2/pkg/operator/local_stored_collector.go:200.34,202.5 1 0
github.com/openshift/oc-mirror/v2/pkg/operator/local_stored_collector.go:202.10,204.5 1 0
github.com/openshift/oc-mirror/v2/pkg/operator/local_stored_collector.go:216.4,216.31 1 0
github.com/openshift/oc-mirror/v2/pkg/operator/local_stored_collector.go:216.31,218.5 1 0
github.com/openshift/oc-mirror/v2/pkg/operator/local_stored_collector.go:220.4,222.85 3 0
github.com/openshift/oc-mirror/v2/pkg/operator/local_stored_collector.go:225.2,225.20 1 0
github.com/openshift/oc-mirror/v2/pkg/operator/local_stored_collector.go:228.179,230.37 2 0
github.com/openshift/oc-mirror/v2/pkg/operator/local_stored_collector.go:230.37,231.35 1 0
github.com/openshift/oc-mirror/v2/pkg/operator/local_stored_collector.go:231.35,236.37 4 0
github.com/openshift/oc-mirror/v2/pkg/operator/local_stored_collector.go:236.37,238.5 1 0
github.com/openshift/oc-mirror/v2/pkg/operator/local_stored_collector.go:238.10,242.5 2 0
github.com/openshift/oc-mirror/v2/pkg/operator/local_stored_collector.go:244.4,244.31 1 0
github.com/openshift/oc-mirror/v2/pkg/operator/local_stored_collector.go:244.31,246.5 1 0
github.com/openshift/oc-mirror/v2/pkg/operator/local_stored_collector.go:246.10,248.5 1 0
github.com/openshift/oc-mirror/v2/pkg/operator/local_stored_collector.go:250.4,252.85 3 0
github.com/openshift/oc-mirror/v2/pkg/operator/local_stored_collector.go:256.2,256.20 1 0
github.com/openshift/oc-mirror/v2/pkg/operator/local_stored_collector.go:259.42,261.2 1 0
github.com/openshift/oc-mirror/v2/pkg/operator/local_stored_collector.go:263.38,266.23 3 0
github.com/openshift/oc-mirror/v2/pkg/operator/local_stored_collector.go:266.23,268.3 1 0
github.com/openshift/oc-mirror/v2/pkg/operator/local_stored_collector.go:270.2,270.18 1 0
github.com/openshift/oc-mirror/v2/pkg/operator/local_stored_collector.go:273.38,276.23 3 0
github.com/openshift/oc-mirror/v2/pkg/operator/local_stored_collector.go:276.23,278.3 1 0
github.com/openshift/oc-mirror/v2/pkg/operator/local_stored_collector.go:280.2,280.13 1 0
github.com/openshift/oc-mirror/v2/pkg/operator/new.go:17.22,18.28 1 0
github.com/openshift/oc-mirror/v2/pkg/operator/new.go:18.28,20.3 1 0
github.com/openshift/oc-mirror/v2/pkg/operator/new.go:20.8,22.3 1 0
github.com/openshift/oc-mirror/v2/pkg/mirror/mirror.go:50.76,52.2 1 1
github.com/openshift/oc-mirror/v2/pkg/mirror/mirror.go:54.42,56.2 1 0
github.com/openshift/oc-mirror/v2/pkg/mirror/mirror.go:58.46,60.2 1 0
github.com/openshift/oc-mirror/v2/pkg/mirror/mirror.go:63.122,64.22 1 1
github.com/openshift/oc-mirror/v2/pkg/mirror/mirror.go:64.22,66.3 1 0
github.com/openshift/oc-mirror/v2/pkg/mirror/mirror.go:67.2,67.45 1 1
github.com/openshift/oc-mirror/v2/pkg/mirror/mirror.go:70.154,72.2 1 0
github.com/openshift/oc-mirror/v2/pkg/mirror/mirror.go:74.94,76.2 1 0
github.com/openshift/oc-mirror/v2/pkg/mirror/mirror.go:79.114,85.75 3 1
github.com/openshift/oc-mirror/v2/pkg/mirror/mirror.go:85.75,87.3 1 0
github.com/openshift/oc-mirror/v2/pkg/mirror/mirror.go:89.2,90.16 2 1
github.com/openshift/oc-mirror/v2/pkg/mirror/mirror.go:90.16,92.3 1 0
github.com/openshift/oc-mirror/v2/pkg/mirror/mirror.go:93.2,93.15 1 1
github.com/openshift/oc-mirror/v2/pkg/mirror/mirror.go:93.15,94.49 1 1
github.com/openshift/oc-mirror/v2/pkg/mirror/mirror.go:94.49,96.4 1 0
github.com/openshift/oc-mirror/v2/pkg/mirror/mirror.go:99.2,100.16 2 1
github.com/openshift/oc-mirror/v2/pkg/mirror/mirror.go:100.16,102.3 1 0
github.com/openshift/oc-mirror/v2/pkg/mirror/mirror.go:103.2,104.16 2 1
github.com/openshift/oc-mirror/v2/pkg/mirror/mirror.go:104.16,106.3 1 0
github.com/openshift/oc-mirror/v2/pkg/mirror/mirror.go:108.2,109.16 2 1
github.com/openshift/oc-mirror/v2/pkg/mirror/mirror.go:109.16,111.3 1 0
github.com/openshift/oc-mirror/v2/pkg/mirror/mirror.go:112.2,113.16 2 1
github.com/openshift/oc-mirror/v2/pkg/mirror/mirror.go:113.16,115.3 1 0
github.com/openshift/oc-mirror/v2/pkg/mirror/mirror.go:117.2,118.26 2 1
github.com/openshift/oc-mirror/v2/pkg/mirror/mirror.go:118.26,120.17 2 1
github.com/openshift/oc-mirror/v2/pkg/mirror/mirror.go:120.17,122.4 1 0
github.com/openshift/oc-mirror/v2/pkg/mirror/mirror.go:139.2,147.41 4 1
github.com/openshift/oc-mirror/v2/pkg/mirror/mirror.go:147.41,149.3 1 0
github.com/openshift/oc-mirror/v2/pkg/mirror/mirror.go:151.2,151.29 1 1
github.com/openshift/oc-mirror/v2/pkg/mirror/mirror.go:151.29,153.17 2 1
github.com/openshift/oc-mirror/v2/pkg/mirror/mirror.go:153.17,155.4 1 0
github.com/openshift/oc-mirror/v2/pkg/mirror/mirror.go:158.2,158.14 1 1
github.com/openshift/oc-mirror/v2/pkg/mirror/mirror.go:158.14,160.3 1 0
github.com/openshift/oc-mirror/v2/pkg/mirror/mirror.go:162.2,162.66 1 1
github.com/openshift/oc-mirror/v2/pkg/mirror/mirror.go:162.66,164.3 1 0
github.com/openshift/oc-mirror/v2/pkg/mirror/mirror.go:203.2,203.106 1 1
github.com/openshift/oc-mirror/v2/pkg/mirror/mirror.go:203.106,205.3 1 0
github.com/openshift/oc-mirror/v2/pkg/mirror/mirror.go:206.2,207.35 2 1
github.com/openshift/oc-mirror/v2/pkg/mirror/mirror.go:207.35,209.17 2 1
github.com/openshift/oc-mirror/v2/pkg/mirror/mirror.go:209.17,211.4 1 0
github.com/openshift/oc-mirror/v2/pkg/mirror/mirror.go:212.3,212.17 1 1
github.com/openshift/oc-mirror/v2/pkg/mirror/mirror.go:217.2,218.29 2 1
github.com/openshift/oc-mirror/v2/pkg/mirror/mirror.go:218.29,220.17 2 0
github.com/openshift/oc-mirror/v2/pkg/mirror/mirror.go:220.17,222.4 1 0
github.com/openshift/oc-mirror/v2/pkg/mirror/mirror.go:226.2,246.45 3 1
github.com/openshift/oc-mirror/v2/pkg/mirror/mirror.go:246.45,250.17 2 1
github.com/openshift/oc-mirror/v2/pkg/mirror/mirror.go:250.17,252.4 1 0
github.com/openshift/oc-mirror/v2/pkg/mirror/mirror.go:253.3,254.28 2 1
github.com/openshift/oc-mirror/v2/pkg/mirror/mirror.go:254.28,256.18 2 0
github.com/openshift/oc-mirror/v2/pkg/mirror/mirror.go:256.18,258.5 1 0
github.com/openshift/oc-mirror/v2/pkg/mirror/mirror.go:259.4,259.94 1 0
github.com/openshift/oc-mirror/v2/pkg/mirror/mirror.go:259.94,261.5 1 0
github.com/openshift/oc-mirror/v2/pkg/mirror/mirror.go:263.3,263.13 1 1
github.com/openshift/oc-mirror/v2/pkg/mirror/mirror.go:268.85,270.71 1 0
github.com/openshift/oc-mirror/v2/pkg/mirror/mirror.go:270.71,272.3 1 0
github.com/openshift/oc-mirror/v2/pkg/mirror/mirror.go:274.2,275.16 2 0
github.com/openshift/oc-mirror/v2/pkg/mirror/mirror.go:275.16,277.3 1 0
github.com/openshift/oc-mirror/v2/pkg/mirror/mirror.go:279.2,280.16 2 0
github.com/openshift/oc-mirror/v2/pkg/mirror/mirror.go:280.16,282.3 1 0
github.com/openshift/oc-mirror/v2/pkg/mirror/mirror.go:284.2,287.45 3 0
github.com/openshift/oc-mirror/v2/pkg/mirror/mirror.go:287.45,289.17 2 0
github.com/openshift/oc-mirror/v2/pkg/mirror/mirror.go:289.17,291.4 1 0
github.com/openshift/oc-mirror/v2/pkg/mirror/mirror.go:292.3,292.13 1 0
github.com/openshift/oc-mirror/v2/pkg/mirror/mirror.go:297.72,298.19 1 1
github.com/openshift/oc-mirror/v2/pkg/mirror/mirror.go:299.16,300.35 1 0
github.com/openshift/oc-mirror/v2/pkg/mirror/mirror.go:301.13,302.33 1 1
github.com/openshift/oc-mirror/v2/pkg/mirror/mirror.go:306.20,307.38 1 0
github.com/openshift/oc-mirror/v2/pkg/mirror/mirror.go:311.10,312.156 1 0
github.com/openshift/oc-mirror/v2/pkg/mirror/mirror.go:316.27,318.2 1 0
github.com/openshift/oc-mirror/v2/pkg/mirror/options.go:143.76,148.16 1 0
github.com/openshift/oc-mirror/v2/pkg/mirror/options.go:148.16,150.3 1 0
github.com/openshift/oc-mirror/v2/pkg/mirror/options.go:152.2,152.62 1 0
github.com/openshift/oc-mirror/v2/pkg/mirror/options.go:160.119,161.53 1 0
github.com/openshift/oc-mirror/v2/pkg/mirror/options.go:161.53,168.3 2 0
github.com/openshift/oc-mirror/v2/pkg/mirror/options.go:175.74,176.30 1 1
github.com/openshift/oc-mirror/v2/pkg/mirror/options.go:176.30,178.3 1 0
github.com/openshift/oc-mirror/v2/pkg/mirror/options.go:183.77,189.2 5 1
github.com/openshift/oc-mirror/v2/pkg/mirror/options.go:192.62,197.2 4 1
github.com/openshift/oc-mirror/v2/pkg/mirror/options.go:201.190,211.22 3 1
github.com/openshift/oc-mirror/v2/pkg/mirror/options.go:211.22,214.3 1 1
github.com/openshift/oc-mirror/v2/pkg/mirror/options.go:215.2,218.28 4 1
github.com/openshift/oc-mirror/v2/pkg/mirror/options.go:218.28,223.3 2 1
github.com/openshift/oc-mirror/v2/pkg/mirror/options.go:224.2,228.19 5 1
github.com/openshift/oc-mirror/v2/pkg/mirror/options.go:232.187,241.2 6 1
github.com/openshift/oc-mirror/v2/pkg/mirror/options.go:243.51,248.2 4 1
github.com/openshift/oc-mirror/v2/pkg/mirror/options.go:251.81,254.25 3 1
github.com/openshift/oc-mirror/v2/pkg/mirror/options.go:254.25,256.3 1 1
github.com/openshift/oc-mirror/v2/pkg/mirror/options.go:256.8,256.34 1 0
github.com/openshift/oc-mirror/v2/pkg/mirror/options.go:256.34,258.3 1 0
github.com/openshift/oc-mirror/v2/pkg/mirror/options.go:258.8,260.3 1 0
github.com/openshift/oc-mirror/v2/pkg/mirror/options.go:261.2,261.16 1 1
github.com/openshift/oc-mirror/v2/pkg/mirror/options.go:261.16,263.3 1 0
github.com/openshift/oc-mirror/v2/pkg/mirror/options.go:264.2,264.43 1 1
github.com/openshift/oc-mirror/v2/pkg/mirror/options.go:269.90,271.41 2 1
github.com/openshift/oc-mirror/v2/pkg/mirror/options.go:271.42,273.3 0 1
github.com/openshift/oc-mirror/v2/pkg/mirror/options.go:274.2,274.29 1 1
github.com/openshift/oc-mirror/v2/pkg/mirror/options.go:274.29,276.3 1 0
github.com/openshift/oc-mirror/v2/pkg/mirror/options.go:277.2,277.20 1 1
github.com/openshift/oc-mirror/v2/pkg/mirror/options.go:282.68,293.21 2 1
github.com/openshift/oc-mirror/v2/pkg/mirror/options.go:293.21,295.3 1 1
github.com/openshift/oc-mirror/v2/pkg/mirror/options.go:296.2,296.12 1 1
github.com/openshift/oc-mirror/v2/pkg/mirror/options.go:301.76,310.52 7 1
github.com/openshift/oc-mirror/v2/pkg/mirror/options.go:310.52,312.3 1 0
github.com/openshift/oc-mirror/v2/pkg/mirror/options.go:313.2,313.85 1 1
github.com/openshift/oc-mirror/v2/pkg/mirror/options.go:313.85,316.3 1 0
github.com/openshift/oc-mirror/v2/pkg/mirror/options.go:317.2,317.30 1 1
github.com/openshift/oc-mirror/v2/pkg/mirror/options.go:317.30,319.3 1 0
github.com/openshift/oc-mirror/v2/pkg/mirror/options.go:320.2,320.30 1 1
github.com/openshift/oc-mirror/v2/pkg/mirror/options.go:320.30,322.3 1 0
github.com/openshift/oc-mirror/v2/pkg/mirror/options.go:323.2,323.48 1 1
github.com/openshift/oc-mirror/v2/pkg/mirror/options.go:323.48,325.3 1 0
github.com/openshift/oc-mirror/v2/pkg/mirror/options.go:326.2,326.45 1 1
github.com/openshift/oc-mirror/v2/pkg/mirror/options.go:326.45,328.3 1 0
github.com/openshift/oc-mirror/v2/pkg/mirror/options.go:329.2,329.59 1 1
github.com/openshift/oc-mirror/v2/pkg/mirror/options.go:329.59,331.3 1 0
github.com/openshift/oc-mirror/v2/pkg/mirror/options.go:333.2,333.56 1 1
github.com/openshift/oc-mirror/v2/pkg/mirror/options.go:333.56,334.30 1 0
github.com/openshift/oc-mirror/v2/pkg/mirror/options.go:334.30,336.4 1 0
github.com/openshift/oc-mirror/v2/pkg/mirror/options.go:337.3,337.82 1 0
github.com/openshift/oc-mirror/v2/pkg/mirror/options.go:339.2,339.32 1 1
github.com/openshift/oc-mirror/v2/pkg/mirror/options.go:339.32,342.17 3 0
github.com/openshift/oc-mirror/v2/pkg/mirror/options.go:342.17,344.4 1 0
github.com/openshift/oc-mirror/v2/pkg/mirror/options.go:345.8,345.36 1 1
github.com/openshift/oc-mirror/v2/pkg/mirror/options.go:345.36,350.3 1 0
github.com/openshift/oc-mirror/v2/pkg/mirror/options.go:351.2,351.34 1 1
github.com/openshift/oc-mirror/v2/pkg/mirror/options.go:351.34,353.3 1 0
github.com/openshift/oc-mirror/v2/pkg/mirror/options.go:354.2,354.18 1 1
github.com/openshift/oc-mirror/v2/pkg/mirror/options.go:354.18,356.3 1 0
github.com/openshift/oc-mirror/v2/pkg/mirror/options.go:358.2,358.17 1 1
github.com/openshift/oc-mirror/v2/pkg/mirror/options.go:362.192,376.2 13 1
github.com/openshift/oc-mirror/v2/pkg/mirror/options.go:406.55,407.17 1 0
github.com/openshift/oc-mirror/v2/pkg/mirror/options.go:407.17,409.3 1 0
github.com/openshift/oc-mirror/v2/pkg/mirror/options.go:410.2,411.18 2 0
github.com/openshift/oc-mirror/v2/pkg/mirror/options.go:411.18,413.3 1 0
github.com/openshift/oc-mirror/v2/pkg/mirror/options.go:414.2,414.17 1 0
github.com/openshift/oc-mirror/v2/pkg/mirror/options.go:414.17,416.3 1 0
github.com/openshift/oc-mirror/v2/pkg/mirror/options.go:417.2,417.26 1 0
github.com/openshift/oc-mirror/v2/pkg/mirror/options.go:420.67,422.16 2 0
github.com/openshift/oc-mirror/v2/pkg/mirror/options.go:422.16,424.3 1 0
github.com/openshift/oc-mirror/v2/pkg/mirror/options.go:425.2,428.8 1 0
github.com/openshift/oc-mirror/v2/pkg/mirror/options.go:449.65,450.24 1 1
github.com/openshift/oc-mirror/v2/pkg/mirror/options.go:451.13,452.47 1 1
github.com/openshift/oc-mirror/v2/pkg/mirror/options.go:453.14,454.54 1 0
github.com/openshift/oc-mirror/v2/pkg/mirror/options.go:455.14,456.48 1 0
github.com/openshift/oc-mirror/v2/pkg/mirror/options.go:457.10,458.124 1 0
github.com/openshift/oc-mirror/v2/pkg/mirror/options.go:491.89,493.31 2 0
github.com/openshift/oc-mirror/v2/pkg/mirror/options.go:493.31,495.3 1 0
github.com/openshift/oc-mirror/v2/pkg/mirror/options.go:497.2,499.16 3 0
github.com/openshift/oc-mirror/v2/pkg/mirror/options.go:499.16,501.3 1 0
github.com/openshift/oc-mirror/v2/pkg/mirror/options.go:502.2,503.32 2 0
github.com/openshift/oc-mirror/v2/pkg/mirror/unshare.go:22.26,27.16 2 0
github.com/openshift/oc-mirror/v2/pkg/mirror/unshare.go:27.16,29.3 1 0
github.com/openshift/oc-mirror/v2/pkg/mirror/unshare.go:30.2,30.41 1 0
github.com/openshift/oc-mirror/v2/pkg/mirror/unshare.go:30.41,31.51 1 0
github.com/openshift/oc-mirror/v2/pkg/mirror/unshare.go:31.51,35.4 2 0
github.com/openshift/oc-mirror/v2/pkg/mirror/unshare.go:37.2,37.12 1 0
github.com/openshift/oc-mirror/v2/pkg/mirror/unshare.go:40.61,42.39 1 1
github.com/openshift/oc-mirror/v2/pkg/mirror/unshare.go:42.39,46.67 2 1
github.com/openshift/oc-mirror/v2/pkg/mirror/unshare.go:46.67,48.4 1 0
github.com/openshift/oc-mirror/v2/pkg/mirror/unshare.go:50.2,50.12 1 1
github.com/openshift/oc-mirror/v2/pkg/cli/executor.go:93.69,129.48 9 1
github.com/openshift/oc-mirror/v2/pkg/cli/executor.go:129.48,131.18 2 0
github.com/openshift/oc-mirror/v2/pkg/cli/executor.go:131.18,134.5 2 0
github.com/openshift/oc-mirror/v2/pkg/cli/executor.go:135.4,138.18 3 0
github.com/openshift/oc-mirror/v2/pkg/cli/executor.go:138.18,141.5 2 0
github.com/openshift/oc-mirror/v2/pkg/cli/executor.go:143.4,144.18 2 0
github.com/openshift/oc-mirror/v2/pkg/cli/executor.go:144.18,147.5 2 0
github.com/openshift/oc-mirror/v2/pkg/cli/executor.go:151.2,165.12 15 1
github.com/openshift/oc-mirror/v2/pkg/cli/executor.go:169.56,170.40 1 1
github.com/openshift/oc-mirror/v2/pkg/cli/executor.go:170.40,172.3 1 0
github.com/openshift/oc-mirror/v2/pkg/cli/executor.go:173.2,173.75 1 1
github.com/openshift/oc-mirror/v2/pkg/cli/executor.go:173.75,176.3 1 0
github.com/openshift/oc-mirror/v2/pkg/cli/executor.go:177.2,177.90 1 1
github.com/openshift/oc-mirror/v2/pkg/cli/executor.go:177.90,179.3 1 1
github.com/openshift/oc-mirror/v2/pkg/cli/executor.go:179.8,181.3 1 1
github.com/openshift/oc-mirror/v2/pkg/cli/executor.go:184.56,191.16 3 0
github.com/openshift/oc-mirror/v2/pkg/cli/executor.go:191.16,194.3 2 0
github.com/openshift/oc-mirror/v2/pkg/cli/executor.go:197.2,228.33 3 0
github.com/openshift/oc-mirror/v2/pkg/cli/executor.go:228.33,230.3 1 0
github.com/openshift/oc-mirror/v2/pkg/cli/executor.go:230.8,232.3 1 0
github.com/openshift/oc-mirror/v2/pkg/cli/executor.go:234.2,234.19 1 0
github.com/openshift/oc-mirror/v2/pkg/cli/executor.go:234.19,237.3 1 0
github.com/openshift/oc-mirror/v2/pkg/cli/executor.go:238.2,241.39 4 0
github.com/openshift/oc-mirror/v2/pkg/cli/executor.go:241.39,243.3 1 0
github.com/openshift/oc-mirror/v2/pkg/cli/executor.go:243.8,245.3 1 0
github.com/openshift/oc-mirror/v2/pkg/cli/executor.go:247.2,249.16 2 0
github.com/openshift/oc-mirror/v2/pkg/cli/executor.go:249.16,251.3 1 0
github.com/openshift/oc-mirror/v2/pkg/cli/executor.go:253.2,256.16 3 0
github.com/openshift/oc-mirror/v2/pkg/cli/executor.go:256.16,258.3 1 0
github.com/openshift/oc-mirror/v2/pkg/cli/executor.go:258.8,260.3 1 0
github.com/openshift/oc-mirror/v2/pkg/cli/executor.go:261.2,263.16 3 0
github.com/openshift/oc-mirror/v2/pkg/cli/executor.go:263.16,265.3 1 0
github.com/openshift/oc-mirror/v2/pkg/cli/executor.go:266.2,274.16 6 0
github.com/openshift/oc-mirror/v2/pkg/cli/executor.go:274.16,276.3 1 0
github.com/openshift/oc-mirror/v2/pkg/cli/executor.go:277.2,284.12 6 0
github.com/openshift/oc-mirror/v2/pkg/cli/executor.go:287.69,290.2 2 0
github.com/openshift/oc-mirror/v2/pkg/cli/executor.go:292.47,294.16 2 0
github.com/openshift/oc-mirror/v2/pkg/cli/executor.go:294.16,295.13 1 0
github.com/openshift/oc-mirror/v2/pkg/cli/executor.go:300.50,306.16 4 0
github.com/openshift/oc-mirror/v2/pkg/cli/executor.go:306.16,308.3 1 0
github.com/openshift/oc-mirror/v2/pkg/cli/executor.go:309.2,321.45 9 0
github.com/openshift/oc-mirror/v2/pkg/cli/executor.go:321.45,325.3 3 0
github.com/openshift/oc-mirror/v2/pkg/cli/executor.go:325.8,325.54 1 0
github.com/openshift/oc-mirror/v2/pkg/cli/executor.go:325.54,328.3 2 0
github.com/openshift/oc-mirror/v2/pkg/cli/executor.go:328.8,330.3 1 0
github.com/openshift/oc-mirror/v2/pkg/cli/executor.go:331.2,342.104 10 0
github.com/openshift/oc-mirror/v2/pkg/cli/executor.go:347.71,354.16 4 1
github.com/openshift/oc-mirror/v2/pkg/cli/executor.go:354.16,357.3 2 0
github.com/openshift/oc-mirror/v2/pkg/cli/executor.go:359.2,359.33 1 1
github.com/openshift/oc-mirror/v2/pkg/cli/executor.go:359.33,362.17 2 1
github.com/openshift/oc-mirror/v2/pkg/cli/executor.go:362.17,365.4 2 0
github.com/openshift/oc-mirror/v2/pkg/cli/executor.go:368.3,370.17 3 1
github.com/openshift/oc-mirror/v2/pkg/cli/executor.go:370.17,373.4 2 0
github.com/openshift/oc-mirror/v2/pkg/cli/executor.go:376.3,378.17 3 1
github.com/openshift/oc-mirror/v2/pkg/cli/executor.go:378.17,381.4 2 0
github.com/openshift/oc-mirror/v2/pkg/cli/executor.go:384.3,386.17 3 1
github.com/openshift/oc-mirror/v2/pkg/cli/executor.go:386.17,389.4 2 0
github.com/openshift/oc-mirror/v2/pkg/cli/executor.go:392.3,394.17 3 1
github.com/openshift/oc-mirror/v2/pkg/cli/executor.go:394.17,397.4 2 0
github.com/openshift/oc-mirror/v2/pkg/cli/executor.go:400.2,404.16 3 1
github.com/openshift/oc-mirror/v2/pkg/cli/executor.go:404.16,407.3 2 1
github.com/openshift/oc-mirror/v2/pkg/cli/executor.go:408.2,414.16 5 1
github.com/openshift/oc-mirror/v2/pkg/cli/executor.go:414.16,417.3 2 1
github.com/openshift/oc-mirror/v2/pkg/cli/executor.go:418.2,424.16 5 1
github.com/openshift/oc-mirror/v2/pkg/cli/executor.go:424.16,427.3 2 0
github.com/openshift/oc-mirror/v2/pkg/cli/executor.go:428.2,437.16 7 1
github.com/openshift/oc-mirror/v2/pkg/cli/executor.go:437.16,440.3 2 1
github.com/openshift/oc-mirror/v2/pkg/cli/executor.go:442.2,443.12 2 1
github.com/openshift/oc-mirror/v2/pkg/cli/executor.go:448.82,451.2 2 1
github.com/openshift/oc-mirror/v2/pkg/cli/executor.go:454.16,457.16 2 1
github.com/openshift/oc-mirror/v2/pkg/cli/executor.go:457.16,459.3 1 1
github.com/openshift/oc-mirror/v2/pkg/cli/executor.go:461.2,461.23 1 1
github.com/openshift/oc-mirror/v2/pkg/manifest/oci-manifest.go:41.63,43.2 1 0
github.com/openshift/oc-mirror/v2/pkg/manifest/oci-manifest.go:46.75,49.16 3 1
github.com/openshift/oc-mirror/v2/pkg/manifest/oci-manifest.go:49.16,51.3 1 0
github.com/openshift/oc-mirror/v2/pkg/manifest/oci-manifest.go:52.2,53.16 2 1
github.com/openshift/oc-mirror/v2/pkg/manifest/oci-manifest.go:53.16,55.3 1 0
github.com/openshift/oc-mirror/v2/pkg/manifest/oci-manifest.go:56.2,56.17 1 1
github.com/openshift/oc-mirror/v2/pkg/manifest/oci-manifest.go:61.79,64.16 3 1
github.com/openshift/oc-mirror/v2/pkg/manifest/oci-manifest.go:64.16,66.3 1 0
github.com/openshift/oc-mirror/v2/pkg/manifest/oci-manifest.go:67.2,68.16 2 1
github.com/openshift/oc-mirror/v2/pkg/manifest/oci-manifest.go:68.16,70.3 1 0
github.com/openshift/oc-mirror/v2/pkg/manifest/oci-manifest.go:71.2,71.17 1 1
github.com/openshift/oc-mirror/v2/pkg/manifest/oci-manifest.go:75.91,78.16 3 1
github.com/openshift/oc-mirror/v2/pkg/manifest/oci-manifest.go:78.16,80.3 1 0
github.com/openshift/oc-mirror/v2/pkg/manifest/oci-manifest.go:81.2,82.16 2 1
github.com/openshift/oc-mirror/v2/pkg/manifest/oci-manifest.go:82.16,84.3 1 0
github.com/openshift/oc-mirror/v2/pkg/manifest/oci-manifest.go:85.2,85.17 1 1
github.com/openshift/oc-mirror/v2/pkg/manifest/oci-manifest.go:90.116,93.16 3 1
github.com/openshift/oc-mirror/v2/pkg/manifest/oci-manifest.go:93.16,95.3 1 0
github.com/openshift/oc-mirror/v2/pkg/manifest/oci-manifest.go:96.2,96.29 1 1
github.com/openshift/oc-mirror/v2/pkg/manifest/oci-manifest.go:96.29,100.17 2 1
github.com/openshift/oc-mirror/v2/pkg/manifest/oci-manifest.go:100.17,102.4 1 0
github.com/openshift/oc-mirror/v2/pkg/manifest/oci-manifest.go:103.3,104.17 2 1
github.com/openshift/oc-mirror/v2/pkg/manifest/oci-manifest.go:104.17,106.4 1 0
github.com/openshift/oc-mirror/v2/pkg/manifest/oci-manifest.go:108.3,108.24 1 1
github.com/openshift/oc-mirror/v2/pkg/manifest/oci-manifest.go:108.24,110.4 1 1
github.com/openshift/oc-mirror/v2/pkg/manifest/oci-manifest.go:112.2,112.27 1 1
github.com/openshift/oc-mirror/v2/pkg/manifest/oci-manifest.go:116.181,118.34 2 1
github.com/openshift/oc-mirror/v2/pkg/manifest/oci-manifest.go:118.34,122.17 2 1
github.com/openshift/oc-mirror/v2/pkg/manifest/oci-manifest.go:122.17,124.4 1 0
github.com/openshift/oc-mirror/v2/pkg/manifest/oci-manifest.go:126.3,127.17 2 1
github.com/openshift/oc-mirror/v2/pkg/manifest/oci-manifest.go:127.17,129.4 1 0
github.com/openshift/oc-mirror/v2/pkg/manifest/oci-manifest.go:131.3,131.24 1 1
github.com/openshift/oc-mirror/v2/pkg/manifest/oci-manifest.go:131.24,133.4 1 1
github.com/openshift/oc-mirror/v2/pkg/manifest/oci-manifest.go:134.3,134.50 1 1
github.com/openshift/oc-mirror/v2/pkg/manifest/oci-manifest.go:136.2,136.27 1 1
github.com/openshift/oc-mirror/v2/pkg/manifest/oci-manifest.go:140.100,141.77 1 1
github.com/openshift/oc-mirror/v2/pkg/manifest/oci-manifest.go:141.77,142.35 1 0
github.com/openshift/oc-mirror/v2/pkg/manifest/oci-manifest.go:142.35,143.48 1 0
github.com/openshift/oc-mirror/v2/pkg/manifest/oci-manifest.go:143.48,145.5 1 0
github.com/openshift/oc-mirror/v2/pkg/manifest/oci-manifest.go:146.4,147.18 2 0
github.com/openshift/oc-mirror/v2/pkg/manifest/oci-manifest.go:147.18,149.5 1 0
github.com/openshift/oc-mirror/v2/pkg/manifest/oci-manifest.go:150.4,151.18 2 0
github.com/openshift/oc-mirror/v2/pkg/manifest/oci-manifest.go:151.18,153.5 1 0
github.com/openshift/oc-mirror/v2/pkg/manifest/oci-manifest.go:155.8,157.3 1 1
github.com/openshift/oc-mirror/v2/pkg/manifest/oci-manifest.go:158.2,158.12 1 1
github.com/openshift/oc-mirror/v2/pkg/manifest/oci-manifest.go:162.87,166.16 3 1
github.com/openshift/oc-mirror/v2/pkg/manifest/oci-manifest.go:166.16,168.3 1 0
github.com/openshift/oc-mirror/v2/pkg/manifest/oci-manifest.go:170.2,171.16 2 1
github.com/openshift/oc-mirror/v2/pkg/manifest/oci-manifest.go:171.16,173.3 1 0
github.com/openshift/oc-mirror/v2/pkg/manifest/oci-manifest.go:175.2,176.41 2 1
github.com/openshift/oc-mirror/v2/pkg/manifest/oci-manifest.go:176.41,178.3 1 1
github.com/openshift/oc-mirror/v2/pkg/manifest/oci-manifest.go:179.2,179.23 1 1
github.com/openshift/oc-mirror/v2/pkg/manifest/oci-manifest.go:183.72,188.16 4 0
github.com/openshift/oc-mirror/v2/pkg/manifest/oci-manifest.go:188.16,190.3 1 0
github.com/openshift/oc-mirror/v2/pkg/manifest/oci-manifest.go:192.2,193.6 2 0
github.com/openshift/oc-mirror/v2/pkg/manifest/oci-manifest.go:193.6,196.20 2 0
github.com/openshift/oc-mirror/v2/pkg/manifest/oci-manifest.go:196.20,197.9 1 0
github.com/openshift/oc-mirror/v2/pkg/manifest/oci-manifest.go:200.3,200.17 1 0
github.com/openshift/oc-mirror/v2/pkg/manifest/oci-manifest.go:200.17,202.4 1 0
github.com/openshift/oc-mirror/v2/pkg/manifest/oci-manifest.go:204.3,204.48 1 0
github.com/openshift/oc-mirror/v2/pkg/manifest/oci-manifest.go:204.48,205.27 1 0
github.com/openshift/oc-mirror/v2/pkg/manifest/oci-manifest.go:206.21,207.28 1 0
github.com/openshift/oc-mirror/v2/pkg/manifest/oci-manifest.go:207.28,208.68 1 0
github.com/openshift/oc-mirror/v2/pkg/manifest/oci-manifest.go:208.68,210.7 1 0
github.com/openshift/oc-mirror/v2/pkg/manifest/oci-manifest.go:212.21,214.19 2 0
github.com/openshift/oc-mirror/v2/pkg/manifest/oci-manifest.go:214.19,216.6 1 0
github.com/openshift/oc-mirror/v2/pkg/manifest/oci-manifest.go:217.5,217.58 1 0
github.com/openshift/oc-mirror/v2/pkg/manifest/oci-manifest.go:217.58,219.6 1 0
github.com/openshift/oc-mirror/v2/pkg/manifest/oci-manifest.go:220.5,220.20 1 0
github.com/openshift/oc-mirror/v2/pkg/manifest/oci-manifest.go:222.12,224.81 1 0
github.com/openshift/oc-mirror/v2/pkg/manifest/oci-manifest.go:228.2,228.12 1 0
github.com/openshift/oc-mirror/v2/pkg/manifest/oci-manifest.go:233.77,239.16 3 1
github.com/openshift/oc-mirror/v2/pkg/manifest/oci-manifest.go:239.16,241.3 1 0
github.com/openshift/oc-mirror/v2/pkg/manifest/oci-manifest.go:242.2,245.16 4 1
github.com/openshift/oc-mirror/v2/pkg/manifest/oci-manifest.go:245.16,247.3 1 0
github.com/openshift/oc-mirror/v2/pkg/manifest/oci-manifest.go:248.2,248.17 1 1
github.com/openshift/oc-mirror/v2/pkg/manifest/oci-manifest.go:253.151,260.26 4 1
github.com/openshift/oc-mirror/v2/pkg/manifest/oci-manifest.go:260.26,261.10 1 1
github.com/openshift/oc-mirror/v2/pkg/manifest/oci-manifest.go:262.36,263.34 1 1
github.com/openshift/oc-mirror/v2/pkg/manifest/oci-manifest.go:263.34,267.19 4 1
github.com/openshift/oc-mirror/v2/pkg/manifest/oci-manifest.go:267.19,269.6 1 0
github.com/openshift/oc-mirror/v2/pkg/manifest/oci-manifest.go:270.5,270.25 1 1
github.com/openshift/oc-mirror/v2/pkg/manifest/oci-manifest.go:272.35,273.25 1 1
github.com/openshift/oc-mirror/v2/pkg/manifest/oci-manifest.go:273.25,277.5 3 1
github.com/openshift/oc-mirror/v2/pkg/manifest/oci-manifest.go:278.36,280.39 2 1
github.com/openshift/oc-mirror/v2/pkg/manifest/oci-manifest.go:283.2,283.27 1 1
github.com/openshift/oc-mirror/v2/pkg/manifest/oci-manifest.go:288.168,293.26 3 1
github.com/openshift/oc-mirror/v2/pkg/manifest/oci-manifest.go:293.26,294.10 1 1
github.com/openshift/oc-mirror/v2/pkg/manifest/oci-manifest.go:295.36,296.28 1 1
github.com/openshift/oc-mirror/v2/pkg/manifest/oci-manifest.go:296.28,297.32 1 1
github.com/openshift/oc-mirror/v2/pkg/manifest/oci-manifest.go:297.32,300.20 3 1
github.com/openshift/oc-mirror/v2/pkg/manifest/oci-manifest.go:300.20,302.7 1 0
github.com/openshift/oc-mirror/v2/pkg/manifest/oci-manifest.go:303.6,303.29 1 1
github.com/openshift/oc-mirror/v2/pkg/manifest/oci-manifest.go:303.29,305.7 1 0
github.com/openshift/oc-mirror/v2/pkg/manifest/oci-manifest.go:307.10,309.19 2 1
github.com/openshift/oc-mirror/v2/pkg/manifest/oci-manifest.go:309.19,311.6 1 0
github.com/openshift/oc-mirror/v2/pkg/manifest/oci-manifest.go:312.5,313.25 2 1
github.com/openshift/oc-mirror/v2/pkg/manifest/oci-manifest.go:315.35,316.38 1 1
github.com/openshift/oc-mirror/v2/pkg/manifest/oci-manifest.go:316.38,320.5 3 1
github.com/openshift/oc-mirror/v2/pkg/manifest/oci-manifest.go:322.4,322.16 1 1
github.com/openshift/oc-mirror/v2/pkg/manifest/oci-manifest.go:322.16,324.5 1 0
github.com/openshift/oc-mirror/v2/pkg/manifest/oci-manifest.go:325.36,327.38 2 1
github.com/openshift/oc-mirror/v2/pkg/manifest/oci-manifest.go:330.2,330.27 1 1
github.com/openshift/oc-mirror/v2/pkg/manifest/oci-manifest.go:334.69,337.29 3 1
github.com/openshift/oc-mirror/v2/pkg/manifest/oci-manifest.go:337.29,340.19 2 1
github.com/openshift/oc-mirror/v2/pkg/manifest/oci-manifest.go:340.19,342.4 1 0
github.com/openshift/oc-mirror/v2/pkg/manifest/oci-manifest.go:343.3,347.17 5 1
github.com/openshift/oc-mirror/v2/pkg/manifest/oci-manifest.go:347.17,349.4 1 0
github.com/openshift/oc-mirror/v2/pkg/manifest/oci-manifest.go:351.3,351.32 1 1
github.com/openshift/oc-mirror/v2/pkg/manifest/oci-manifest.go:351.32,354.4 2 1
github.com/openshift/oc-mirror/v2/pkg/manifest/oci-manifest.go:356.2,356.33 1 1
github.com/openshift/oc-mirror/v2/pkg/manifest/oci-manifest.go:360.90,368.18 5 1
github.com/openshift/oc-mirror/v2/pkg/manifest/oci-manifest.go:368.18,370.17 2 1
github.com/openshift/oc-mirror/v2/pkg/manifest/oci-manifest.go:370.17,372.4 1 0
github.com/openshift/oc-mirror/v2/pkg/manifest/oci-manifest.go:373.8,375.3 1 0
github.com/openshift/oc-mirror/v2/pkg/manifest/oci-manifest.go:376.2,376.18 1 1
github.com/openshift/oc-mirror/v2/pkg/manifest/oci-manifest.go:376.18,378.17 2 1
github.com/openshift/oc-mirror/v2/pkg/manifest/oci-manifest.go:378.17,380.4 1 0
github.com/openshift/oc-mirror/v2/pkg/manifest/oci-manifest.go:381.8,383.3 1 0
github.com/openshift/oc-mirror/v2/pkg/manifest/oci-manifest.go:385.2,385.28 1 1
github.com/openshift/oc-mirror/v2/pkg/manifest/oci-manifest.go:385.28,388.19 2 1
github.com/openshift/oc-mirror/v2/pkg/manifest/oci-manifest.go:388.19,390.4 1 0
github.com/openshift/oc-mirror/v2/pkg/manifest/oci-manifest.go:391.3,395.17 5 1
github.com/openshift/oc-mirror/v2/pkg/manifest/oci-manifest.go:395.17,397.4 1 0
github.com/openshift/oc-mirror/v2/pkg/manifest/oci-manifest.go:398.3,398.75 1 1
github.com/openshift/oc-mirror/v2/pkg/manifest/oci-manifest.go:398.75,400.4 1 0
github.com/openshift/oc-mirror/v2/pkg/manifest/oci-manifest.go:402.2,402.21 1 1
github.com/openshift/oc-mirror/v2/pkg/release/cincinnati.go:43.183,45.2 1 1
github.com/openshift/oc-mirror/v2/pkg/release/cincinnati.go:47.145,49.2 1 0
github.com/openshift/oc-mirror/v2/pkg/release/cincinnati.go:121.73,122.12 1 1
github.com/openshift/oc-mirror/v2/pkg/release/cincinnati.go:122.12,124.3 1 1
github.com/openshift/oc-mirror/v2/pkg/release/cincinnati.go:125.2,125.22 1 1
github.com/openshift/oc-mirror/v2/pkg/release/cincinnati.go:128.73,130.2 1 0
github.com/openshift/oc-mirror/v2/pkg/release/cincinnati.go:132.102,139.62 2 1
github.com/openshift/oc-mirror/v2/pkg/release/cincinnati.go:139.62,141.56 2 1
github.com/openshift/oc-mirror/v2/pkg/release/cincinnati.go:141.56,144.19 3 1
github.com/openshift/oc-mirror/v2/pkg/release/cincinnati.go:145.26,147.19 2 1
github.com/openshift/oc-mirror/v2/pkg/release/cincinnati.go:147.19,149.6 1 1
github.com/openshift/oc-mirror/v2/pkg/release/cincinnati.go:150.26,152.19 2 0
github.com/openshift/oc-mirror/v2/pkg/release/cincinnati.go:152.19,154.6 1 0
github.com/openshift/oc-mirror/v2/pkg/release/cincinnati.go:155.12,157.13 2 0
github.com/openshift/oc-mirror/v2/pkg/release/cincinnati.go:159.4,159.18 1 1
github.com/openshift/oc-mirror/v2/pkg/release/cincinnati.go:159.18,161.13 2 1
github.com/openshift/oc-mirror/v2/pkg/release/cincinnati.go:164.4,164.58 1 1
github.com/openshift/oc-mirror/v2/pkg/release/cincinnati.go:164.58,166.32 1 1
github.com/openshift/oc-mirror/v2/pkg/release/cincinnati.go:166.32,168.20 2 1
github.com/openshift/oc-mirror/v2/pkg/release/cincinnati.go:168.20,170.15 2 0
github.com/openshift/oc-mirror/v2/pkg/release/cincinnati.go:174.6,176.53 3 1
github.com/openshift/oc-mirror/v2/pkg/release/cincinnati.go:176.53,184.7 3 1
github.com/openshift/oc-mirror/v2/pkg/release/cincinnati.go:189.5,189.32 1 1
github.com/openshift/oc-mirror/v2/pkg/release/cincinnati.go:189.32,191.20 2 1
github.com/openshift/oc-mirror/v2/pkg/release/cincinnati.go:191.20,193.15 2 0
github.com/openshift/oc-mirror/v2/pkg/release/cincinnati.go:195.6,196.67 2 1
github.com/openshift/oc-mirror/v2/pkg/release/cincinnati.go:198.5,198.36 1 1
github.com/openshift/oc-mirror/v2/pkg/release/cincinnati.go:199.10,205.5 3 1
github.com/openshift/oc-mirror/v2/pkg/release/cincinnati.go:207.4,208.18 2 1
github.com/openshift/oc-mirror/v2/pkg/release/cincinnati.go:208.18,210.13 2 0
github.com/openshift/oc-mirror/v2/pkg/release/cincinnati.go:212.4,212.47 1 1
github.com/openshift/oc-mirror/v2/pkg/release/cincinnati.go:217.3,217.56 1 1
github.com/openshift/oc-mirror/v2/pkg/release/cincinnati.go:217.56,219.13 2 1
github.com/openshift/oc-mirror/v2/pkg/release/cincinnati.go:219.13,221.5 1 1
github.com/openshift/oc-mirror/v2/pkg/release/cincinnati.go:224.3,224.49 1 1
github.com/openshift/oc-mirror/v2/pkg/release/cincinnati.go:224.49,226.18 2 1
github.com/openshift/oc-mirror/v2/pkg/release/cincinnati.go:226.18,228.13 2 0
github.com/openshift/oc-mirror/v2/pkg/release/cincinnati.go:230.4,231.18 2 1
github.com/openshift/oc-mirror/v2/pkg/release/cincinnati.go:231.18,233.13 2 1
github.com/openshift/oc-mirror/v2/pkg/release/cincinnati.go:235.4,235.50 1 0
github.com/openshift/oc-mirror/v2/pkg/release/cincinnati.go:239.2,240.16 2 1
github.com/openshift/oc-mirror/v2/pkg/release/cincinnati.go:240.16,242.3 1 0
github.com/openshift/oc-mirror/v2/pkg/release/cincinnati.go:244.2,244.25 1 1
github.com/openshift/oc-mirror/v2/pkg/release/cincinnati.go:244.25,246.3 1 1
github.com/openshift/oc-mirror/v2/pkg/release/cincinnati.go:247.2,247.13 1 1
github.com/openshift/oc-mirror/v2/pkg/release/cincinnati.go:251.214,255.34 3 1
github.com/openshift/oc-mirror/v2/pkg/release/cincinnati.go:255.34,256.30 1 0
github.com/openshift/oc-mirror/v2/pkg/release/cincinnati.go:256.30,258.4 1 0
github.com/openshift/oc-mirror/v2/pkg/release/cincinnati.go:260.2,263.16 3 1
github.com/openshift/oc-mirror/v2/pkg/release/cincinnati.go:263.16,265.3 1 0
github.com/openshift/oc-mirror/v2/pkg/release/cincinnati.go:266.2,267.16 2 1
github.com/openshift/oc-mirror/v2/pkg/release/cincinnati.go:267.16,269.3 1 0
github.com/openshift/oc-mirror/v2/pkg/release/cincinnati.go:271.2,272.26 2 1
github.com/openshift/oc-mirror/v2/pkg/release/cincinnati.go:272.26,274.17 2 1
github.com/openshift/oc-mirror/v2/pkg/release/cincinnati.go:274.17,276.4 1 0
github.com/openshift/oc-mirror/v2/pkg/release/cincinnati.go:277.3,277.62 1 1
github.com/openshift/oc-mirror/v2/pkg/release/cincinnati.go:279.8,281.17 2 1
github.com/openshift/oc-mirror/v2/pkg/release/cincinnati.go:281.17,283.4 1 0
github.com/openshift/oc-mirror/v2/pkg/release/cincinnati.go:284.3,285.17 2 1
github.com/openshift/oc-mirror/v2/pkg/release/cincinnati.go:285.17,287.4 1 0
github.com/openshift/oc-mirror/v2/pkg/release/cincinnati.go:288.3,289.17 2 1
github.com/openshift/oc-mirror/v2/pkg/release/cincinnati.go:289.17,291.4 1 0
github.com/openshift/oc-mirror/v2/pkg/release/cincinnati.go:292.3,292.66 1 1
github.com/openshift/oc-mirror/v2/pkg/release/cincinnati.go:294.2,296.23 2 1
github.com/openshift/oc-mirror/v2/pkg/release/cincinnati.go:300.190,304.30 2 1
github.com/openshift/oc-mirror/v2/pkg/release/cincinnati.go:304.30,305.34 1 1
github.com/openshift/oc-mirror/v2/pkg/release/cincinnati.go:305.34,307.4 1 1
github.com/openshift/oc-mirror/v2/pkg/release/cincinnati.go:310.2,310.27 1 1
github.com/openshift/oc-mirror/v2/pkg/release/cincinnati.go:310.27,312.3 1 0
github.com/openshift/oc-mirror/v2/pkg/release/cincinnati.go:314.2,315.16 2 1
github.com/openshift/oc-mirror/v2/pkg/release/cincinnati.go:315.16,317.3 1 0
github.com/openshift/oc-mirror/v2/pkg/release/cincinnati.go:318.2,319.16 2 1
github.com/openshift/oc-mirror/v2/pkg/release/cincinnati.go:319.16,321.3 1 0
github.com/openshift/oc-mirror/v2/pkg/release/cincinnati.go:322.2,323.16 2 1
github.com/openshift/oc-mirror/v2/pkg/release/cincinnati.go:323.16,325.3 1 1
github.com/openshift/oc-mirror/v2/pkg/release/cincinnati.go:326.2,326.58 1 0
github.com/openshift/oc-mirror/v2/pkg/release/cincinnati.go:330.124,332.33 2 1
github.com/openshift/oc-mirror/v2/pkg/release/cincinnati.go:332.33,335.3 2 1
github.com/openshift/oc-mirror/v2/pkg/release/cincinnati.go:337.2,337.25 1 1
github.com/openshift/oc-mirror/v2/pkg/release/cincinnati.go:337.25,339.3 1 1
github.com/openshift/oc-mirror/v2/pkg/release/cincinnati.go:341.2,341.24 1 1
github.com/openshift/oc-mirror/v2/pkg/release/cincinnati.go:341.24,343.3 1 1
github.com/openshift/oc-mirror/v2/pkg/release/cincinnati.go:345.2,345.18 1 1
github.com/openshift/oc-mirror/v2/pkg/release/cincinnati.go:349.141,360.27 6 0
github.com/openshift/oc-mirror/v2/pkg/release/cincinnati.go:360.27,365.17 3 0
github.com/openshift/oc-mirror/v2/pkg/release/cincinnati.go:365.17,366.26 1 0
github.com/openshift/oc-mirror/v2/pkg/release/cincinnati.go:366.26,368.5 1 0
github.com/openshift/oc-mirror/v2/pkg/release/cincinnati.go:371.3,374.21 2 0
github.com/openshift/oc-mirror/v2/pkg/release/cincinnati.go:374.21,379.18 4 0
github.com/openshift/oc-mirror/v2/pkg/release/cincinnati.go:379.18,381.5 1 0
github.com/openshift/oc-mirror/v2/pkg/release/cincinnati.go:382.4,383.40 2 0
github.com/openshift/oc-mirror/v2/pkg/release/cincinnati.go:383.40,387.19 3 0
github.com/openshift/oc-mirror/v2/pkg/release/cincinnati.go:387.19,389.6 1 0
github.com/openshift/oc-mirror/v2/pkg/release/cincinnati.go:393.3,393.20 1 0
github.com/openshift/oc-mirror/v2/pkg/release/cincinnati.go:393.20,396.18 2 0
github.com/openshift/oc-mirror/v2/pkg/release/cincinnati.go:396.18,398.5 1 0
github.com/openshift/oc-mirror/v2/pkg/release/cincinnati.go:399.4,402.18 3 0
github.com/openshift/oc-mirror/v2/pkg/release/cincinnati.go:402.18,404.5 1 0
github.com/openshift/oc-mirror/v2/pkg/release/cincinnati.go:405.4,405.20 1 0
github.com/openshift/oc-mirror/v2/pkg/release/cincinnati.go:405.20,407.5 1 0
github.com/openshift/oc-mirror/v2/pkg/release/cincinnati.go:408.4,409.18 2 0
github.com/openshift/oc-mirror/v2/pkg/release/cincinnati.go:409.18,411.5 1 0
github.com/openshift/oc-mirror/v2/pkg/release/cincinnati.go:412.4,412.32 1 0
github.com/openshift/oc-mirror/v2/pkg/release/cincinnati.go:412.32,414.5 1 0
github.com/openshift/oc-mirror/v2/pkg/release/cincinnati.go:415.4,415.26 1 0
github.com/openshift/oc-mirror/v2/pkg/release/cincinnati.go:415.26,417.5 1 0
github.com/openshift/oc-mirror/v2/pkg/release/cincinnati.go:419.4,432.27 11 0
github.com/openshift/oc-mirror/v2/pkg/release/cincinnati.go:432.27,433.44 1 0
github.com/openshift/oc-mirror/v2/pkg/release/cincinnati.go:433.44,435.34 2 0
github.com/openshift/oc-mirror/v2/pkg/release/cincinnati.go:435.34,437.7 1 0
github.com/openshift/oc-mirror/v2/pkg/release/cincinnati.go:439.10,439.36 1 0
github.com/openshift/oc-mirror/v2/pkg/release/cincinnati.go:439.36,441.5 1 0
github.com/openshift/oc-mirror/v2/pkg/release/cincinnati.go:443.4,447.18 4 0
github.com/openshift/oc-mirror/v2/pkg/release/cincinnati.go:447.18,450.5 2 0
github.com/openshift/oc-mirror/v2/pkg/release/cincinnati.go:451.4,457.19 5 0
github.com/openshift/oc-mirror/v2/pkg/release/cincinnati.go:457.19,459.5 1 0
github.com/openshift/oc-mirror/v2/pkg/release/cincinnati.go:460.4,460.30 1 0
github.com/openshift/oc-mirror/v2/pkg/release/cincinnati.go:461.9,464.4 2 0
github.com/openshift/oc-mirror/v2/pkg/release/cincinnati.go:466.2,466.18 1 0
github.com/openshift/oc-mirror/v2/pkg/release/client.go:32.49,34.88 2 1
github.com/openshift/oc-mirror/v2/pkg/release/client.go:34.88,37.3 2 1
github.com/openshift/oc-mirror/v2/pkg/release/client.go:37.8,39.3 1 1
github.com/openshift/oc-mirror/v2/pkg/release/client.go:40.2,41.16 2 1
github.com/openshift/oc-mirror/v2/pkg/release/client.go:41.16,43.3 1 0
github.com/openshift/oc-mirror/v2/pkg/release/client.go:45.2,46.16 2 1
github.com/openshift/oc-mirror/v2/pkg/release/client.go:46.16,48.3 1 0
github.com/openshift/oc-mirror/v2/pkg/release/client.go:50.2,54.70 2 1
github.com/openshift/oc-mirror/v2/pkg/release/client.go:57.39,59.2 1 1
github.com/openshift/oc-mirror/v2/pkg/release/client.go:61.52,63.2 1 1
github.com/openshift/oc-mirror/v2/pkg/release/client.go:65.39,67.2 1 1
github.com/openshift/oc-mirror/v2/pkg/release/client.go:69.67,77.33 4 1
github.com/openshift/oc-mirror/v2/pkg/release/client.go:77.33,78.18 1 1
github.com/openshift/oc-mirror/v2/pkg/release/client.go:78.18,80.4 1 1
github.com/openshift/oc-mirror/v2/pkg/release/client.go:82.2,82.39 1 1
github.com/openshift/oc-mirror/v2/pkg/release/client.go:94.49,96.16 2 1
github.com/openshift/oc-mirror/v2/pkg/release/client.go:96.16,98.3 1 0
github.com/openshift/oc-mirror/v2/pkg/release/client.go:100.2,101.16 2 1
github.com/openshift/oc-mirror/v2/pkg/release/client.go:101.16,103.3 1 0
github.com/openshift/oc-mirror/v2/pkg/release/client.go:105.2,109.70 2 1
github.com/openshift/oc-mirror/v2/pkg/release/client.go:112.39,114.2 1 1
github.com/openshift/oc-mirror/v2/pkg/release/client.go:116.39,118.2 1 1
github.com/openshift/oc-mirror/v2/pkg/release/client.go:120.52,122.2 1 0
github.com/openshift/oc-mirror/v2/pkg/release/client.go:124.53,126.2 0 1
github.com/openshift/oc-mirror/v2/pkg/release/client.go:128.42,130.16 2 1
github.com/openshift/oc-mirror/v2/pkg/release/client.go:130.16,132.3 1 0
github.com/openshift/oc-mirror/v2/pkg/release/client.go:133.2,137.20 2 1
github.com/openshift/oc-mirror/v2/pkg/release/collector.go:54.22,56.2 1 0
github.com/openshift/oc-mirror/v2/pkg/release/collector.go:71.100,76.33 3 1
github.com/openshift/oc-mirror/v2/pkg/release/collector.go:76.33,79.17 3 1
github.com/openshift/oc-mirror/v2/pkg/release/collector.go:79.17,81.4 1 1
github.com/openshift/oc-mirror/v2/pkg/release/collector.go:83.3,85.34 3 1
github.com/openshift/oc-mirror/v2/pkg/release/collector.go:85.34,90.62 5 1
github.com/openshift/oc-mirror/v2/pkg/release/collector.go:90.62,93.19 3 1
github.com/openshift/oc-mirror/v2/pkg/release/collector.go:93.19,95.6 1 0
github.com/openshift/oc-mirror/v2/pkg/release/collector.go:96.5,99.19 4 1
github.com/openshift/oc-mirror/v2/pkg/release/collector.go:99.19,101.6 1 1
github.com/openshift/oc-mirror/v2/pkg/release/collector.go:102.5,107.29 4 1
github.com/openshift/oc-mirror/v2/pkg/release/collector.go:107.29,108.20 1 1
github.com/openshift/oc-mirror/v2/pkg/release/collector.go:108.20,110.7 1 0
github.com/openshift/oc-mirror/v2/pkg/release/collector.go:112.10,114.5 1 1
github.com/openshift/oc-mirror/v2/pkg/release/collector.go:116.4,117.18 2 1
github.com/openshift/oc-mirror/v2/pkg/release/collector.go:117.18,120.5 2 1
github.com/openshift/oc-mirror/v2/pkg/release/collector.go:123.4,123.31 1 1
github.com/openshift/oc-mirror/v2/pkg/release/collector.go:123.31,125.5 1 0
github.com/openshift/oc-mirror/v2/pkg/release/collector.go:126.4,131.18 5 1
github.com/openshift/oc-mirror/v2/pkg/release/collector.go:131.18,133.5 1 1
github.com/openshift/oc-mirror/v2/pkg/release/collector.go:134.4,138.18 4 1
github.com/openshift/oc-mirror/v2/pkg/release/collector.go:138.18,140.5 1 1
github.com/openshift/oc-mirror/v2/pkg/release/collector.go:141.4,146.18 4 1
github.com/openshift/oc-mirror/v2/pkg/release/collector.go:146.18,148.5 1 0
github.com/openshift/oc-mirror/v2/pkg/release/collector.go:150.4,151.18 2 1
github.com/openshift/oc-mirror/v2/pkg/release/collector.go:151.18,153.5 1 0
github.com/openshift/oc-mirror/v2/pkg/release/collector.go:156.4,156.47 1 1
github.com/openshift/oc-mirror/v2/pkg/release/collector.go:159.2,159.100 1 1
github.com/openshift/oc-mirror/v2/pkg/release/collector.go:159.100,170.17 4 0
github.com/openshift/oc-mirror/v2/pkg/release/collector.go:170.17,172.4 1 0
github.com/openshift/oc-mirror/v2/pkg/release/collector.go:175.3,176.15 2 0
github.com/openshift/oc-mirror/v2/pkg/release/collector.go:176.15,178.4 1 0
github.com/openshift/oc-mirror/v2/pkg/release/collector.go:182.3,184.90 3 0
github.com/openshift/oc-mirror/v2/pkg/release/collector.go:184.90,185.52 1 0
github.com/openshift/oc-mirror/v2/pkg/release/collector.go:185.52,188.21 3 0
github.com/openshift/oc-mirror/v2/pkg/release/collector.go:188.21,192.6 3 0
github.com/openshift/oc-mirror/v2/pkg/release/collector.go:192.11,194.6 1 0
github.com/openshift/oc-mirror/v2/pkg/release/collector.go:195.10,195.25 1 0
github.com/openshift/oc-mirror/v2/pkg/release/collector.go:195.25,197.5 1 0
github.com/openshift/oc-mirror/v2/pkg/release/collector.go:198.4,198.14 1 0
github.com/openshift/oc-mirror/v2/pkg/release/collector.go:200.3,200.19 1 0
github.com/openshift/oc-mirror/v2/pkg/release/collector.go:200.19,202.4 1 0
github.com/openshift/oc-mirror/v2/pkg/release/collector.go:204.2,204.23 1 1
github.com/openshift/oc-mirror/v2/pkg/release/collector.go:208.141,210.29 2 1
github.com/openshift/oc-mirror/v2/pkg/release/collector.go:210.29,214.85 3 1
github.com/openshift/oc-mirror/v2/pkg/release/collector.go:214.85,216.18 2 1
github.com/openshift/oc-mirror/v2/pkg/release/collector.go:216.18,219.5 2 0
github.com/openshift/oc-mirror/v2/pkg/release/collector.go:220.4,222.85 3 1
github.com/openshift/oc-mirror/v2/pkg/release/collector.go:223.9,225.4 1 0
github.com/openshift/oc-mirror/v2/pkg/release/collector.go:228.2,228.20 1 1
github.com/openshift/oc-mirror/v2/pkg/release/collector.go:232.73,233.27 1 0
github.com/openshift/oc-mirror/v2/pkg/release/collector.go:233.27,234.23 1 0
github.com/openshift/oc-mirror/v2/pkg/release/collector.go:234.23,237.4 2 0
github.com/openshift/oc-mirror/v2/pkg/release/collector.go:239.2,239.11 1 0
github.com/openshift/oc-mirror/v2/pkg/release/core-cincinnati.go:47.34,49.2 1 1
github.com/openshift/oc-mirror/v2/pkg/release/core-cincinnati.go:58.158,65.16 5 1
github.com/openshift/oc-mirror/v2/pkg/release/core-cincinnati.go:65.16,71.3 1 0
github.com/openshift/oc-mirror/v2/pkg/release/core-cincinnati.go:74.2,76.35 3 1
github.com/openshift/oc-mirror/v2/pkg/release/core-cincinnati.go:76.35,77.31 1 1
github.com/openshift/oc-mirror/v2/pkg/release/core-cincinnati.go:77.31,81.9 4 1
github.com/openshift/oc-mirror/v2/pkg/release/core-cincinnati.go:84.2,84.12 1 1
github.com/openshift/oc-mirror/v2/pkg/release/core-cincinnati.go:84.12,89.3 1 1
github.com/openshift/oc-mirror/v2/pkg/release/core-cincinnati.go:91.2,93.35 3 1
github.com/openshift/oc-mirror/v2/pkg/release/core-cincinnati.go:93.35,94.30 1 1
github.com/openshift/oc-mirror/v2/pkg/release/core-cincinnati.go:94.30,98.9 4 1
github.com/openshift/oc-mirror/v2/pkg/release/core-cincinnati.go:101.2,101.12 1 1
github.com/openshift/oc-mirror/v2/pkg/release/core-cincinnati.go:101.12,106.3 1 1
github.com/openshift/oc-mirror/v2/pkg/release/core-cincinnati.go:108.2,109.35 2 1
github.com/openshift/oc-mirror/v2/pkg/release/core-cincinnati.go:109.35,111.3 1 1
github.com/openshift/oc-mirror/v2/pkg/release/core-cincinnati.go:114.2,114.50 1 1
github.com/openshift/oc-mirror/v2/pkg/release/core-cincinnati.go:114.50,115.48 1 1
github.com/openshift/oc-mirror/v2/pkg/release/core-cincinnati.go:115.48,117.4 1 1
github.com/openshift/oc-mirror/v2/pkg/release/core-cincinnati.go:118.3,118.39 1 1
github.com/openshift/oc-mirror/v2/pkg/release/core-cincinnati.go:121.2,121.62 1 1
github.com/openshift/oc-mirror/v2/pkg/release/core-cincinnati.go:121.62,128.22 6 1
github.com/openshift/oc-mirror/v2/pkg/release/core-cincinnati.go:128.22,131.19 3 1
github.com/openshift/oc-mirror/v2/pkg/release/core-cincinnati.go:131.19,132.10 1 1
github.com/openshift/oc-mirror/v2/pkg/release/core-cincinnati.go:135.4,135.37 1 1
github.com/openshift/oc-mirror/v2/pkg/release/core-cincinnati.go:135.37,136.40 1 1
github.com/openshift/oc-mirror/v2/pkg/release/core-cincinnati.go:136.40,140.6 3 1
github.com/openshift/oc-mirror/v2/pkg/release/core-cincinnati.go:145.3,145.33 1 1
github.com/openshift/oc-mirror/v2/pkg/release/core-cincinnati.go:145.33,147.4 1 1
github.com/openshift/oc-mirror/v2/pkg/release/core-cincinnati.go:149.3,150.56 2 1
github.com/openshift/oc-mirror/v2/pkg/release/core-cincinnati.go:150.56,152.4 1 1
github.com/openshift/oc-mirror/v2/pkg/release/core-cincinnati.go:155.3,155.54 1 1
github.com/openshift/oc-mirror/v2/pkg/release/core-cincinnati.go:155.54,157.4 1 1
github.com/openshift/oc-mirror/v2/pkg/release/core-cincinnati.go:159.3,159.14 1 1
github.com/openshift/oc-mirror/v2/pkg/release/core-cincinnati.go:162.2,165.29 3 1
github.com/openshift/oc-mirror/v2/pkg/release/core-cincinnati.go:165.29,167.3 1 1
github.com/openshift/oc-mirror/v2/pkg/release/core-cincinnati.go:169.2,169.41 1 1
github.com/openshift/oc-mirror/v2/pkg/release/core-cincinnati.go:174.165,175.36 1 1
github.com/openshift/oc-mirror/v2/pkg/release/core-cincinnati.go:175.36,177.3 1 1
github.com/openshift/oc-mirror/v2/pkg/release/core-cincinnati.go:181.2,182.16 2 1
github.com/openshift/oc-mirror/v2/pkg/release/core-cincinnati.go:182.16,184.3 1 0
github.com/openshift/oc-mirror/v2/pkg/release/core-cincinnati.go:185.2,185.23 1 1
github.com/openshift/oc-mirror/v2/pkg/release/core-cincinnati.go:185.23,187.17 2 1
github.com/openshift/oc-mirror/v2/pkg/release/core-cincinnati.go:187.17,189.4 1 0
github.com/openshift/oc-mirror/v2/pkg/release/core-cincinnati.go:190.3,190.16 1 1
github.com/openshift/oc-mirror/v2/pkg/release/core-cincinnati.go:190.16,195.4 2 0
github.com/openshift/oc-mirror/v2/pkg/release/core-cincinnati.go:196.3,196.67 1 1
github.com/openshift/oc-mirror/v2/pkg/release/core-cincinnati.go:202.2,203.16 2 1
github.com/openshift/oc-mirror/v2/pkg/release/core-cincinnati.go:203.16,205.3 1 1
github.com/openshift/oc-mirror/v2/pkg/release/core-cincinnati.go:206.2,207.16 2 1
github.com/openshift/oc-mirror/v2/pkg/release/core-cincinnati.go:207.16,209.3 1 1
github.com/openshift/oc-mirror/v2/pkg/release/core-cincinnati.go:211.2,212.16 2 1
github.com/openshift/oc-mirror/v2/pkg/release/core-cincinnati.go:212.16,214.3 1 1
github.com/openshift/oc-mirror/v2/pkg/release/core-cincinnati.go:215.2,219.35 4 1
github.com/openshift/oc-mirror/v2/pkg/release/core-cincinnati.go:219.35,220.40 1 1
github.com/openshift/oc-mirror/v2/pkg/release/core-cincinnati.go:220.40,223.4 2 1
github.com/openshift/oc-mirror/v2/pkg/release/core-cincinnati.go:226.2,226.47 1 1
github.com/openshift/oc-mirror/v2/pkg/release/core-cincinnati.go:231.172,233.16 2 1
github.com/openshift/oc-mirror/v2/pkg/release/core-cincinnati.go:233.16,235.3 1 0
github.com/openshift/oc-mirror/v2/pkg/release/core-cincinnati.go:238.2,242.23 4 1
github.com/openshift/oc-mirror/v2/pkg/release/core-cincinnati.go:242.23,249.3 2 1
github.com/openshift/oc-mirror/v2/pkg/release/core-cincinnati.go:249.8,251.17 2 1
github.com/openshift/oc-mirror/v2/pkg/release/core-cincinnati.go:251.17,253.4 1 0
github.com/openshift/oc-mirror/v2/pkg/release/core-cincinnati.go:256.2,257.16 2 1
github.com/openshift/oc-mirror/v2/pkg/release/core-cincinnati.go:257.16,259.3 1 0
github.com/openshift/oc-mirror/v2/pkg/release/core-cincinnati.go:260.2,260.15 1 1
github.com/openshift/oc-mirror/v2/pkg/release/core-cincinnati.go:260.15,267.3 3 1
github.com/openshift/oc-mirror/v2/pkg/release/core-cincinnati.go:269.2,271.16 3 1
github.com/openshift/oc-mirror/v2/pkg/release/core-cincinnati.go:271.16,273.3 1 0
github.com/openshift/oc-mirror/v2/pkg/release/core-cincinnati.go:275.2,275.23 1 1
github.com/openshift/oc-mirror/v2/pkg/release/core-cincinnati.go:275.23,277.3 1 1
github.com/openshift/oc-mirror/v2/pkg/release/core-cincinnati.go:279.2,280.16 2 1
github.com/openshift/oc-mirror/v2/pkg/release/core-cincinnati.go:280.16,282.3 1 0
github.com/openshift/oc-mirror/v2/pkg/release/core-cincinnati.go:283.2,286.33 3 1
github.com/openshift/oc-mirror/v2/pkg/release/core-cincinnati.go:291.123,293.16 2 1
github.com/openshift/oc-mirror/v2/pkg/release/core-cincinnati.go:293.16,295.3 1 0
github.com/openshift/oc-mirror/v2/pkg/release/core-cincinnati.go:296.2,296.33 1 1
github.com/openshift/oc-mirror/v2/pkg/release/core-cincinnati.go:296.33,297.21 1 1
github.com/openshift/oc-mirror/v2/pkg/release/core-cincinnati.go:297.21,299.4 1 1
github.com/openshift/oc-mirror/v2/pkg/release/core-cincinnati.go:301.2,301.18 1 1
github.com/openshift/oc-mirror/v2/pkg/release/core-cincinnati.go:306.123,309.21 2 1
github.com/openshift/oc-mirror/v2/pkg/release/core-cincinnati.go:309.21,311.3 1 0
github.com/openshift/oc-mirror/v2/pkg/release/core-cincinnati.go:312.2,313.21 2 1
github.com/openshift/oc-mirror/v2/pkg/release/core-cincinnati.go:313.21,315.3 1 1
github.com/openshift/oc-mirror/v2/pkg/release/core-cincinnati.go:316.2,317.16 2 1
github.com/openshift/oc-mirror/v2/pkg/release/core-cincinnati.go:317.16,319.3 1 0
github.com/openshift/oc-mirror/v2/pkg/release/core-cincinnati.go:320.2,321.16 2 1
github.com/openshift/oc-mirror/v2/pkg/release/core-cincinnati.go:321.16,323.3 1 0
github.com/openshift/oc-mirror/v2/pkg/release/core-cincinnati.go:324.2,325.36 2 1
github.com/openshift/oc-mirror/v2/pkg/release/core-cincinnati.go:330.119,335.16 3 1
github.com/openshift/oc-mirror/v2/pkg/release/core-cincinnati.go:335.16,341.3 1 0
github.com/openshift/oc-mirror/v2/pkg/release/core-cincinnati.go:344.2,345.75 2 1
github.com/openshift/oc-mirror/v2/pkg/release/core-cincinnati.go:345.75,348.17 3 0
github.com/openshift/oc-mirror/v2/pkg/release/core-cincinnati.go:348.17,354.4 1 0
github.com/openshift/oc-mirror/v2/pkg/release/core-cincinnati.go:357.2,358.35 2 1
github.com/openshift/oc-mirror/v2/pkg/release/core-cincinnati.go:358.35,359.81 1 1
github.com/openshift/oc-mirror/v2/pkg/release/core-cincinnati.go:359.81,361.4 1 1
github.com/openshift/oc-mirror/v2/pkg/release/core-cincinnati.go:364.2,366.20 2 1
github.com/openshift/oc-mirror/v2/pkg/release/core-cincinnati.go:366.20,371.3 1 1
github.com/openshift/oc-mirror/v2/pkg/release/core-cincinnati.go:373.2,373.9 1 1
github.com/openshift/oc-mirror/v2/pkg/release/core-cincinnati.go:373.9,375.3 1 1
github.com/openshift/oc-mirror/v2/pkg/release/core-cincinnati.go:377.2,377.31 1 1
github.com/openshift/oc-mirror/v2/pkg/release/core-cincinnati.go:382.94,387.16 3 0
github.com/openshift/oc-mirror/v2/pkg/release/core-cincinnati.go:387.16,393.3 1 0
github.com/openshift/oc-mirror/v2/pkg/release/core-cincinnati.go:395.2,397.35 2 0
github.com/openshift/oc-mirror/v2/pkg/release/core-cincinnati.go:397.35,400.52 2 0
github.com/openshift/oc-mirror/v2/pkg/release/core-cincinnati.go:400.52,402.4 1 0
github.com/openshift/oc-mirror/v2/pkg/release/core-cincinnati.go:405.2,405.22 1 0
github.com/openshift/oc-mirror/v2/pkg/release/core-cincinnati.go:410.97,415.16 3 1
github.com/openshift/oc-mirror/v2/pkg/release/core-cincinnati.go:415.16,421.3 1 0
github.com/openshift/oc-mirror/v2/pkg/release/core-cincinnati.go:423.2,424.35 2 1
github.com/openshift/oc-mirror/v2/pkg/release/core-cincinnati.go:424.35,427.3 1 1
github.com/openshift/oc-mirror/v2/pkg/release/core-cincinnati.go:429.2,429.20 1 1
github.com/openshift/oc-mirror/v2/pkg/release/core-cincinnati.go:429.20,434.3 1 1
github.com/openshift/oc-mirror/v2/pkg/release/core-cincinnati.go:436.2,438.18 2 1
github.com/openshift/oc-mirror/v2/pkg/release/core-cincinnati.go:442.121,447.16 3 1
github.com/openshift/oc-mirror/v2/pkg/release/core-cincinnati.go:447.16,453.3 1 0
github.com/openshift/oc-mirror/v2/pkg/release/core-cincinnati.go:456.2,457.35 2 1
github.com/openshift/oc-mirror/v2/pkg/release/core-cincinnati.go:457.35,458.32 1 1
github.com/openshift/oc-mirror/v2/pkg/release/core-cincinnati.go:458.32,460.4 1 1
github.com/openshift/oc-mirror/v2/pkg/release/core-cincinnati.go:463.2,463.21 1 1
github.com/openshift/oc-mirror/v2/pkg/release/core-cincinnati.go:467.75,472.16 4 1
github.com/openshift/oc-mirror/v2/pkg/release/core-cincinnati.go:472.16,474.3 1 0
github.com/openshift/oc-mirror/v2/pkg/release/core-cincinnati.go:475.2,476.58 2 1
github.com/openshift/oc-mirror/v2/pkg/release/core-cincinnati.go:476.58,477.56 1 1
github.com/openshift/oc-mirror/v2/pkg/release/core-cincinnati.go:477.56,479.4 1 1
github.com/openshift/oc-mirror/v2/pkg/release/core-cincinnati.go:484.2,484.48 1 1
github.com/openshift/oc-mirror/v2/pkg/release/core-cincinnati.go:484.48,486.33 2 1
github.com/openshift/oc-mirror/v2/pkg/release/core-cincinnati.go:486.33,488.4 1 0
github.com/openshift/oc-mirror/v2/pkg/release/core-cincinnati.go:491.2,492.22 2 1
github.com/openshift/oc-mirror/v2/pkg/release/core-cincinnati.go:492.22,494.3 1 1
github.com/openshift/oc-mirror/v2/pkg/release/core-cincinnati.go:495.2,498.16 4 1
github.com/openshift/oc-mirror/v2/pkg/release/core-cincinnati.go:498.16,500.3 1 0
github.com/openshift/oc-mirror/v2/pkg/release/core-cincinnati.go:501.2,503.38 2 1
github.com/openshift/oc-mirror/v2/pkg/release/core-cincinnati.go:503.38,505.3 1 0
github.com/openshift/oc-mirror/v2/pkg/release/core-cincinnati.go:508.2,509.16 2 1
github.com/openshift/oc-mirror/v2/pkg/release/core-cincinnati.go:509.16,511.3 1 0
github.com/openshift/oc-mirror/v2/pkg/release/core-cincinnati.go:513.2,513.52 1 1
github.com/openshift/oc-mirror/v2/pkg/release/core-cincinnati.go:513.52,515.3 1 0
github.com/openshift/oc-mirror/v2/pkg/release/core-cincinnati.go:517.2,517.19 1 1
github.com/openshift/oc-mirror/v2/pkg/release/core-cincinnati.go:539.49,541.54 2 1
github.com/openshift/oc-mirror/v2/pkg/release/core-cincinnati.go:541.54,543.3 1 0
github.com/openshift/oc-mirror/v2/pkg/release/core-cincinnati.go:545.2,545.22 1 1
github.com/openshift/oc-mirror/v2/pkg/release/core-cincinnati.go:545.22,547.3 1 0
github.com/openshift/oc-mirror/v2/pkg/release/core-cincinnati.go:549.2,552.12 3 1
github.com/openshift/oc-mirror/v2/pkg/release/find.go:16.96,18.16 2 1
github.com/openshift/oc-mirror/v2/pkg/release/find.go:18.16,20.3 1 1
github.com/openshift/oc-mirror/v2/pkg/release/find.go:22.2,23.22 2 1
github.com/openshift/oc-mirror/v2/pkg/release/find.go:23.22,25.3 1 1
github.com/openshift/oc-mirror/v2/pkg/release/find.go:26.2,26.9 1 1
github.com/openshift/oc-mirror/v2/pkg/release/find.go:26.9,27.40 1 1
github.com/openshift/oc-mirror/v2/pkg/release/find.go:27.40,29.4 1 1
github.com/openshift/oc-mirror/v2/pkg/release/find.go:30.8,31.40 1 1
github.com/openshift/oc-mirror/v2/pkg/release/find.go:31.40,33.4 1 1
github.com/openshift/oc-mirror/v2/pkg/release/find.go:36.2,36.56 1 1
github.com/openshift/oc-mirror/v2/pkg/release/find.go:39.100,41.24 2 1
github.com/openshift/oc-mirror/v2/pkg/release/find.go:41.24,43.3 1 1
github.com/openshift/oc-mirror/v2/pkg/release/find.go:45.2,45.30 1 1
github.com/openshift/oc-mirror/v2/pkg/release/find.go:45.30,48.10 2 1
github.com/openshift/oc-mirror/v2/pkg/release/find.go:48.10,50.4 1 1
github.com/openshift/oc-mirror/v2/pkg/release/find.go:51.3,52.17 2 1
github.com/openshift/oc-mirror/v2/pkg/release/find.go:52.17,54.4 1 0
github.com/openshift/oc-mirror/v2/pkg/release/find.go:55.3,55.28 1 1
github.com/openshift/oc-mirror/v2/pkg/release/find.go:58.2,58.18 1 1
github.com/openshift/oc-mirror/v2/pkg/release/local_stored_collector.go:37.22,39.2 1 0
github.com/openshift/oc-mirror/v2/pkg/release/local_stored_collector.go:51.112,55.33 4 1
github.com/openshift/oc-mirror/v2/pkg/release/local_stored_collector.go:55.33,65.17 4 1
github.com/openshift/oc-mirror/v2/pkg/release/local_stored_collector.go:65.17,67.4 1 1
github.com/openshift/oc-mirror/v2/pkg/release/local_stored_collector.go:69.3,71.34 3 1
github.com/openshift/oc-mirror/v2/pkg/release/local_stored_collector.go:71.34,76.62 5 1
github.com/openshift/oc-mirror/v2/pkg/release/local_stored_collector.go:76.62,79.19 3 1
github.com/openshift/oc-mirror/v2/pkg/release/local_stored_collector.go:79.19,81.6 1 0
github.com/openshift/oc-mirror/v2/pkg/release/local_stored_collector.go:82.5,85.19 4 1
github.com/openshift/oc-mirror/v2/pkg/release/local_stored_collector.go:85.19,87.6 1 1
github.com/openshift/oc-mirror/v2/pkg/release/local_stored_collector.go:89.5,99.29 6 0
github.com/openshift/oc-mirror/v2/pkg/release/local_stored_collector.go:99.29,100.20 1 0
github.com/openshift/oc-mirror/v2/pkg/release/local_stored_collector.go:100.20,102.7 1 0
github.com/openshift/oc-mirror/v2/pkg/release/local_stored_collector.go:104.10,106.5 1 1
github.com/openshift/oc-mirror/v2/pkg/release/local_stored_collector.go:108.4,109.18 2 1
github.com/openshift/oc-mirror/v2/pkg/release/local_stored_collector.go:109.18,112.5 2 1
github.com/openshift/oc-mirror/v2/pkg/release/local_stored_collector.go:115.4,115.31 1 1
github.com/openshift/oc-mirror/v2/pkg/release/local_stored_collector.go:115.31,117.5 1 0
github.com/openshift/oc-mirror/v2/pkg/release/local_stored_collector.go:118.4,123.18 5 1
github.com/openshift/oc-mirror/v2/pkg/release/local_stored_collector.go:123.18,125.5 1 1
github.com/openshift/oc-mirror/v2/pkg/release/local_stored_collector.go:126.4,130.18 4 1
github.com/openshift/oc-mirror/v2/pkg/release/local_stored_collector.go:130.18,132.5 1 1
github.com/openshift/oc-mirror/v2/pkg/release/local_stored_collector.go:133.4,138.18 4 1
github.com/openshift/oc-mirror/v2/pkg/release/local_stored_collector.go:138.18,140.5 1 0
github.com/openshift/oc-mirror/v2/pkg/release/local_stored_collector.go:142.4,144.18 3 1
github.com/openshift/oc-mirror/v2/pkg/release/local_stored_collector.go:144.18,146.5 1 0
github.com/openshift/oc-mirror/v2/pkg/release/local_stored_collector.go:147.4,147.50 1 1
github.com/openshift/oc-mirror/v2/pkg/release/local_stored_collector.go:152.3,153.17 2 1
github.com/openshift/oc-mirror/v2/pkg/release/local_stored_collector.go:153.17,155.4 1 0
github.com/openshift/oc-mirror/v2/pkg/release/local_stored_collector.go:156.8,156.40 1 1
github.com/openshift/oc-mirror/v2/pkg/release/local_stored_collector.go:156.40,159.17 2 1
github.com/openshift/oc-mirror/v2/pkg/release/local_stored_collector.go:159.17,161.4 1 0
github.com/openshift/oc-mirror/v2/pkg/release/local_stored_collector.go:162.3,163.39 2 1
github.com/openshift/oc-mirror/v2/pkg/release/local_stored_collector.go:163.39,168.18 3 1
github.com/openshift/oc-mirror/v2/pkg/release/local_stored_collector.go:168.18,170.5 1 0
github.com/openshift/oc-mirror/v2/pkg/release/local_stored_collector.go:174.4,175.18 2 1
github.com/openshift/oc-mirror/v2/pkg/release/local_stored_collector.go:175.18,177.5 1 0
github.com/openshift/oc-mirror/v2/pkg/release/local_stored_collector.go:178.4,178.50 1 1
github.com/openshift/oc-mirror/v2/pkg/release/local_stored_collector.go:182.2,182.23 1 1
github.com/openshift/oc-mirror/v2/pkg/release/local_stored_collector.go:185.156,187.29 2 1
github.com/openshift/oc-mirror/v2/pkg/release/local_stored_collector.go:187.29,198.31 5 1
github.com/openshift/oc-mirror/v2/pkg/release/local_stored_collector.go:198.31,200.4 1 0
github.com/openshift/oc-mirror/v2/pkg/release/local_stored_collector.go:201.3,214.29 3 1
github.com/openshift/oc-mirror/v2/pkg/release/local_stored_collector.go:214.29,216.4 1 0
github.com/openshift/oc-mirror/v2/pkg/release/local_stored_collector.go:218.3,220.83 3 1
github.com/openshift/oc-mirror/v2/pkg/release/local_stored_collector.go:223.2,223.20 1 1
github.com/openshift/oc-mirror/v2/pkg/release/local_stored_collector.go:226.156,228.29 2 1
github.com/openshift/oc-mirror/v2/pkg/release/local_stored_collector.go:228.29,231.36 3 1
github.com/openshift/oc-mirror/v2/pkg/release/local_stored_collector.go:231.36,233.4 1 1
github.com/openshift/oc-mirror/v2/pkg/release/local_stored_collector.go:233.9,236.4 2 0
github.com/openshift/oc-mirror/v2/pkg/release/local_stored_collector.go:238.3,241.84 4 1
github.com/openshift/oc-mirror/v2/pkg/release/local_stored_collector.go:243.2,243.20 1 1
github.com/openshift/oc-mirror/v2/pkg/release/local_stored_collector.go:246.76,255.16 6 1
github.com/openshift/oc-mirror/v2/pkg/release/local_stored_collector.go:255.16,257.3 1 0
github.com/openshift/oc-mirror/v2/pkg/release/local_stored_collector.go:259.2,260.16 2 1
github.com/openshift/oc-mirror/v2/pkg/release/local_stored_collector.go:260.16,262.3 1 0
github.com/openshift/oc-mirror/v2/pkg/release/local_stored_collector.go:264.2,266.36 3 1
github.com/openshift/oc-mirror/v2/pkg/release/local_stored_collector.go:266.36,271.3 4 1
github.com/openshift/oc-mirror/v2/pkg/release/local_stored_collector.go:272.2,272.28 1 1
github.com/openshift/oc-mirror/v2/pkg/release/local_stored_collector.go:275.93,277.16 2 1
github.com/openshift/oc-mirror/v2/pkg/release/local_stored_collector.go:277.16,279.3 1 0
github.com/openshift/oc-mirror/v2/pkg/release/local_stored_collector.go:280.2,283.59 3 1
github.com/openshift/oc-mirror/v2/pkg/release/local_stored_collector.go:283.59,286.17 3 0
github.com/openshift/oc-mirror/v2/pkg/release/local_stored_collector.go:286.17,288.4 1 0
github.com/openshift/oc-mirror/v2/pkg/release/local_stored_collector.go:291.2,292.16 2 1
github.com/openshift/oc-mirror/v2/pkg/release/local_stored_collector.go:292.16,294.3 1 0
github.com/openshift/oc-mirror/v2/pkg/release/local_stored_collector.go:295.2,298.16 3 1
github.com/openshift/oc-mirror/v2/pkg/release/local_stored_collector.go:298.16,300.3 1 0
github.com/openshift/oc-mirror/v2/pkg/release/local_stored_collector.go:301.2,301.12 1 1
